Log file open, 12/14/19 21:44:21
LogWindows: Failed to load 'aqProf.dll' (GetLastError=126)
LogWindows: File 'aqProf.dll' does not exist
LogWindows: Failed to load 'VtuneApi.dll' (GetLastError=126)
LogWindows: File 'VtuneApi.dll' does not exist
LogWindows: Failed to load 'VtuneApi32e.dll' (GetLastError=126)
LogWindows: File 'VtuneApi32e.dll' does not exist
LogConsoleResponse: Display: Failed to find resolution value strings in scalability ini. Falling back to default.
LogInit: Display: Running engine for game: Sangonera
LogPlatformFile: Not using cached read wrapper
LogTaskGraph: Started task graph with 5 named threads and 23 total threads with 3 sets of task threads.
LogStats: Stats thread started at 0.063122
LogD3D11RHI: Loaded GFSDK_Aftermath_Lib.x64.dll
LogICUInternationalization: ICU TimeZone Detection - Raw Offset: +1:00, Platform Override: ''
LogPluginManager: Mounting plugin Paper2D
LogPluginManager: Mounting plugin AISupport
LogPluginManager: Mounting plugin LightPropagationVolume
LogPluginManager: Mounting plugin ActorLayerUtilities
LogPluginManager: Mounting plugin AnimationSharing
LogPluginManager: Mounting plugin CLionSourceCodeAccess
LogPluginManager: Mounting plugin CodeLiteSourceCodeAccess
LogPluginManager: Mounting plugin GitSourceControl
LogPluginManager: Mounting plugin KDevelopSourceCodeAccess
LogPluginManager: Mounting plugin NullSourceCodeAccess
LogPluginManager: Mounting plugin PerforceSourceControl
LogPluginManager: Mounting plugin SubversionSourceControl
LogPluginManager: Mounting plugin UObjectPlugin
LogPluginManager: Mounting plugin VisualStudioCodeSourceCodeAccess
LogPluginManager: Mounting plugin VisualStudioSourceCodeAccess
LogPluginManager: Mounting plugin XCodeSourceCodeAccess
LogPluginManager: Mounting plugin AssetManagerEditor
LogPluginManager: Mounting plugin CryptoKeys
LogPluginManager: Mounting plugin CurveEditorTools
LogPluginManager: Mounting plugin DataValidation
LogPluginManager: Mounting plugin FacialAnimation
LogPluginManager: Mounting plugin GameplayTagsEditor
LogPluginManager: Mounting plugin MacGraphicsSwitching
LogPluginManager: Mounting plugin MaterialAnalyzer
LogPluginManager: Mounting plugin MobileLauncherProfileWizard
LogPluginManager: Mounting plugin PluginBrowser
LogPluginManager: Mounting plugin SpeedTreeImporter
LogPluginManager: Mounting plugin DatasmithContent
LogPluginManager: Mounting plugin VariantManagerContent
LogPluginManager: Mounting plugin AlembicImporter
LogPluginManager: Mounting plugin AutomationUtils
LogPluginManager: Mounting plugin BackChannel
LogPluginManager: Mounting plugin CharacterAI
LogPluginManager: Mounting plugin GeometryCache
LogPluginManager: Mounting plugin HTML5Networking
LogPluginManager: Mounting plugin PlatformCrypto
LogPluginManager: Mounting plugin ProxyLODPlugin
LogPluginManager: Mounting plugin SkeletalReduction
LogPluginManager: Mounting plugin MagicLeap
LogPluginManager: Mounting plugin MagicLeapMedia
LogPluginManager: Mounting plugin AndroidMedia
LogPluginManager: Mounting plugin AvfMedia
LogPluginManager: Mounting plugin ImgMedia
LogPluginManager: Mounting plugin MediaCompositing
LogPluginManager: Mounting plugin MediaPlayerEditor
LogPluginManager: Mounting plugin WebMMedia
LogPluginManager: Mounting plugin WmfMedia
LogPluginManager: Mounting plugin TcpMessaging
LogPluginManager: Mounting plugin UdpMessaging
LogPluginManager: Mounting plugin ActorSequence
LogPluginManager: Mounting plugin LevelSequenceEditor
LogPluginManager: Mounting plugin MatineeToLevelSequence
LogPluginManager: Mounting plugin NetcodeUnitTest
LogPluginManager: Mounting plugin NUTUnrealEngine4
LogPluginManager: Mounting plugin OnlineSubsystemGooglePlay
LogPluginManager: Mounting plugin OnlineSubsystemIOS
LogPluginManager: Mounting plugin OnlineSubsystem
LogPluginManager: Mounting plugin OnlineSubsystemNull
LogPluginManager: Mounting plugin OnlineSubsystemUtils
LogPluginManager: Mounting plugin LauncherChunkInstaller
LogPluginManager: Mounting plugin AndroidDeviceProfileSelector
LogPluginManager: Mounting plugin AndroidMoviePlayer
LogPluginManager: Mounting plugin AndroidPermission
LogPluginManager: Mounting plugin AppleImageUtils
LogPluginManager: Mounting plugin AppleMoviePlayer
LogPluginManager: Mounting plugin ArchVisCharacter
LogPluginManager: Mounting plugin AudioCapture
LogPluginManager: Mounting plugin CableComponent
LogPluginManager: Mounting plugin CustomMeshComponent
LogPluginManager: Mounting plugin EditableMesh
LogPluginManager: Mounting plugin ExampleDeviceProfileSelector
LogPluginManager: Mounting plugin GoogleCloudMessaging
LogPluginManager: Mounting plugin IOSDeviceProfileSelector
LogPluginManager: Mounting plugin LinuxDeviceProfileSelector
LogPluginManager: Mounting plugin LocationServicesBPLibrary
LogPluginManager: Mounting plugin MobilePatchingUtils
LogPluginManager: Mounting plugin OculusVR
LogPluginManager: Mounting plugin PhysXVehicles
LogPluginManager: Mounting plugin ProceduralMeshComponent
LogPluginManager: Mounting plugin RuntimePhysXCooking
LogPluginManager: Mounting plugin SignificanceManager
LogPluginManager: Mounting plugin SteamVR
LogPluginManager: Mounting plugin WebMMoviePlayer
LogPluginManager: Mounting plugin WindowsMoviePlayer
LogPluginManager: Mounting plugin ScreenshotTools
LogInit: Using libcurl 7.55.1-DEV
LogInit:  - built for x86_64-pc-win32
LogInit:  - supports SSL with OpenSSL/1.1.1
LogInit:  - supports HTTP deflate (compression) using libz 1.2.8
LogInit:  - other features:
LogInit:      CURL_VERSION_SSL
LogInit:      CURL_VERSION_LIBZ
LogInit:      CURL_VERSION_IPV6
LogInit:      CURL_VERSION_ASYNCHDNS
LogInit:      CURL_VERSION_LARGEFILE
LogInit:      CURL_VERSION_IDN
LogInit:  CurlRequestOptions (configurable via config and command line):
LogInit:  - bVerifyPeer = true  - Libcurl will verify peer certificate
LogInit:  - bUseHttpProxy = false  - Libcurl will NOT use HTTP proxy
LogInit:  - bDontReuseConnections = false  - Libcurl will reuse connections
LogInit:  - MaxHostConnections = 16  - Libcurl will limit the number of connections to a host
LogInit:  - LocalHostAddr = Default
LogInit:  - BufferSize = 65536
LogOnline: OSS: Creating online subsystem instance for: NULL
LogInit: WinSock: version 1.1 (2.2), MaxSocks=32767, MaxUdp=65467
LogHMD: Failed initializing OVRPlugin 1.37.0
LogInit: Build: ++UE4+Release-4.23-CL-9631420
LogInit: Engine Version: 4.23.1-9631420+++UE4+Release-4.23
LogInit: Compatible Engine Version: 4.23.0-8386587+++UE4+Release-4.23
LogInit: Net CL: 8386587
LogInit: OS: Windows 10 (Release 1809) (), CPU: Intel(R) Core(TM) i7-7700 CPU @ 3.60GHz, GPU: NVIDIA GeForce GTX 1080
LogInit: Compiled (64-bit): Oct 18 2019 02:07:44
LogInit: Compiled with Visual C++: 19.16.27030.01
LogInit: Build Configuration: Development
LogInit: Branch Name: ++UE4+Release-4.23
LogInit: Command Line:  -EpicPortal -epicusername=LordFalconYT -epicuserid=f0ab9611dc96463cb2d1d04728419348 -epiclocale=es-MX
LogInit: Base Directory: E:/Epic Games/UE_4.23/Engine/Binaries/Win64/
LogInit: Installed Engine Build: 1
LogDevObjectVersion: Number of dev versions registered: 23
LogDevObjectVersion:   Dev-Blueprints (B0D832E4-1F89-4F0D-ACCF-7EB736FD4AA2): 10
LogDevObjectVersion:   Dev-Build (E1C64328-A22C-4D53-A36C-8E866417BD8C): 0
LogDevObjectVersion:   Dev-Core (375EC13C-06E4-48FB-B500-84F0262A717E): 3
LogDevObjectVersion:   Dev-Editor (E4B068ED-F494-42E9-A231-DA0B2E46BB41): 34
LogDevObjectVersion:   Dev-Framework (CFFC743F-43B0-4480-9391-14DF171D2073): 35
LogDevObjectVersion:   Dev-Mobile (B02B49B5-BB20-44E9-A304-32B752E40360): 2
LogDevObjectVersion:   Dev-Networking (A4E4105C-59A1-49B5-A7C5-40C4547EDFEE): 0
LogDevObjectVersion:   Dev-Online (39C831C9-5AE6-47DC-9A44-9C173E1C8E7C): 0
LogDevObjectVersion:   Dev-Physics (78F01B33-EBEA-4F98-B9B4-84EACCB95AA2): 0
LogDevObjectVersion:   Dev-Platform (6631380F-2D4D-43E0-8009-CF276956A95A): 0
LogDevObjectVersion:   Dev-Rendering (12F88B9F-8875-4AFC-A67C-D90C383ABD29): 31
LogDevObjectVersion:   Dev-Sequencer (7B5AE74C-D270-4C10-A958-57980B212A5A): 11
LogDevObjectVersion:   Dev-VR (D7296918-1DD6-4BDD-9DE2-64A83CC13884): 2
LogDevObjectVersion:   Dev-LoadTimes (C2A15278-BFE7-4AFE-6C17-90FF531DF755): 1
LogDevObjectVersion:   Private-Geometry (6EACA3D4-40EC-4CC1-B786-8BED09428FC5): 3
LogDevObjectVersion:   Dev-AnimPhys (29E575DD-E0A3-4627-9D10-D276232CDCEA): 17
LogDevObjectVersion:   Dev-Anim (AF43A65D-7FD3-4947-9873-3E8ED9C1BB05): 2
LogDevObjectVersion:   Dev-ReflectionCapture (6B266CEC-1EC7-4B8F-A30B-E4D90942FC07): 1
LogDevObjectVersion:   Dev-Automation (0DF73D61-A23F-47EA-B727-89E90C41499A): 1
LogDevObjectVersion:   FortniteMain (601D1886-AC64-4F84-AA16-D3DE0DEAC7D6): 27
LogDevObjectVersion:   Dev-Enterprise (9DFFBCD6-494F-0158-E221-12823C92A888): 6
LogDevObjectVersion:   Dev-Niagara (F2AED0AC-9AFE-416F-8664-AA7FFA26D6FC): 1
LogDevObjectVersion:   Dev-Destruction (174F1F0B-B4C6-45A5-B13F-2EE8D0FB917D): 9
LogInit: Presizing for max 16777216 objects, including 0 objects not considered by GC, pre-allocating 0 bytes for permanent pool.
LogInit: Object subsystem initialized
LogConfig: Setting CVar [[con.DebugEarlyDefault:1]]
LogConfig: Setting CVar [[r.setres:1280x720]]
[2019.12.14-20.44.21:728][  0]LogConfig: Setting CVar [[r.VSync:0]]
[2019.12.14-20.44.21:728][  0]LogConfig: Setting CVar [[r.RHICmdBypass:0]]
[2019.12.14-20.44.21:728][  0]LogConfig: Applying CVar settings from Section [/Script/Engine.RendererSettings] File [D:/Documentos/GitHub/ProjectSangonaera/Sangonera/Saved/Config/Windows/Engine.ini]
[2019.12.14-20.44.21:728][  0]LogConfig: Setting CVar [[r.GPUCrashDebugging:0]]
[2019.12.14-20.44.21:728][  0]LogConfig: Applying CVar settings from Section [/Script/Engine.RendererOverrideSettings] File [D:/Documentos/GitHub/ProjectSangonaera/Sangonera/Saved/Config/Windows/Engine.ini]
[2019.12.14-20.44.21:728][  0]LogConfig: Applying CVar settings from Section [/Script/Engine.StreamingSettings] File [D:/Documentos/GitHub/ProjectSangonaera/Sangonera/Saved/Config/Windows/Engine.ini]
[2019.12.14-20.44.21:729][  0]LogConfig: Setting CVar [[s.MinBulkDataSizeForAsyncLoading:131072]]
[2019.12.14-20.44.21:729][  0]LogConfig: Setting CVar [[s.AsyncLoadingThreadEnabled:0]]
[2019.12.14-20.44.21:729][  0]LogConfig: Setting CVar [[s.EventDrivenLoaderEnabled:1]]
[2019.12.14-20.44.21:729][  0]LogConfig: Setting CVar [[s.WarnIfTimeLimitExceeded:0]]
[2019.12.14-20.44.21:729][  0]LogConfig: Setting CVar [[s.TimeLimitExceededMultiplier:1.5]]
[2019.12.14-20.44.21:729][  0]LogConfig: Setting CVar [[s.TimeLimitExceededMinTime:0.005]]
[2019.12.14-20.44.21:729][  0]LogConfig: Setting CVar [[s.UseBackgroundLevelStreaming:1]]
[2019.12.14-20.44.21:729][  0]LogConfig: Setting CVar [[s.PriorityAsyncLoadingExtraTime:15.0]]
[2019.12.14-20.44.21:729][  0]LogConfig: Setting CVar [[s.LevelStreamingActorsUpdateTimeLimit:5.0]]
[2019.12.14-20.44.21:729][  0]LogConfig: Setting CVar [[s.PriorityLevelStreamingActorsUpdateExtraTime:5.0]]
[2019.12.14-20.44.21:729][  0]LogConfig: Setting CVar [[s.LevelStreamingComponentsRegistrationGranularity:10]]
[2019.12.14-20.44.21:729][  0]LogConfig: Setting CVar [[s.UnregisterComponentsTimeLimit:1.0]]
[2019.12.14-20.44.21:729][  0]LogConfig: Setting CVar [[s.LevelStreamingComponentsUnregistrationGranularity:5]]
[2019.12.14-20.44.21:729][  0]LogConfig: Applying CVar settings from Section [/Script/Engine.GarbageCollectionSettings] File [D:/Documentos/GitHub/ProjectSangonaera/Sangonera/Saved/Config/Windows/Engine.ini]
[2019.12.14-20.44.21:729][  0]LogConfig: Setting CVar [[gc.MaxObjectsNotConsideredByGC:1]]
[2019.12.14-20.44.21:729][  0]LogConfig: Setting CVar [[gc.SizeOfPermanentObjectPool:0]]
[2019.12.14-20.44.21:729][  0]LogConfig: Setting CVar [[gc.FlushStreamingOnGC:0]]
[2019.12.14-20.44.21:729][  0]LogConfig: Setting CVar [[gc.NumRetriesBeforeForcingGC:10]]
[2019.12.14-20.44.21:729][  0]LogConfig: Setting CVar [[gc.AllowParallelGC:1]]
[2019.12.14-20.44.21:729][  0]LogConfig: Setting CVar [[gc.TimeBetweenPurgingPendingKillObjects:61.1]]
[2019.12.14-20.44.21:729][  0]LogConfig: Setting CVar [[gc.MaxObjectsInEditor:16777216]]
[2019.12.14-20.44.21:729][  0]LogConfig: Setting CVar [[gc.IncrementalBeginDestroyEnabled:1]]
[2019.12.14-20.44.21:729][  0]LogConfig: Setting CVar [[gc.CreateGCClusters:1]]
[2019.12.14-20.44.21:729][  0]LogConfig: Setting CVar [[gc.MinGCClusterSize:5]]
[2019.12.14-20.44.21:729][  0]LogConfig: Setting CVar [[gc.ActorClusteringEnabled:0]]
[2019.12.14-20.44.21:729][  0]LogConfig: Setting CVar [[gc.BlueprintClusteringEnabled:0]]
[2019.12.14-20.44.21:729][  0]LogConfig: Setting CVar [[gc.UseDisregardForGCOnDedicatedServers:0]]
[2019.12.14-20.44.21:729][  0]LogConfig: Applying CVar settings from Section [/Script/Engine.NetworkSettings] File [D:/Documentos/GitHub/ProjectSangonaera/Sangonera/Saved/Config/Windows/Engine.ini]
[2019.12.14-20.44.21:729][  0]LogConfig: Applying CVar settings from Section [/Script/UnrealEd.CookerSettings] File [D:/Documentos/GitHub/ProjectSangonaera/Sangonera/Saved/Config/Windows/Engine.ini]
[2019.12.14-20.44.21:733][  0]LogConfig: Applying CVar settings from Section [ViewDistanceQuality@3] File [D:/Documentos/GitHub/ProjectSangonaera/Sangonera/Saved/Config/Windows/Scalability.ini]
[2019.12.14-20.44.21:733][  0]LogConfig: Setting CVar [[r.SkeletalMeshLODBias:0]]
[2019.12.14-20.44.21:733][  0]LogConfig: Setting CVar [[r.ViewDistanceScale:1.0]]
[2019.12.14-20.44.21:733][  0]LogConfig: Applying CVar settings from Section [AntiAliasingQuality@3] File [D:/Documentos/GitHub/ProjectSangonaera/Sangonera/Saved/Config/Windows/Scalability.ini]
[2019.12.14-20.44.21:733][  0]LogConfig: Setting CVar [[r.PostProcessAAQuality:4]]
[2019.12.14-20.44.21:733][  0]LogConfig: Applying CVar settings from Section [ShadowQuality@3] File [D:/Documentos/GitHub/ProjectSangonaera/Sangonera/Saved/Config/Windows/Scalability.ini]
[2019.12.14-20.44.21:733][  0]LogConfig: Setting CVar [[r.LightFunctionQuality:1]]
[2019.12.14-20.44.21:733][  0]LogConfig: Setting CVar [[r.ShadowQuality:5]]
[2019.12.14-20.44.21:733][  0]LogConfig: Setting CVar [[r.Shadow.CSM.MaxCascades:10]]
[2019.12.14-20.44.21:733][  0]LogConfig: Setting CVar [[r.Shadow.MaxResolution:2048]]
[2019.12.14-20.44.21:733][  0]LogConfig: Setting CVar [[r.Shadow.MaxCSMResolution:2048]]
[2019.12.14-20.44.21:733][  0]LogConfig: Setting CVar [[r.Shadow.RadiusThreshold:0.01]]
[2019.12.14-20.44.21:733][  0]LogConfig: Setting CVar [[r.Shadow.DistanceScale:1.0]]
[2019.12.14-20.44.21:733][  0]LogConfig: Setting CVar [[r.Shadow.CSM.TransitionScale:1.0]]
[2019.12.14-20.44.21:733][  0]LogConfig: Setting CVar [[r.Shadow.PreShadowResolutionFactor:1.0]]
[2019.12.14-20.44.21:733][  0]LogConfig: Setting CVar [[r.DistanceFieldShadowing:1]]
[2019.12.14-20.44.21:733][  0]LogConfig: Setting CVar [[r.DistanceFieldAO:1]]
[2019.12.14-20.44.21:734][  0]LogConfig: Setting CVar [[r.AOQuality:2]]
[2019.12.14-20.44.21:734][  0]LogConfig: Setting CVar [[r.VolumetricFog:1]]
[2019.12.14-20.44.21:734][  0]LogConfig: Setting CVar [[r.VolumetricFog.GridPixelSize:8]]
[2019.12.14-20.44.21:734][  0]LogConfig: Setting CVar [[r.VolumetricFog.GridSizeZ:128]]
[2019.12.14-20.44.21:734][  0]LogConfig: Setting CVar [[r.VolumetricFog.HistoryMissSupersampleCount:4]]
[2019.12.14-20.44.21:734][  0]LogConfig: Setting CVar [[r.LightMaxDrawDistanceScale:1]]
[2019.12.14-20.44.21:734][  0]LogConfig: Setting CVar [[r.CapsuleShadows:1]]
[2019.12.14-20.44.21:734][  0]LogConfig: Applying CVar settings from Section [PostProcessQuality@3] File [D:/Documentos/GitHub/ProjectSangonaera/Sangonera/Saved/Config/Windows/Scalability.ini]
[2019.12.14-20.44.21:734][  0]LogConfig: Setting CVar [[r.MotionBlurQuality:4]]
[2019.12.14-20.44.21:734][  0]LogConfig: Setting CVar [[r.AmbientOcclusionMipLevelFactor:0.4]]
[2019.12.14-20.44.21:734][  0]LogConfig: Setting CVar [[r.AmbientOcclusionMaxQuality:100]]
[2019.12.14-20.44.21:734][  0]LogConfig: Setting CVar [[r.AmbientOcclusionLevels:-1]]
[2019.12.14-20.44.21:734][  0]LogConfig: Setting CVar [[r.AmbientOcclusionRadiusScale:1.0]]
[2019.12.14-20.44.21:734][  0]LogConfig: Setting CVar [[r.DepthOfFieldQuality:2]]
[2019.12.14-20.44.21:734][  0]LogConfig: Setting CVar [[r.RenderTargetPoolMin:400]]
[2019.12.14-20.44.21:734][  0]LogConfig: Setting CVar [[r.LensFlareQuality:2]]
[2019.12.14-20.44.21:734][  0]LogConfig: Setting CVar [[r.SceneColorFringeQuality:1]]
[2019.12.14-20.44.21:734][  0]LogConfig: Setting CVar [[r.EyeAdaptationQuality:2]]
[2019.12.14-20.44.21:734][  0]LogConfig: Setting CVar [[r.BloomQuality:5]]
[2019.12.14-20.44.21:734][  0]LogConfig: Setting CVar [[r.FastBlurThreshold:100]]
[2019.12.14-20.44.21:734][  0]LogConfig: Setting CVar [[r.Upscale.Quality:3]]
[2019.12.14-20.44.21:734][  0]LogConfig: Setting CVar [[r.Tonemapper.GrainQuantization:1]]
[2019.12.14-20.44.21:734][  0]LogConfig: Setting CVar [[r.LightShaftQuality:1]]
[2019.12.14-20.44.21:734][  0]LogConfig: Setting CVar [[r.Filter.SizeScale:1]]
[2019.12.14-20.44.21:734][  0]LogConfig: Setting CVar [[r.Tonemapper.Quality:5]]
[2019.12.14-20.44.21:734][  0]LogConfig: Setting CVar [[r.DOF.Gather.AccumulatorQuality:1        ; higher gathering accumulator quality]]
[2019.12.14-20.44.21:734][  0]LogConfig: Setting CVar [[r.DOF.Gather.PostfilterMethod:1          ; Median3x3 postfilering method]]
[2019.12.14-20.44.21:734][  0]LogConfig: Setting CVar [[r.DOF.Gather.EnableBokehSettings:0       ; no bokeh simulation when gathering]]
[2019.12.14-20.44.21:734][  0]LogConfig: Setting CVar [[r.DOF.Gather.RingCount:4                 ; medium number of samples when gathering]]
[2019.12.14-20.44.21:734][  0]LogConfig: Setting CVar [[r.DOF.Scatter.ForegroundCompositing:1    ; additive foreground scattering]]
[2019.12.14-20.44.21:734][  0]LogConfig: Setting CVar [[r.DOF.Scatter.BackgroundCompositing:2    ; additive background scattering]]
[2019.12.14-20.44.21:734][  0]LogConfig: Setting CVar [[r.DOF.Scatter.EnableBokehSettings:1      ; bokeh simulation when scattering]]
[2019.12.14-20.44.21:734][  0]LogConfig: Setting CVar [[r.DOF.Scatter.MaxSpriteRatio:0.1         ; only a maximum of 10% of scattered bokeh]]
[2019.12.14-20.44.21:735][  0]LogConfig: Setting CVar [[r.DOF.Recombine.Quality:1                ; cheap slight out of focus]]
[2019.12.14-20.44.21:735][  0]LogConfig: Setting CVar [[r.DOF.Recombine.EnableBokehSettings:0    ; no bokeh simulation on slight out of focus]]
[2019.12.14-20.44.21:735][  0]LogConfig: Setting CVar [[r.DOF.TemporalAAQuality:1                ; more stable temporal accumulation]]
[2019.12.14-20.44.21:735][  0]LogConfig: Setting CVar [[r.DOF.Kernel.MaxForegroundRadius:0.025]]
[2019.12.14-20.44.21:735][  0]LogConfig: Setting CVar [[r.DOF.Kernel.MaxBackgroundRadius:0.025]]
[2019.12.14-20.44.21:735][  0]LogConfig: Applying CVar settings from Section [TextureQuality@3] File [D:/Documentos/GitHub/ProjectSangonaera/Sangonera/Saved/Config/Windows/Scalability.ini]
[2019.12.14-20.44.21:735][  0]LogConfig: Setting CVar [[r.Streaming.MipBias:0]]
[2019.12.14-20.44.21:735][  0]LogConfig: Setting CVar [[r.Streaming.AmortizeCPUToGPUCopy:0]]
[2019.12.14-20.44.21:735][  0]LogConfig: Setting CVar [[r.Streaming.MaxNumTexturesToStreamPerFrame:0]]
[2019.12.14-20.44.21:735][  0]LogConfig: Setting CVar [[r.Streaming.Boost:1]]
[2019.12.14-20.44.21:735][  0]LogConfig: Setting CVar [[r.MaxAnisotropy:8]]
[2019.12.14-20.44.21:735][  0]LogConfig: Setting CVar [[r.Streaming.LimitPoolSizeToVRAM:0]]
[2019.12.14-20.44.21:735][  0]LogConfig: Setting CVar [[r.Streaming.PoolSize:1000]]
[2019.12.14-20.44.21:735][  0]LogConfig: Setting CVar [[r.Streaming.MaxEffectiveScreenSize:0]]
[2019.12.14-20.44.21:735][  0]LogConfig: Applying CVar settings from Section [EffectsQuality@3] File [D:/Documentos/GitHub/ProjectSangonaera/Sangonera/Saved/Config/Windows/Scalability.ini]
[2019.12.14-20.44.21:735][  0]LogConfig: Setting CVar [[r.TranslucencyLightingVolumeDim:64]]
[2019.12.14-20.44.21:735][  0]LogConfig: Setting CVar [[r.RefractionQuality:2]]
[2019.12.14-20.44.21:735][  0]LogConfig: Setting CVar [[r.SSR.Quality:3]]
[2019.12.14-20.44.21:735][  0]LogConfig: Setting CVar [[r.SceneColorFormat:4]]
[2019.12.14-20.44.21:735][  0]LogConfig: Setting CVar [[r.DetailMode:2]]
[2019.12.14-20.44.21:735][  0]LogConfig: Setting CVar [[r.TranslucencyVolumeBlur:1]]
[2019.12.14-20.44.21:735][  0]LogConfig: Setting CVar [[r.MaterialQualityLevel:1 ; High quality]]
[2019.12.14-20.44.21:735][  0]LogConfig: Setting CVar [[r.SSS.Scale:1]]
[2019.12.14-20.44.21:735][  0]LogConfig: Setting CVar [[r.SSS.SampleSet:2]]
[2019.12.14-20.44.21:735][  0]LogConfig: Setting CVar [[r.SSS.Quality:1]]
[2019.12.14-20.44.21:735][  0]LogConfig: Setting CVar [[r.SSS.HalfRes:1]]
[2019.12.14-20.44.21:735][  0]LogConfig: Setting CVar [[r.EmitterSpawnRateScale:1.0]]
[2019.12.14-20.44.21:735][  0]LogConfig: Setting CVar [[r.ParticleLightQuality:2]]
[2019.12.14-20.44.21:735][  0]LogConfig: Applying CVar settings from Section [FoliageQuality@3] File [D:/Documentos/GitHub/ProjectSangonaera/Sangonera/Saved/Config/Windows/Scalability.ini]
[2019.12.14-20.44.21:735][  0]LogConfig: Setting CVar [[foliage.DensityScale:1.0]]
[2019.12.14-20.44.21:735][  0]LogConfig: Setting CVar [[grass.DensityScale:1.0]]
[2019.12.14-20.44.21:735][  0]LogInit: Selected Device Profile: [Windows]
[2019.12.14-20.44.21:735][  0]LogInit: Applying CVar settings loaded from the selected device profile: [Windows]
[2019.12.14-20.44.21:740][  0]LogHAL: Display: Platform has ~ 32 GB [34317578240 / 34359738368 / 32], which maps to Largest [LargestMinGB=32, LargerMinGB=12, DefaultMinGB=8, SmallerMinGB=6, SmallestMinGB=0)
[2019.12.14-20.44.21:740][  0]LogInit: Going up to parent DeviceProfile []
[2019.12.14-20.44.21:740][  0]LogConfig: Applying CVar settings from Section [ViewDistanceQuality@3] File [D:/Documentos/GitHub/ProjectSangonaera/Sangonera/Saved/Config/Windows/Scalability.ini]
[2019.12.14-20.44.21:740][  0]LogConfig: Setting CVar [[r.SkeletalMeshLODBias:0]]
[2019.12.14-20.44.21:740][  0]LogConfig: Setting CVar [[r.ViewDistanceScale:1.0]]
[2019.12.14-20.44.21:740][  0]LogConfig: Applying CVar settings from Section [AntiAliasingQuality@3] File [D:/Documentos/GitHub/ProjectSangonaera/Sangonera/Saved/Config/Windows/Scalability.ini]
[2019.12.14-20.44.21:740][  0]LogConfig: Setting CVar [[r.PostProcessAAQuality:4]]
[2019.12.14-20.44.21:740][  0]LogConfig: Applying CVar settings from Section [ShadowQuality@3] File [D:/Documentos/GitHub/ProjectSangonaera/Sangonera/Saved/Config/Windows/Scalability.ini]
[2019.12.14-20.44.21:740][  0]LogConfig: Setting CVar [[r.LightFunctionQuality:1]]
[2019.12.14-20.44.21:740][  0]LogConfig: Setting CVar [[r.ShadowQuality:5]]
[2019.12.14-20.44.21:740][  0]LogConfig: Setting CVar [[r.Shadow.CSM.MaxCascades:10]]
[2019.12.14-20.44.21:740][  0]LogConfig: Setting CVar [[r.Shadow.MaxResolution:2048]]
[2019.12.14-20.44.21:740][  0]LogConfig: Setting CVar [[r.Shadow.MaxCSMResolution:2048]]
[2019.12.14-20.44.21:740][  0]LogConfig: Setting CVar [[r.Shadow.RadiusThreshold:0.01]]
[2019.12.14-20.44.21:740][  0]LogConfig: Setting CVar [[r.Shadow.DistanceScale:1.0]]
[2019.12.14-20.44.21:740][  0]LogConfig: Setting CVar [[r.Shadow.CSM.TransitionScale:1.0]]
[2019.12.14-20.44.21:740][  0]LogConfig: Setting CVar [[r.Shadow.PreShadowResolutionFactor:1.0]]
[2019.12.14-20.44.21:740][  0]LogConfig: Setting CVar [[r.DistanceFieldShadowing:1]]
[2019.12.14-20.44.21:741][  0]LogConfig: Setting CVar [[r.DistanceFieldAO:1]]
[2019.12.14-20.44.21:741][  0]LogConfig: Setting CVar [[r.AOQuality:2]]
[2019.12.14-20.44.21:741][  0]LogConfig: Setting CVar [[r.VolumetricFog:1]]
[2019.12.14-20.44.21:741][  0]LogConfig: Setting CVar [[r.VolumetricFog.GridPixelSize:8]]
[2019.12.14-20.44.21:741][  0]LogConfig: Setting CVar [[r.VolumetricFog.GridSizeZ:128]]
[2019.12.14-20.44.21:741][  0]LogConfig: Setting CVar [[r.VolumetricFog.HistoryMissSupersampleCount:4]]
[2019.12.14-20.44.21:741][  0]LogConfig: Setting CVar [[r.LightMaxDrawDistanceScale:1]]
[2019.12.14-20.44.21:741][  0]LogConfig: Setting CVar [[r.CapsuleShadows:1]]
[2019.12.14-20.44.21:741][  0]LogConfig: Applying CVar settings from Section [PostProcessQuality@3] File [D:/Documentos/GitHub/ProjectSangonaera/Sangonera/Saved/Config/Windows/Scalability.ini]
[2019.12.14-20.44.21:741][  0]LogConfig: Setting CVar [[r.MotionBlurQuality:4]]
[2019.12.14-20.44.21:741][  0]LogConfig: Setting CVar [[r.AmbientOcclusionMipLevelFactor:0.4]]
[2019.12.14-20.44.21:741][  0]LogConfig: Setting CVar [[r.AmbientOcclusionMaxQuality:100]]
[2019.12.14-20.44.21:741][  0]LogConfig: Setting CVar [[r.AmbientOcclusionLevels:-1]]
[2019.12.14-20.44.21:741][  0]LogConfig: Setting CVar [[r.AmbientOcclusionRadiusScale:1.0]]
[2019.12.14-20.44.21:741][  0]LogConfig: Setting CVar [[r.DepthOfFieldQuality:2]]
[2019.12.14-20.44.21:741][  0]LogConfig: Setting CVar [[r.RenderTargetPoolMin:400]]
[2019.12.14-20.44.21:741][  0]LogConfig: Setting CVar [[r.LensFlareQuality:2]]
[2019.12.14-20.44.21:741][  0]LogConfig: Setting CVar [[r.SceneColorFringeQuality:1]]
[2019.12.14-20.44.21:741][  0]LogConfig: Setting CVar [[r.EyeAdaptationQuality:2]]
[2019.12.14-20.44.21:741][  0]LogConfig: Setting CVar [[r.BloomQuality:5]]
[2019.12.14-20.44.21:741][  0]LogConfig: Setting CVar [[r.FastBlurThreshold:100]]
[2019.12.14-20.44.21:741][  0]LogConfig: Setting CVar [[r.Upscale.Quality:3]]
[2019.12.14-20.44.21:741][  0]LogConfig: Setting CVar [[r.Tonemapper.GrainQuantization:1]]
[2019.12.14-20.44.21:741][  0]LogConfig: Setting CVar [[r.LightShaftQuality:1]]
[2019.12.14-20.44.21:741][  0]LogConfig: Setting CVar [[r.Filter.SizeScale:1]]
[2019.12.14-20.44.21:741][  0]LogConfig: Setting CVar [[r.Tonemapper.Quality:5]]
[2019.12.14-20.44.21:741][  0]LogConfig: Setting CVar [[r.DOF.Gather.AccumulatorQuality:1        ; higher gathering accumulator quality]]
[2019.12.14-20.44.21:741][  0]LogConfig: Setting CVar [[r.DOF.Gather.PostfilterMethod:1          ; Median3x3 postfilering method]]
[2019.12.14-20.44.21:741][  0]LogConfig: Setting CVar [[r.DOF.Gather.EnableBokehSettings:0       ; no bokeh simulation when gathering]]
[2019.12.14-20.44.21:741][  0]LogConfig: Setting CVar [[r.DOF.Gather.RingCount:4                 ; medium number of samples when gathering]]
[2019.12.14-20.44.21:741][  0]LogConfig: Setting CVar [[r.DOF.Scatter.ForegroundCompositing:1    ; additive foreground scattering]]
[2019.12.14-20.44.21:741][  0]LogConfig: Setting CVar [[r.DOF.Scatter.BackgroundCompositing:2    ; additive background scattering]]
[2019.12.14-20.44.21:742][  0]LogConfig: Setting CVar [[r.DOF.Scatter.EnableBokehSettings:1      ; bokeh simulation when scattering]]
[2019.12.14-20.44.21:742][  0]LogConfig: Setting CVar [[r.DOF.Scatter.MaxSpriteRatio:0.1         ; only a maximum of 10% of scattered bokeh]]
[2019.12.14-20.44.21:742][  0]LogConfig: Setting CVar [[r.DOF.Recombine.Quality:1                ; cheap slight out of focus]]
[2019.12.14-20.44.21:742][  0]LogConfig: Setting CVar [[r.DOF.Recombine.EnableBokehSettings:0    ; no bokeh simulation on slight out of focus]]
[2019.12.14-20.44.21:742][  0]LogConfig: Setting CVar [[r.DOF.TemporalAAQuality:1                ; more stable temporal accumulation]]
[2019.12.14-20.44.21:742][  0]LogConfig: Setting CVar [[r.DOF.Kernel.MaxForegroundRadius:0.025]]
[2019.12.14-20.44.21:742][  0]LogConfig: Setting CVar [[r.DOF.Kernel.MaxBackgroundRadius:0.025]]
[2019.12.14-20.44.21:742][  0]LogConfig: Applying CVar settings from Section [TextureQuality@3] File [D:/Documentos/GitHub/ProjectSangonaera/Sangonera/Saved/Config/Windows/Scalability.ini]
[2019.12.14-20.44.21:742][  0]LogConfig: Setting CVar [[r.Streaming.MipBias:0]]
[2019.12.14-20.44.21:742][  0]LogConfig: Setting CVar [[r.Streaming.AmortizeCPUToGPUCopy:0]]
[2019.12.14-20.44.21:742][  0]LogConfig: Setting CVar [[r.Streaming.MaxNumTexturesToStreamPerFrame:0]]
[2019.12.14-20.44.21:742][  0]LogConfig: Setting CVar [[r.Streaming.Boost:1]]
[2019.12.14-20.44.21:742][  0]LogConfig: Setting CVar [[r.MaxAnisotropy:8]]
[2019.12.14-20.44.21:742][  0]LogConfig: Setting CVar [[r.Streaming.LimitPoolSizeToVRAM:0]]
[2019.12.14-20.44.21:742][  0]LogConfig: Setting CVar [[r.Streaming.PoolSize:1000]]
[2019.12.14-20.44.21:742][  0]LogConfig: Setting CVar [[r.Streaming.MaxEffectiveScreenSize:0]]
[2019.12.14-20.44.21:742][  0]LogConfig: Applying CVar settings from Section [EffectsQuality@3] File [D:/Documentos/GitHub/ProjectSangonaera/Sangonera/Saved/Config/Windows/Scalability.ini]
[2019.12.14-20.44.21:742][  0]LogConfig: Setting CVar [[r.TranslucencyLightingVolumeDim:64]]
[2019.12.14-20.44.21:742][  0]LogConfig: Setting CVar [[r.RefractionQuality:2]]
[2019.12.14-20.44.21:742][  0]LogConfig: Setting CVar [[r.SSR.Quality:3]]
[2019.12.14-20.44.21:742][  0]LogConfig: Setting CVar [[r.SceneColorFormat:4]]
[2019.12.14-20.44.21:742][  0]LogConfig: Setting CVar [[r.DetailMode:2]]
[2019.12.14-20.44.21:742][  0]LogConfig: Setting CVar [[r.TranslucencyVolumeBlur:1]]
[2019.12.14-20.44.21:742][  0]LogConfig: Setting CVar [[r.MaterialQualityLevel:1 ; High quality]]
[2019.12.14-20.44.21:742][  0]LogConfig: Setting CVar [[r.SSS.Scale:1]]
[2019.12.14-20.44.21:742][  0]LogConfig: Setting CVar [[r.SSS.SampleSet:2]]
[2019.12.14-20.44.21:742][  0]LogConfig: Setting CVar [[r.SSS.Quality:1]]
[2019.12.14-20.44.21:742][  0]LogConfig: Setting CVar [[r.SSS.HalfRes:1]]
[2019.12.14-20.44.21:742][  0]LogConfig: Setting CVar [[r.EmitterSpawnRateScale:1.0]]
[2019.12.14-20.44.21:742][  0]LogConfig: Setting CVar [[r.ParticleLightQuality:2]]
[2019.12.14-20.44.21:742][  0]LogConfig: Applying CVar settings from Section [FoliageQuality@3] File [D:/Documentos/GitHub/ProjectSangonaera/Sangonera/Saved/Config/Windows/Scalability.ini]
[2019.12.14-20.44.21:742][  0]LogConfig: Setting CVar [[foliage.DensityScale:1.0]]
[2019.12.14-20.44.21:742][  0]LogConfig: Setting CVar [[grass.DensityScale:1.0]]
[2019.12.14-20.44.21:743][  0]LogConfig: Applying CVar settings from Section [Startup] File [../../../Engine/Config/ConsoleVariables.ini]
[2019.12.14-20.44.21:743][  0]LogConfig: Setting CVar [[net.UseAdaptiveNetUpdateFrequency:0]]
[2019.12.14-20.44.21:743][  0]LogConfig: Setting CVar [[p.chaos.AllowCreatePhysxBodies:1]]
[2019.12.14-20.44.21:743][  0]LogConfig: Applying CVar settings from Section [ConsoleVariables] File [D:/Documentos/GitHub/ProjectSangonaera/Sangonera/Saved/Config/Windows/Engine.ini]
[2019.12.14-20.44.21:743][  0]LogInit: Computer: DESKTOP-4A9CMIK
[2019.12.14-20.44.21:743][  0]LogInit: User: David
[2019.12.14-20.44.21:743][  0]LogInit: CPU Page size=4096, Cores=4
[2019.12.14-20.44.21:743][  0]LogInit: High frequency timer resolution =10.000000 MHz
[2019.12.14-20.44.21:743][  0]LogMemory: Memory total: Physical=32.0GB (32GB approx)
[2019.12.14-20.44.21:743][  0]LogMemory: Platform Memory Stats for Windows
[2019.12.14-20.44.21:744][  0]LogMemory: Process Physical Memory: 106.39 MB used, 106.39 MB peak
[2019.12.14-20.44.21:744][  0]LogMemory: Process Virtual Memory: 105.02 MB used, 105.02 MB peak
[2019.12.14-20.44.21:744][  0]LogMemory: Physical Memory: 7458.39 MB used,  25269.40 MB free, 32727.79 MB total
[2019.12.14-20.44.21:744][  0]LogMemory: Virtual Memory: 4707.72 MB used,  134213024.00 MB free, 134217728.00 MB total
[2019.12.14-20.44.21:748][  0]LogWindows: WindowsPlatformFeatures enabled
[2019.12.14-20.44.21:775][  0]LogInit: Overriding language with editor language configuration option (en).
[2019.12.14-20.44.21:775][  0]LogInit: Overriding locale with editor locale configuration option (en).
[2019.12.14-20.44.21:920][  0]LogInit: Setting process to per monitor DPI aware
[2019.12.14-20.44.21:943][  0]LogSlate: New Slate User Created.  User Index 0, Is Virtual User: 0
[2019.12.14-20.44.21:943][  0]LogSlate: Slate User Registered.  User Index 0, Is Virtual User: 0
[2019.12.14-20.44.22:100][  0]LogHMD: Failed to initialize OpenVR with code 126
[2019.12.14-20.44.22:101][  0]LogD3D11RHI: D3D11 adapters:
[2019.12.14-20.44.22:162][  0]LogD3D11RHI:    0. 'NVIDIA GeForce GTX 1080' (Feature Level 11_0)
[2019.12.14-20.44.22:162][  0]LogD3D11RHI:       8079/0/16363 MB DedicatedVideo/DedicatedSystem/SharedSystem, Outputs:1, VendorId:0x10de
[2019.12.14-20.44.22:164][  0]LogD3D11RHI:    1. 'Microsoft Basic Render Driver' (Feature Level 11_0)
[2019.12.14-20.44.22:164][  0]LogD3D11RHI:       0/0/16363 MB DedicatedVideo/DedicatedSystem/SharedSystem, Outputs:0, VendorId:0x1414
[2019.12.14-20.44.22:164][  0]LogD3D11RHI: Chosen D3D11 Adapter: 0
[2019.12.14-20.44.22:169][  0]LogD3D11RHI: Creating new Direct3DDevice
[2019.12.14-20.44.22:169][  0]LogD3D11RHI:     GPU DeviceId: 0x1b80 (for the marketing name, search the web for "GPU Device Id")
[2019.12.14-20.44.22:169][  0]LogWindows: EnumDisplayDevices:
[2019.12.14-20.44.22:170][  0]LogWindows:    0. 'NVIDIA GeForce GTX 1080' (P:1 D:1)
[2019.12.14-20.44.22:170][  0]LogWindows:    1. 'NVIDIA GeForce GTX 1080' (P:0 D:0)
[2019.12.14-20.44.22:170][  0]LogWindows:    2. 'NVIDIA GeForce GTX 1080' (P:0 D:0)
[2019.12.14-20.44.22:170][  0]LogWindows:    3. 'NVIDIA GeForce GTX 1080' (P:0 D:0)
[2019.12.14-20.44.22:170][  0]LogWindows: DebugString: FoundDriverCount:4 
[2019.12.14-20.44.22:170][  0]LogD3D11RHI:     Adapter Name: NVIDIA GeForce GTX 1080
[2019.12.14-20.44.22:170][  0]LogD3D11RHI:   Driver Version: 441.20 (internal:26.21.14.4120, unified:441.20)
[2019.12.14-20.44.22:171][  0]LogD3D11RHI:      Driver Date: 11-6-2019
[2019.12.14-20.44.22:171][  0]LogRHI: Texture pool is 5655 MB (70% of 8079 MB)
[2019.12.14-20.44.22:213][  0]LogD3D11RHI: Async texture creation enabled
[2019.12.14-20.44.22:242][  0]LogD3D11RHI: GPU Timing Frequency: 1000.000000 (Debug: 2 1)
[2019.12.14-20.44.22:530][  0]LogTemp: Display: Module 'AllDesktopTargetPlatform' loaded TargetPlatform 'AllDesktop'
[2019.12.14-20.44.22:538][  0]LogTemp: Display: Module 'MacClientTargetPlatform' loaded TargetPlatform 'MacClient'
[2019.12.14-20.44.22:547][  0]LogTemp: Display: Module 'MacNoEditorTargetPlatform' loaded TargetPlatform 'MacNoEditor'
[2019.12.14-20.44.22:555][  0]LogTemp: Display: Module 'MacServerTargetPlatform' loaded TargetPlatform 'MacServer'
[2019.12.14-20.44.22:563][  0]LogTemp: Display: Module 'MacTargetPlatform' loaded TargetPlatform 'Mac'
[2019.12.14-20.44.22:569][  0]LogTemp: Display: Module 'WindowsClientTargetPlatform' loaded TargetPlatform 'WindowsClient'
[2019.12.14-20.44.22:577][  0]LogTemp: Display: Module 'WindowsNoEditorTargetPlatform' loaded TargetPlatform 'WindowsNoEditor'
[2019.12.14-20.44.22:584][  0]LogTemp: Display: Module 'WindowsServerTargetPlatform' loaded TargetPlatform 'WindowsServer'
[2019.12.14-20.44.22:588][  0]LogTemp: Display: Module 'WindowsTargetPlatform' loaded TargetPlatform 'Windows'
[2019.12.14-20.44.22:627][  0]LogTemp: Display: Module 'AndroidTargetPlatform' loaded TargetPlatform 'Android'
[2019.12.14-20.44.22:627][  0]LogTemp: Display: Module 'AndroidTargetPlatform' loaded TargetPlatform 'Android_ASTC'
[2019.12.14-20.44.22:627][  0]LogTemp: Display: Module 'AndroidTargetPlatform' loaded TargetPlatform 'Android_ATC'
[2019.12.14-20.44.22:627][  0]LogTemp: Display: Module 'AndroidTargetPlatform' loaded TargetPlatform 'Android_DXT'
[2019.12.14-20.44.22:627][  0]LogTemp: Display: Module 'AndroidTargetPlatform' loaded TargetPlatform 'Android_ETC1'
[2019.12.14-20.44.22:627][  0]LogTemp: Display: Module 'AndroidTargetPlatform' loaded TargetPlatform 'Android_ETC1a'
[2019.12.14-20.44.22:627][  0]LogTemp: Display: Module 'AndroidTargetPlatform' loaded TargetPlatform 'Android_ETC2'
[2019.12.14-20.44.22:627][  0]LogTemp: Display: Module 'AndroidTargetPlatform' loaded TargetPlatform 'Android_PVRTC'
[2019.12.14-20.44.22:627][  0]LogTemp: Display: Module 'AndroidTargetPlatform' loaded TargetPlatform 'AndroidClient'
[2019.12.14-20.44.22:627][  0]LogTemp: Display: Module 'AndroidTargetPlatform' loaded TargetPlatform 'Android_ASTCClient'
[2019.12.14-20.44.22:627][  0]LogTemp: Display: Module 'AndroidTargetPlatform' loaded TargetPlatform 'Android_ATCClient'
[2019.12.14-20.44.22:627][  0]LogTemp: Display: Module 'AndroidTargetPlatform' loaded TargetPlatform 'Android_DXTClient'
[2019.12.14-20.44.22:628][  0]LogTemp: Display: Module 'AndroidTargetPlatform' loaded TargetPlatform 'Android_ETC1Client'
[2019.12.14-20.44.22:628][  0]LogTemp: Display: Module 'AndroidTargetPlatform' loaded TargetPlatform 'Android_ETC1aClient'
[2019.12.14-20.44.22:628][  0]LogTemp: Display: Module 'AndroidTargetPlatform' loaded TargetPlatform 'Android_ETC2Client'
[2019.12.14-20.44.22:628][  0]LogTemp: Display: Module 'AndroidTargetPlatform' loaded TargetPlatform 'Android_PVRTCClient'
[2019.12.14-20.44.22:628][  0]LogTemp: Display: Module 'AndroidTargetPlatform' loaded TargetPlatform 'Android_Multi'
[2019.12.14-20.44.22:628][  0]LogTemp: Display: Module 'AndroidTargetPlatform' loaded TargetPlatform 'Android_MultiClient'
[2019.12.14-20.44.22:629][  0]LogTemp: Display: Module 'HTML5TargetPlatform' loaded TargetPlatform 'HTML5'
[2019.12.14-20.44.22:648][  0]LogTemp: Display: Module 'IOSTargetPlatform' loaded TargetPlatform 'IOSClient'
[2019.12.14-20.44.22:648][  0]LogTemp: Display: Module 'IOSTargetPlatform' loaded TargetPlatform 'IOS'
[2019.12.14-20.44.22:660][  0]LogTemp: Display: Module 'TVOSTargetPlatform' loaded TargetPlatform 'TVOSClient'
[2019.12.14-20.44.22:660][  0]LogTemp: Display: Module 'TVOSTargetPlatform' loaded TargetPlatform 'TVOS'
[2019.12.14-20.44.22:674][  0]LogTemp: Display: Module 'LinuxClientTargetPlatform' loaded TargetPlatform 'LinuxClient'
[2019.12.14-20.44.22:684][  0]LogTemp: Display: Module 'LinuxNoEditorTargetPlatform' loaded TargetPlatform 'LinuxNoEditor'
[2019.12.14-20.44.22:693][  0]LogTemp: Display: Module 'LinuxServerTargetPlatform' loaded TargetPlatform 'LinuxServer'
[2019.12.14-20.44.22:700][  0]LogTemp: Display: Module 'LinuxTargetPlatform' loaded TargetPlatform 'Linux'
[2019.12.14-20.44.22:730][  0]LogTemp: Display: Module 'LuminTargetPlatform' loaded TargetPlatform 'Lumin'
[2019.12.14-20.44.22:730][  0]LogTemp: Display: Module 'LuminTargetPlatform' loaded TargetPlatform 'LuminClient'
[2019.12.14-20.44.22:730][  0]LogTargetPlatformManager: Display: Building Assets For Windows
[2019.12.14-20.44.22:742][  0]LogAudioDebug: Display: Lib vorbis DLL was dynamically loaded.
[2019.12.14-20.44.22:805][  0]LogShaderCompilers: Guid format shader working directory is -2 characters bigger than the processId version (D:/Documentos/GitHub/ProjectSangonaera/Sangonera/Intermediate/Shaders/WorkingDirectory/7640/).
[2019.12.14-20.44.22:805][  0]LogShaderCompilers: Cleaned the shader compiler working directory 'C:/Users/David/AppData/Local/Temp/UnrealShaderWorkingDir/AEEE4E0C4A086A95AEE92DA4AC8C4218/'.
[2019.12.14-20.44.22:808][  0]LogXGEController: Cannot use XGE Controller as Incredibuild is not installed on this machine.
[2019.12.14-20.44.22:808][  0]LogShaderCompilers: Cannot use XGE Shader Compiler as Incredibuild is not installed on this machine.
[2019.12.14-20.44.22:808][  0]LogShaderCompilers: Display: Using Local Shader Compiler.
[2019.12.14-20.44.23:458][  0]LogDerivedDataCache: Display: Max Cache Size: 512 MB
[2019.12.14-20.44.23:515][  0]LogDerivedDataCache: Loaded boot cache 0.06s 76MB C:/Users/David/AppData/Local/UnrealEngine/4.23/DerivedDataCache/Boot.ddc.
[2019.12.14-20.44.23:515][  0]LogDerivedDataCache: Display: Loaded Boot cache: C:/Users/David/AppData/Local/UnrealEngine/4.23/DerivedDataCache/Boot.ddc
[2019.12.14-20.44.23:515][  0]LogDerivedDataCache: FDerivedDataBackendGraph:  Pak pak cache file D:/Documentos/GitHub/ProjectSangonaera/Sangonera/DerivedDataCache/DDC.ddp not found, will not use a pak cache.
[2019.12.14-20.44.23:515][  0]LogDerivedDataCache: Unable to find inner node Pak for hierarchical cache Hierarchy.
[2019.12.14-20.44.23:515][  0]LogDerivedDataCache: FDerivedDataBackendGraph:  CompressedPak pak cache file D:/Documentos/GitHub/ProjectSangonaera/Sangonera/DerivedDataCache/Compressed.ddp not found, will not use a pak cache.
[2019.12.14-20.44.23:515][  0]LogDerivedDataCache: Unable to find inner node CompressedPak for hierarchical cache Hierarchy.
[2019.12.14-20.44.23:526][  0]LogDerivedDataCache: Display: Pak cache opened for reading ../../../Engine/DerivedDataCache/Compressed.ddp.
[2019.12.14-20.44.23:526][  0]LogDerivedDataCache: FDerivedDataBackendGraph:  EnterprisePak pak cache file ../../../Enterprise/DerivedDataCache/Compressed.ddp not found, will not use a pak cache.
[2019.12.14-20.44.23:526][  0]LogDerivedDataCache: Unable to find inner node EnterprisePak for hierarchical cache Hierarchy.
[2019.12.14-20.44.23:527][  0]LogDerivedDataCache: Using Local data cache path C:/Users/David/AppData/Local/UnrealEngine/Common/DerivedDataCache: Writable
[2019.12.14-20.44.23:527][  0]LogDerivedDataCache: Shared data cache path not found in *engine.ini, will not use an Shared cache.
[2019.12.14-20.44.23:527][  0]LogDerivedDataCache: Unable to find inner node Shared for hierarchical cache Hierarchy.
[2019.12.14-20.44.23:549][  0]LogMaterial: Verifying Global Shaders for PCD3D_SM5
[2019.12.14-20.44.23:550][  0]LogSlate: Using FreeType 2.6.0
[2019.12.14-20.44.23:550][  0]LogSlate: SlateFontServices - WITH_FREETYPE: 1, WITH_HARFBUZZ: 1
[2019.12.14-20.44.23:601][  0]LogAssetRegistry: FAssetRegistry took 0.0020 seconds to start up
[2019.12.14-20.44.23:867][  0]LogInit: Selected Device Profile: [Windows]
[2019.12.14-20.44.24:021][  0]LogMeshReduction: Using QuadricMeshReduction for automatic static mesh reduction
[2019.12.14-20.44.24:021][  0]LogMeshReduction: Using SimplygonMeshReduction for automatic skeletal mesh reduction
[2019.12.14-20.44.24:021][  0]LogMeshReduction: Using ProxyLODMeshReduction for automatic mesh merging
[2019.12.14-20.44.24:021][  0]LogMeshReduction: No distributed automatic mesh merging module available
[2019.12.14-20.44.24:021][  0]LogMeshMerging: No distributed automatic mesh merging module available
[2019.12.14-20.44.24:033][  0]LogNetVersion: Sangonera 1.0.0, NetCL: 8386587, EngineNetVer: 11, GameNetVer: 0 (Checksum: 2086811745)
[2019.12.14-20.44.24:417][  0]LogPackageLocalizationCache: Processed 12 localized package path(s) for 1 prioritized culture(s) in 0.044226 seconds
[2019.12.14-20.44.24:423][  0]LogUObjectArray: 43444 objects as part of root set at end of initial load.
[2019.12.14-20.44.24:423][  0]LogUObjectAllocator: 7548648 out of 0 bytes used by permanent object pool.
[2019.12.14-20.44.24:423][  0]LogUObjectArray: CloseDisregardForGC: 0/0 objects in disregard for GC pool
[2019.12.14-20.44.25:153][  0]LogTcpMessaging: Initializing TcpMessaging bridge
[2019.12.14-20.44.25:156][  0]LogUdpMessaging: Initializing bridge on interface 0.0.0.0:0 to multicast group 230.0.0.1:6666.
[2019.12.14-20.44.25:204][  0]SourceControl: Source control is disabled
[2019.12.14-20.44.25:204][  0]SourceControl: Source control is disabled
[2019.12.14-20.44.25:205][  0]SourceControl: Source control is disabled
[2019.12.14-20.44.25:206][  0]SourceControl: Source control is disabled
[2019.12.14-20.44.25:271][  0]LogAndroidPermission: UAndroidPermissionCallbackProxy::GetInstance
[2019.12.14-20.44.25:389][  0]LogOcInput: OculusInput pre-init called
[2019.12.14-20.44.25:917][  0]LogEngine: Initializing Engine...
[2019.12.14-20.44.25:941][  0]LogHMD: Failed to initialize OpenVR with code 126
[2019.12.14-20.44.25:942][  0]LogStats: UGameplayTagsManager::InitializeManager -  0.000 s
[2019.12.14-20.44.26:138][  0]LogInit: Initializing FReadOnlyCVARCache
[2019.12.14-20.44.26:157][  0]LogAIModule: Creating AISystem for world Untitled
[2019.12.14-20.44.26:179][  0]LogInit: XAudio2 using 'Altavoces (6- USB Advanced Audio Device)' : 2 channels at 48 kHz using 16 bits per sample (channel mask 0x3)
[2019.12.14-20.44.26:196][  0]LogInit: FAudioDevice initialized.
[2019.12.14-20.44.26:196][  0]LogNetVersion: Set ProjectVersion to 1.0.0.0. Version Checksum will be recalculated on next use.
[2019.12.14-20.44.26:312][  0]LogDerivedDataCache: Saved boot cache 0.11s 76MB C:/Users/David/AppData/Local/UnrealEngine/4.23/DerivedDataCache/Boot.ddc.
[2019.12.14-20.44.26:318][  0]LogInit: Texture streaming: Enabled
[2019.12.14-20.44.26:338][  0]LogEngineSessionManager: EngineSessionManager initialized
[2019.12.14-20.44.26:338][  0]LogEditorSessionSummary: Verbose: Initializing EditorSessionSummaryWriter for editor session tracking
[2019.12.14-20.44.26:339][  0]LogEditorSessionSummary: EditorSessionSummaryWriter initialized
[2019.12.14-20.44.26:408][  0]LogInit: Transaction tracking system initialized
[2019.12.14-20.44.26:434][  0]BlueprintLog: New page: Editor Load
[2019.12.14-20.44.26:499][  0]LocalizationService: Localization service is disabled
[2019.12.14-20.44.26:716][  0]LogFileCache: Scanning file cache for directory 'D:/Documentos/GitHub/ProjectSangonaera/Sangonera/Content/' took 0.00s
[2019.12.14-20.44.26:716][  0]LogCook: Display: Max memory allowance for cook 16384mb min free memory 0mb
[2019.12.14-20.44.26:716][  0]LogCook: Display: Mobile HDR setting 1
[2019.12.14-20.44.26:871][  0]SourceControl: Source control is disabled
[2019.12.14-20.44.26:871][  0]Cmd: MAP LOAD FILE="D:/Documentos/GitHub/ProjectSangonaera/Sangonera/Content/Scenes/MainMenu.umap" TEMPLATE=0 SHOWPROGRESS=1 FEATURELEVEL=3
[2019.12.14-20.44.26:871][  0]LightingResults: New page: Lighting Build
[2019.12.14-20.44.26:873][  0]LogWorld: UWorld::CleanupWorld for Untitled, bSessionEnded=true, bCleanupResources=true
[2019.12.14-20.44.26:873][  0]MapCheck: New page: Map Check
[2019.12.14-20.44.26:873][  0]LightingResults: New page: Lighting Build
[2019.12.14-20.44.26:896][  0]LogUObjectHash: Compacting FUObjectHashTables data took   1.39ms
[2019.12.14-20.44.27:008][  0]LogAIModule: Creating AISystem for world MainMenu
[2019.12.14-20.44.27:009][  0]LogEditorServer: Finished looking for orphan Actors (0.000 secs)
[2019.12.14-20.44.27:034][  0]LogUObjectHash: Compacting FUObjectHashTables data took   1.94ms
[2019.12.14-20.44.27:034][  0]Cmd: MAP CHECKDEP NOCLEARLOG
[2019.12.14-20.44.27:034][  0]MapCheck: Map check complete: 0 Error(s), 0 Warning(s), took 0.077ms to complete.
[2019.12.14-20.44.27:034][  0]LogFileHelpers: Loading map 'MainMenu' took 0.164
[2019.12.14-20.44.27:131][  0]LogSlate: Updating window title bar state: overlay mode, drag disabled, window buttons hidden, title bar hidden
[2019.12.14-20.44.27:138][  0]LogSlate: Updating window title bar state: overlay mode, drag disabled, window buttons hidden, title bar hidden
[2019.12.14-20.44.27:145][  0]LogSlate: Updating window title bar state: overlay mode, drag disabled, window buttons hidden, title bar hidden
[2019.12.14-20.44.27:151][  0]LogSlate: Updating window title bar state: overlay mode, drag disabled, window buttons hidden, title bar hidden
[2019.12.14-20.44.27:156][  0]LogCollectionManager: Loaded 0 collections in 0.001485 seconds
[2019.12.14-20.44.27:162][  0]LogFileCache: Scanning file cache for directory 'D:/Documentos/GitHub/ProjectSangonaera/Sangonera/Saved/Collections/' took 0.00s
[2019.12.14-20.44.27:162][  0]LogFileCache: Scanning file cache for directory 'D:/Documentos/GitHub/ProjectSangonaera/Sangonera/Content/Developers/David/Collections/' took 0.00s
[2019.12.14-20.44.27:162][  0]LogFileCache: Scanning file cache for directory 'D:/Documentos/GitHub/ProjectSangonaera/Sangonera/Content/Collections/' took 0.00s
[2019.12.14-20.44.27:162][  0]LogCollectionManager: Rebuilt the GUID cache for 0 collections in 0.000001 seconds
[2019.12.14-20.44.27:169][  0]LogContentBrowser: Native class hierarchy populated in 0.0066 seconds. Added 2863 classes and 680 folders.
[2019.12.14-20.44.27:174][  0]LogContentBrowser: Native class hierarchy updated for 'WidgetCarousel' in 0.0002 seconds. Added 0 classes and 0 folders.
[2019.12.14-20.44.27:200][  0]LogContentBrowser: Native class hierarchy updated for 'AddContentDialog' in 0.0002 seconds. Added 0 classes and 0 folders.
[2019.12.14-20.44.27:204][  0]LogContentBrowser: Native class hierarchy updated for 'SceneOutliner' in 0.0003 seconds. Added 1 classes and 2 folders.
[2019.12.14-20.44.27:216][  0]LogSlate: Took 0.000133 seconds to synchronously load lazily loaded font '../../../Engine/Content/Slate/Fonts/Roboto-Regular.ttf' (155K)
[2019.12.14-20.44.27:218][  0]LogSlate: Took 0.000123 seconds to synchronously load lazily loaded font '../../../Engine/Content/Slate/Fonts/Roboto-Bold.ttf' (160K)
[2019.12.14-20.44.27:221][  0]LogSlate: Took 0.000108 seconds to synchronously load lazily loaded font '../../../Engine/Content/Editor/Slate/Fonts/FontAwesome.ttf' (139K)
[2019.12.14-20.44.27:273][  0]LogRenderer: Reallocating scene render targets to support 1208x572 Format 10 NumSamples 1 (Frame:1).
[2019.12.14-20.44.27:343][  0]LogSlate: FSceneViewport::OnFocusLost() reason 5
[2019.12.14-20.44.27:353][  0]LogSlate: Window 'Tutorials' being destroyed
[2019.12.14-20.44.27:361][  0]LogContentBrowser: Native class hierarchy updated for 'HierarchicalLODOutliner' in 0.0002 seconds. Added 0 classes and 0 folders.
[2019.12.14-20.44.27:361][  0]LogLoad: (Engine Initialization) Total time: 7.06 seconds
[2019.12.14-20.44.27:361][  0]LogLoad: (Engine Initialization) Total Blueprint compile time: 0.00 seconds
[2019.12.14-20.44.27:406][  0]LogAssetRegistry: Asset discovery search completed in 3.8050 seconds
[2019.12.14-20.44.27:410][  0]LogCollectionManager: Rebuilt the object cache for 0 collections in 0.000004 seconds (found 0 objects)
[2019.12.14-20.44.27:410][  0]LogCollectionManager: Fixed up redirectors for 0 collections in 0.000067 seconds (updated 0 objects)
[2019.12.14-20.44.27:411][  0]LogContentStreaming: Texture pool size now 1000 MB
[2019.12.14-20.44.27:438][  0]LogSlate: Took 0.000113 seconds to synchronously load lazily loaded font '../../../Engine/Content/Slate/Fonts/Roboto-Light.ttf' (167K)
[2019.12.14-20.44.28:719][  4]LogSlate: Took 0.000155 seconds to synchronously load lazily loaded font '../../../Engine/Content/Slate/Fonts/Roboto-Light.ttf' (167K)
[2019.12.14-20.44.40:314][177]LogSlate: FSceneViewport::OnFocusLost() reason 0
[2019.12.14-20.44.40:716][224]LogAssetEditorManager: Opening Asset editor for WidgetBlueprint /Game/UI/VideoSettings.VideoSettings
[2019.12.14-20.44.40:934][224]LogContentBrowser: Native class hierarchy updated for 'BlueprintGraph' in 0.0004 seconds. Added 121 classes and 0 folders.
[2019.12.14-20.44.41:902][224]LogSlate: Took 0.000132 seconds to synchronously load lazily loaded font '../../../Engine/Content/Slate/Fonts/Roboto-BoldCondensed.ttf' (158K)
[2019.12.14-20.44.43:023][337]LogSlate: Took 0.006440 seconds to synchronously load lazily loaded font '../../../Engine/Content/Slate/Fonts/DroidSansFallback.ttf' (3848K)
[2019.12.14-20.45.08:831][709]BlueprintLog: New page: Compile VideoSettings
[2019.12.14-20.45.08:919][709]LogUObjectHash: Compacting FUObjectHashTables data took   4.10ms
[2019.12.14-20.45.09:473][739]Cmd: OBJ SAVEPACKAGE PACKAGE="/Game/UI/VideoSettings" FILE="D:/Documentos/GitHub/ProjectSangonaera/Sangonera/Content/UI/VideoSettings.uasset" SILENT=true
[2019.12.14-20.45.09:603][739]LogSavePackage: Moving 'D:/Documentos/GitHub/ProjectSangonaera/Sangonera/Saved/VideoSettingsE220F56942012D2ED0F045909388F04A.tmp' to 'D:/Documentos/GitHub/ProjectSangonaera/Sangonera/Content/UI/VideoSettings.uasset'
[2019.12.14-20.45.11:864][928]LogSlate: Took 0.000125 seconds to synchronously load lazily loaded font '../../../Engine/Content/Slate/Fonts/Roboto-Italic.ttf' (157K)
[2019.12.14-20.45.31:519][384]BlueprintLog: New page: Compile VideoSettings
[2019.12.14-20.45.31:584][384]LogUObjectHash: Compacting FUObjectHashTables data took   3.74ms
[2019.12.14-20.45.31:972][399]Cmd: OBJ SAVEPACKAGE PACKAGE="/Game/UI/VideoSettings" FILE="D:/Documentos/GitHub/ProjectSangonaera/Sangonera/Content/UI/VideoSettings.uasset" SILENT=true
[2019.12.14-20.45.32:085][399]LogSavePackage: Moving 'D:/Documentos/GitHub/ProjectSangonaera/Sangonera/Saved/VideoSettings6252004B42FB67B99C18B2A596AA00EF.tmp' to 'D:/Documentos/GitHub/ProjectSangonaera/Sangonera/Content/UI/VideoSettings.uasset'
[2019.12.14-20.45.38:449][  8]BlueprintLog: New page: Compile VideoSettings
[2019.12.14-20.45.38:513][  8]LogUObjectHash: Compacting FUObjectHashTables data took   3.86ms
[2019.12.14-20.45.39:044][ 37]Cmd: OBJ SAVEPACKAGE PACKAGE="/Game/UI/VideoSettings" FILE="D:/Documentos/GitHub/ProjectSangonaera/Sangonera/Content/UI/VideoSettings.uasset" SILENT=true
[2019.12.14-20.45.39:167][ 37]LogSavePackage: Moving 'D:/Documentos/GitHub/ProjectSangonaera/Sangonera/Saved/VideoSettingsB6FE98B4425CCBE6471DEB9A953CB8F9.tmp' to 'D:/Documentos/GitHub/ProjectSangonaera/Sangonera/Content/UI/VideoSettings.uasset'
[2019.12.14-20.45.39:982][111]LogTemp: Repeating last play command: New Editor Window (PIE)
[2019.12.14-20.45.39:999][111]LogBlueprintUserMessages: Early PlayInEditor Detection: Level '/Game/Scenes/MainMenu.MainMenu:PersistentLevel' has LevelScriptBlueprint '/Game/Scenes/MainMenu.MainMenu:PersistentLevel.MainMenu' with GeneratedClass '/Game/Scenes/MainMenu.MainMenu_C' with ClassGeneratedBy '/Game/Scenes/MainMenu.MainMenu:PersistentLevel.MainMenu'
[2019.12.14-20.45.39:999][111]LogPlayLevel: PlayLevel: No blueprints needed recompiling
[2019.12.14-20.45.40:000][111]PIE: New page: PIE session: MainMenu (Dec 14, 2019, 10:45:40 PM)
[2019.12.14-20.45.40:001][111]LogOnline: OSS: Creating online subsystem instance for: NULL
[2019.12.14-20.45.40:001][111]LogPlayLevel: Creating play world package: /Game/Scenes/UEDPIE_0_MainMenu
[2019.12.14-20.45.40:002][111]LogPlayLevel: PIE: StaticDuplicateObject took: (0.000858s)
[2019.12.14-20.45.40:003][111]LogAIModule: Creating AISystem for world MainMenu
[2019.12.14-20.45.40:003][111]LogPlayLevel: PIE: World Init took: (0.000700s)
[2019.12.14-20.45.40:003][111]LogPlayLevel: PIE: Created PIE world by copying editor world from /Game/Scenes/MainMenu.MainMenu to /Game/Scenes/UEDPIE_0_MainMenu.MainMenu (0.001699s)
[2019.12.14-20.45.40:034][111]LogUObjectHash: Compacting FUObjectHashTables data took   3.48ms
[2019.12.14-20.45.40:045][111]LogInit: XAudio2 using 'Altavoces (6- USB Advanced Audio Device)' : 2 channels at 48 kHz using 16 bits per sample (channel mask 0x3)
[2019.12.14-20.45.40:054][111]LogInit: FAudioDevice initialized.
[2019.12.14-20.45.40:060][111]LogSlate: Updating window title bar state: overlay mode, drag disabled, window buttons hidden, title bar hidden
[2019.12.14-20.45.40:196][111]LogLoad: Game class is 'ThirdPersonGameMode_C'
[2019.12.14-20.45.40:197][111]LogWorld: Bringing World /Game/Scenes/UEDPIE_0_MainMenu.MainMenu up for play (max tick rate 0) at 2019.12.14-21.45.40
[2019.12.14-20.45.40:197][111]LogWorld: Bringing up level for play took: 0.000460
[2019.12.14-20.45.40:197][111]LogOnline: OSS: Creating online subsystem instance for: :Context_3
[2019.12.14-20.45.40:203][111]LogContentBrowser: Native class hierarchy updated for 'MovieSceneCapture' in 0.0002 seconds. Added 20 classes and 0 folders.
[2019.12.14-20.45.40:206][111]LogPlayerController: Error: InputMode:UIOnly - Attempting to focus Non-Focusable widget SObjectWidget [Widget.cpp(723)]!
[2019.12.14-20.45.40:210][111]PIE: Play in editor start time for /Game/Scenes/UEDPIE_0_MainMenu 1.113
[2019.12.14-20.45.40:211][111]LogBlueprintUserMessages: Late PlayInEditor Detection: Level '/Game/Scenes/MainMenu.MainMenu:PersistentLevel' has LevelScriptBlueprint '/Game/Scenes/MainMenu.MainMenu:PersistentLevel.MainMenu' with GeneratedClass '/Game/Scenes/MainMenu.MainMenu_C' with ClassGeneratedBy '/Game/Scenes/MainMenu.MainMenu:PersistentLevel.MainMenu'
[2019.12.14-20.45.40:252][112]LogRenderer: Reallocating scene render targets to support 1280x720 Format 10 NumSamples 1 (Frame:1).
[2019.12.14-20.45.41:364][177]LogSlate: FSceneViewport::OnFocusLost() reason 0
[2019.12.14-20.45.45:732][521]Cmd: sg.TextureQuality  0
[2019.12.14-20.45.45:732][521]LogConfig: Applying CVar settings from Section [TextureQuality@0] File [D:/Documentos/GitHub/ProjectSangonaera/Sangonera/Saved/Config/Windows/Scalability.ini]
[2019.12.14-20.45.45:732][521]LogConfig: Setting CVar [[r.Streaming.MipBias:16]]
[2019.12.14-20.45.45:733][521]LogConfig: Setting CVar [[r.Streaming.AmortizeCPUToGPUCopy:1]]
[2019.12.14-20.45.45:733][521]LogConfig: Setting CVar [[r.Streaming.MaxNumTexturesToStreamPerFrame:1]]
[2019.12.14-20.45.45:733][521]LogConfig: Setting CVar [[r.Streaming.Boost:0.3]]
[2019.12.14-20.45.45:733][521]LogConfig: Setting CVar [[r.MaxAnisotropy:0]]
[2019.12.14-20.45.45:733][521]LogConfig: Setting CVar [[r.Streaming.LimitPoolSizeToVRAM:1]]
[2019.12.14-20.45.45:733][521]LogConfig: Setting CVar [[r.Streaming.PoolSize:400]]
[2019.12.14-20.45.45:733][521]LogConfig: Setting CVar [[r.Streaming.MaxEffectiveScreenSize:0]]
[2019.12.14-20.45.45:733][521]sg.TextureQuality = "0"
[2019.12.14-20.45.45:759][523]LogContentStreaming: Texture pool size now 400 MB
[2019.12.14-20.45.46:760][601]Cmd: sg.ShadowQuality 0
[2019.12.14-20.45.46:760][601]LogConfig: Applying CVar settings from Section [ShadowQuality@0] File [D:/Documentos/GitHub/ProjectSangonaera/Sangonera/Saved/Config/Windows/Scalability.ini]
[2019.12.14-20.45.46:760][601]LogConfig: Setting CVar [[r.LightFunctionQuality:0]]
[2019.12.14-20.45.46:760][601]LogConfig: Setting CVar [[r.ShadowQuality:0]]
[2019.12.14-20.45.46:760][601]LogConfig: Setting CVar [[r.Shadow.CSM.MaxCascades:1]]
[2019.12.14-20.45.46:760][601]LogConfig: Setting CVar [[r.Shadow.MaxResolution:512]]
[2019.12.14-20.45.46:760][601]LogConfig: Setting CVar [[r.Shadow.MaxCSMResolution:512]]
[2019.12.14-20.45.46:760][601]LogConfig: Setting CVar [[r.Shadow.RadiusThreshold:0.06]]
[2019.12.14-20.45.46:761][601]LogConfig: Setting CVar [[r.Shadow.DistanceScale:0.6]]
[2019.12.14-20.45.46:761][601]LogConfig: Setting CVar [[r.Shadow.CSM.TransitionScale:0]]
[2019.12.14-20.45.46:761][601]LogConfig: Setting CVar [[r.Shadow.PreShadowResolutionFactor:0.5]]
[2019.12.14-20.45.46:761][601]LogConfig: Setting CVar [[r.DistanceFieldShadowing:0]]
[2019.12.14-20.45.46:761][601]LogConfig: Setting CVar [[r.DistanceFieldAO:0]]
[2019.12.14-20.45.46:761][601]LogConfig: Setting CVar [[r.VolumetricFog:0]]
[2019.12.14-20.45.46:761][601]LogConfig: Setting CVar [[r.LightMaxDrawDistanceScale:0]]
[2019.12.14-20.45.46:761][601]LogConfig: Setting CVar [[r.CapsuleShadows:0]]
[2019.12.14-20.45.46:761][601]sg.ShadowQuality = "0"
[2019.12.14-20.45.46:777][602]LogRenderer: Reallocating scene render targets to support 1280x720 Format 10 NumSamples 1 (Frame:491).
[2019.12.14-20.45.47:721][675]Cmd: r.PostProcessAAQuality  0
[2019.12.14-20.45.47:721][675]r.PostProcessAAQuality = "0"
[2019.12.14-20.45.48:701][743]Cmd: sg.PostProcessQuality 0
[2019.12.14-20.45.48:701][743]LogConfig: Applying CVar settings from Section [PostProcessQuality@0] File [D:/Documentos/GitHub/ProjectSangonaera/Sangonera/Saved/Config/Windows/Scalability.ini]
[2019.12.14-20.45.48:701][743]LogConfig: Setting CVar [[r.MotionBlurQuality:0]]
[2019.12.14-20.45.48:701][743]LogConfig: Setting CVar [[r.AmbientOcclusionMipLevelFactor:1.0]]
[2019.12.14-20.45.48:701][743]LogConfig: Setting CVar [[r.AmbientOcclusionMaxQuality:0]]
[2019.12.14-20.45.48:701][743]LogConfig: Setting CVar [[r.AmbientOcclusionLevels:0]]
[2019.12.14-20.45.48:701][743]LogConfig: Setting CVar [[r.AmbientOcclusionRadiusScale:1.2]]
[2019.12.14-20.45.48:701][743]LogConfig: Setting CVar [[r.DepthOfFieldQuality:0]]
[2019.12.14-20.45.48:701][743]LogConfig: Setting CVar [[r.RenderTargetPoolMin:300]]
[2019.12.14-20.45.48:701][743]LogConfig: Setting CVar [[r.LensFlareQuality:0]]
[2019.12.14-20.45.48:701][743]LogConfig: Setting CVar [[r.SceneColorFringeQuality:0]]
[2019.12.14-20.45.48:701][743]LogConfig: Setting CVar [[r.EyeAdaptationQuality:0]]
[2019.12.14-20.45.48:701][743]LogConfig: Setting CVar [[r.BloomQuality:4]]
[2019.12.14-20.45.48:701][743]LogConfig: Setting CVar [[r.FastBlurThreshold:0]]
[2019.12.14-20.45.48:701][743]LogConfig: Setting CVar [[r.Upscale.Quality:1]]
[2019.12.14-20.45.48:701][743]LogConfig: Setting CVar [[r.Tonemapper.GrainQuantization:0]]
[2019.12.14-20.45.48:701][743]LogConfig: Setting CVar [[r.LightShaftQuality:0]]
[2019.12.14-20.45.48:701][743]LogConfig: Setting CVar [[r.Filter.SizeScale:0.6]]
[2019.12.14-20.45.48:701][743]LogConfig: Setting CVar [[r.Tonemapper.Quality:0]]
[2019.12.14-20.45.48:701][743]sg.PostProcessQuality = "0"
[2019.12.14-20.45.49:777][824]Cmd: sg.EffectsQuality 1
[2019.12.14-20.45.49:777][824]LogConfig: Applying CVar settings from Section [EffectsQuality@1] File [D:/Documentos/GitHub/ProjectSangonaera/Sangonera/Saved/Config/Windows/Scalability.ini]
[2019.12.14-20.45.49:777][824]LogConfig: Setting CVar [[r.TranslucencyLightingVolumeDim:32]]
[2019.12.14-20.45.49:777][824]LogConfig: Setting CVar [[r.RefractionQuality:0]]
[2019.12.14-20.45.49:777][824]LogConfig: Setting CVar [[r.SSR.Quality:0]]
[2019.12.14-20.45.49:777][824]LogConfig: Setting CVar [[r.SceneColorFormat:3]]
[2019.12.14-20.45.49:777][824]LogConfig: Setting CVar [[r.DetailMode:1]]
[2019.12.14-20.45.49:777][824]LogConfig: Setting CVar [[r.TranslucencyVolumeBlur:0]]
[2019.12.14-20.45.49:777][824]LogConfig: Setting CVar [[r.MaterialQualityLevel:2 ; Medium quality]]
[2019.12.14-20.45.49:777][824]LogConfig: Setting CVar [[r.SSS.Scale:0.75]]
[2019.12.14-20.45.49:777][824]LogConfig: Setting CVar [[r.SSS.SampleSet:0]]
[2019.12.14-20.45.49:777][824]LogConfig: Setting CVar [[r.SSS.Quality:0]]
[2019.12.14-20.45.49:777][824]LogConfig: Setting CVar [[r.SSS.HalfRes:1]]
[2019.12.14-20.45.49:777][824]LogConfig: Setting CVar [[r.EmitterSpawnRateScale:0.25]]
[2019.12.14-20.45.49:777][824]LogConfig: Setting CVar [[r.ParticleLightQuality:0]]
[2019.12.14-20.45.49:777][824]sg.EffectsQuality = "1"
[2019.12.14-20.45.49:781][824]LogMaterial: Display: Missing cached shader map for material WorldGridMaterial, compiling. Is special engine material.
