Log file open, 12/04/19 10:07:09
LogWindows: Failed to load 'aqProf.dll' (GetLastError=126)
LogWindows: File 'aqProf.dll' does not exist
LogWindows: Failed to load 'VtuneApi.dll' (GetLastError=126)
LogWindows: File 'VtuneApi.dll' does not exist
LogWindows: Failed to load 'VtuneApi32e.dll' (GetLastError=126)
LogWindows: File 'VtuneApi32e.dll' does not exist
LogConsoleResponse: Display: Failed to find resolution value strings in scalability ini. Falling back to default.
LogInit: Display: Running engine for game: Sangonera
LogPlatformFile: Not using cached read wrapper
LogTaskGraph: Started task graph with 5 named threads and 35 total threads with 3 sets of task threads.
LogStats: Stats thread started at 0.064316
LogD3D11RHI: Loaded GFSDK_Aftermath_Lib.x64.dll
LogICUInternationalization: ICU TimeZone Detection - Raw Offset: +1:00, Platform Override: ''
LogPluginManager: Mounting plugin Paper2D
LogPluginManager: Mounting plugin AISupport
LogPluginManager: Mounting plugin LightPropagationVolume
LogPluginManager: Mounting plugin ActorLayerUtilities
LogPluginManager: Mounting plugin AnimationSharing
LogPluginManager: Mounting plugin CLionSourceCodeAccess
LogPluginManager: Mounting plugin CodeLiteSourceCodeAccess
LogPluginManager: Mounting plugin GitSourceControl
LogPluginManager: Mounting plugin KDevelopSourceCodeAccess
LogPluginManager: Mounting plugin NullSourceCodeAccess
LogPluginManager: Mounting plugin PerforceSourceControl
LogPluginManager: Mounting plugin SubversionSourceControl
LogPluginManager: Mounting plugin UObjectPlugin
LogPluginManager: Mounting plugin VisualStudioCodeSourceCodeAccess
LogPluginManager: Mounting plugin VisualStudioSourceCodeAccess
LogPluginManager: Mounting plugin XCodeSourceCodeAccess
LogPluginManager: Mounting plugin AssetManagerEditor
LogPluginManager: Mounting plugin CryptoKeys
LogPluginManager: Mounting plugin CurveEditorTools
LogPluginManager: Mounting plugin DataValidation
LogPluginManager: Mounting plugin FacialAnimation
LogPluginManager: Mounting plugin GameplayTagsEditor
LogPluginManager: Mounting plugin MacGraphicsSwitching
LogPluginManager: Mounting plugin MaterialAnalyzer
LogPluginManager: Mounting plugin MobileLauncherProfileWizard
LogPluginManager: Mounting plugin PluginBrowser
LogPluginManager: Mounting plugin SpeedTreeImporter
LogPluginManager: Mounting plugin DatasmithContent
LogPluginManager: Mounting plugin VariantManagerContent
LogPluginManager: Mounting plugin AlembicImporter
LogPluginManager: Mounting plugin AutomationUtils
LogPluginManager: Mounting plugin BackChannel
LogPluginManager: Mounting plugin CharacterAI
LogPluginManager: Mounting plugin GeometryCache
LogPluginManager: Mounting plugin HTML5Networking
LogPluginManager: Mounting plugin PlatformCrypto
LogPluginManager: Mounting plugin ProxyLODPlugin
LogPluginManager: Mounting plugin SkeletalReduction
LogPluginManager: Mounting plugin MagicLeap
LogPluginManager: Mounting plugin MagicLeapMedia
LogPluginManager: Mounting plugin AndroidMedia
LogPluginManager: Mounting plugin AvfMedia
LogPluginManager: Mounting plugin ImgMedia
LogPluginManager: Mounting plugin MediaCompositing
LogPluginManager: Mounting plugin MediaPlayerEditor
LogPluginManager: Mounting plugin WebMMedia
LogPluginManager: Mounting plugin WmfMedia
LogPluginManager: Mounting plugin TcpMessaging
LogPluginManager: Mounting plugin UdpMessaging
LogPluginManager: Mounting plugin ActorSequence
LogPluginManager: Mounting plugin LevelSequenceEditor
LogPluginManager: Mounting plugin MatineeToLevelSequence
LogPluginManager: Mounting plugin NetcodeUnitTest
LogPluginManager: Mounting plugin NUTUnrealEngine4
LogPluginManager: Mounting plugin OnlineSubsystemGooglePlay
LogPluginManager: Mounting plugin OnlineSubsystemIOS
LogPluginManager: Mounting plugin OnlineSubsystem
LogPluginManager: Mounting plugin OnlineSubsystemNull
LogPluginManager: Mounting plugin OnlineSubsystemUtils
LogPluginManager: Mounting plugin LauncherChunkInstaller
LogPluginManager: Mounting plugin AndroidDeviceProfileSelector
LogPluginManager: Mounting plugin AndroidMoviePlayer
LogPluginManager: Mounting plugin AndroidPermission
LogPluginManager: Mounting plugin AppleImageUtils
LogPluginManager: Mounting plugin AppleMoviePlayer
LogPluginManager: Mounting plugin ArchVisCharacter
LogPluginManager: Mounting plugin AudioCapture
LogPluginManager: Mounting plugin CableComponent
LogPluginManager: Mounting plugin CustomMeshComponent
LogPluginManager: Mounting plugin EditableMesh
LogPluginManager: Mounting plugin ExampleDeviceProfileSelector
LogPluginManager: Mounting plugin GoogleCloudMessaging
LogPluginManager: Mounting plugin IOSDeviceProfileSelector
LogPluginManager: Mounting plugin LinuxDeviceProfileSelector
LogPluginManager: Mounting plugin LocationServicesBPLibrary
LogPluginManager: Mounting plugin MobilePatchingUtils
LogPluginManager: Mounting plugin OculusVR
LogPluginManager: Mounting plugin PhysXVehicles
LogPluginManager: Mounting plugin ProceduralMeshComponent
LogPluginManager: Mounting plugin RuntimePhysXCooking
LogPluginManager: Mounting plugin SignificanceManager
LogPluginManager: Mounting plugin SteamVR
LogPluginManager: Mounting plugin WebMMoviePlayer
LogPluginManager: Mounting plugin WindowsMoviePlayer
LogPluginManager: Mounting plugin ScreenshotTools
LogInit: Using libcurl 7.55.1-DEV
LogInit:  - built for x86_64-pc-win32
LogInit:  - supports SSL with OpenSSL/1.1.1
LogInit:  - supports HTTP deflate (compression) using libz 1.2.8
LogInit:  - other features:
LogInit:      CURL_VERSION_SSL
LogInit:      CURL_VERSION_LIBZ
LogInit:      CURL_VERSION_IPV6
LogInit:      CURL_VERSION_ASYNCHDNS
LogInit:      CURL_VERSION_LARGEFILE
LogInit:      CURL_VERSION_IDN
LogInit:  CurlRequestOptions (configurable via config and command line):
LogInit:  - bVerifyPeer = true  - Libcurl will verify peer certificate
LogInit:  - bUseHttpProxy = false  - Libcurl will NOT use HTTP proxy
LogInit:  - bDontReuseConnections = false  - Libcurl will reuse connections
LogInit:  - MaxHostConnections = 16  - Libcurl will limit the number of connections to a host
LogInit:  - LocalHostAddr = Default
LogInit:  - BufferSize = 65536
LogOnline: OSS: Creating online subsystem instance for: NULL
LogInit: WinSock: version 1.1 (2.2), MaxSocks=32767, MaxUdp=65467
LogHMD: Failed initializing OVRPlugin 1.37.0
LogInit: Build: ++UE4+Release-4.23-CL-9631420
LogInit: Engine Version: 4.23.1-9631420+++UE4+Release-4.23
LogInit: Compatible Engine Version: 4.23.0-8386587+++UE4+Release-4.23
LogInit: Net CL: 8386587
LogInit: OS: Windows 10 (Release 1903) (), CPU: Intel(R) Core(TM) i7-8750H CPU @ 2.20GHz, GPU: Intel(R) UHD Graphics 630
LogInit: Compiled (64-bit): Oct 18 2019 02:07:44
LogInit: Compiled with Visual C++: 19.16.27030.01
LogInit: Build Configuration: Development
LogInit: Branch Name: ++UE4+Release-4.23
LogInit: Command Line:  -EpicPortal -epicusername=xPsychoPanda -epicuserid=98a002d0812b45ff9fe2e219cde04a54 -epiclocale=es-ES
LogInit: Base Directory: D:/Epic Games/UE_4.23/Engine/Binaries/Win64/
LogInit: Installed Engine Build: 1
LogDevObjectVersion: Number of dev versions registered: 23
LogDevObjectVersion:   Dev-Blueprints (B0D832E4-1F89-4F0D-ACCF-7EB736FD4AA2): 10
LogDevObjectVersion:   Dev-Build (E1C64328-A22C-4D53-A36C-8E866417BD8C): 0
LogDevObjectVersion:   Dev-Core (375EC13C-06E4-48FB-B500-84F0262A717E): 3
LogDevObjectVersion:   Dev-Editor (E4B068ED-F494-42E9-A231-DA0B2E46BB41): 34
LogDevObjectVersion:   Dev-Framework (CFFC743F-43B0-4480-9391-14DF171D2073): 35
LogDevObjectVersion:   Dev-Mobile (B02B49B5-BB20-44E9-A304-32B752E40360): 2
LogDevObjectVersion:   Dev-Networking (A4E4105C-59A1-49B5-A7C5-40C4547EDFEE): 0
LogDevObjectVersion:   Dev-Online (39C831C9-5AE6-47DC-9A44-9C173E1C8E7C): 0
LogDevObjectVersion:   Dev-Physics (78F01B33-EBEA-4F98-B9B4-84EACCB95AA2): 0
LogDevObjectVersion:   Dev-Platform (6631380F-2D4D-43E0-8009-CF276956A95A): 0
LogDevObjectVersion:   Dev-Rendering (12F88B9F-8875-4AFC-A67C-D90C383ABD29): 31
LogDevObjectVersion:   Dev-Sequencer (7B5AE74C-D270-4C10-A958-57980B212A5A): 11
LogDevObjectVersion:   Dev-VR (D7296918-1DD6-4BDD-9DE2-64A83CC13884): 2
LogDevObjectVersion:   Dev-LoadTimes (C2A15278-BFE7-4AFE-6C17-90FF531DF755): 1
LogDevObjectVersion:   Private-Geometry (6EACA3D4-40EC-4CC1-B786-8BED09428FC5): 3
LogDevObjectVersion:   Dev-AnimPhys (29E575DD-E0A3-4627-9D10-D276232CDCEA): 17
LogDevObjectVersion:   Dev-Anim (AF43A65D-7FD3-4947-9873-3E8ED9C1BB05): 2
LogDevObjectVersion:   Dev-ReflectionCapture (6B266CEC-1EC7-4B8F-A30B-E4D90942FC07): 1
LogDevObjectVersion:   Dev-Automation (0DF73D61-A23F-47EA-B727-89E90C41499A): 1
LogDevObjectVersion:   FortniteMain (601D1886-AC64-4F84-AA16-D3DE0DEAC7D6): 27
LogDevObjectVersion:   Dev-Enterprise (9DFFBCD6-494F-0158-E221-12823C92A888): 6
LogDevObjectVersion:   Dev-Niagara (F2AED0AC-9AFE-416F-8664-AA7FFA26D6FC): 1
LogDevObjectVersion:   Dev-Destruction (174F1F0B-B4C6-45A5-B13F-2EE8D0FB917D): 9
LogInit: Presizing for max 16777216 objects, including 0 objects not considered by GC, pre-allocating 0 bytes for permanent pool.
LogInit: Object subsystem initialized
LogConfig: Setting CVar [[con.DebugEarlyDefault:1]]
LogConfig: Setting CVar [[r.setres:1280x720]]
[2019.12.04-09.07.10:574][  0]LogConfig: Setting CVar [[r.VSync:0]]
[2019.12.04-09.07.10:574][  0]LogConfig: Setting CVar [[r.RHICmdBypass:0]]
[2019.12.04-09.07.10:574][  0]LogConfig: Applying CVar settings from Section [/Script/Engine.RendererSettings] File [C:/Users/Guillem/Desktop/Project/ProjectSangonaera/Sangonera/Saved/Config/Windows/Engine.ini]
[2019.12.04-09.07.10:574][  0]LogConfig: Setting CVar [[r.GPUCrashDebugging:0]]
[2019.12.04-09.07.10:574][  0]LogConfig: Applying CVar settings from Section [/Script/Engine.RendererOverrideSettings] File [C:/Users/Guillem/Desktop/Project/ProjectSangonaera/Sangonera/Saved/Config/Windows/Engine.ini]
[2019.12.04-09.07.10:574][  0]LogConfig: Applying CVar settings from Section [/Script/Engine.StreamingSettings] File [C:/Users/Guillem/Desktop/Project/ProjectSangonaera/Sangonera/Saved/Config/Windows/Engine.ini]
[2019.12.04-09.07.10:574][  0]LogConfig: Setting CVar [[s.MinBulkDataSizeForAsyncLoading:131072]]
[2019.12.04-09.07.10:574][  0]LogConfig: Setting CVar [[s.AsyncLoadingThreadEnabled:0]]
[2019.12.04-09.07.10:574][  0]LogConfig: Setting CVar [[s.EventDrivenLoaderEnabled:1]]
[2019.12.04-09.07.10:574][  0]LogConfig: Setting CVar [[s.WarnIfTimeLimitExceeded:0]]
[2019.12.04-09.07.10:574][  0]LogConfig: Setting CVar [[s.TimeLimitExceededMultiplier:1.5]]
[2019.12.04-09.07.10:574][  0]LogConfig: Setting CVar [[s.TimeLimitExceededMinTime:0.005]]
[2019.12.04-09.07.10:574][  0]LogConfig: Setting CVar [[s.UseBackgroundLevelStreaming:1]]
[2019.12.04-09.07.10:574][  0]LogConfig: Setting CVar [[s.PriorityAsyncLoadingExtraTime:15.0]]
[2019.12.04-09.07.10:574][  0]LogConfig: Setting CVar [[s.LevelStreamingActorsUpdateTimeLimit:5.0]]
[2019.12.04-09.07.10:574][  0]LogConfig: Setting CVar [[s.PriorityLevelStreamingActorsUpdateExtraTime:5.0]]
[2019.12.04-09.07.10:574][  0]LogConfig: Setting CVar [[s.LevelStreamingComponentsRegistrationGranularity:10]]
[2019.12.04-09.07.10:574][  0]LogConfig: Setting CVar [[s.UnregisterComponentsTimeLimit:1.0]]
[2019.12.04-09.07.10:574][  0]LogConfig: Setting CVar [[s.LevelStreamingComponentsUnregistrationGranularity:5]]
[2019.12.04-09.07.10:574][  0]LogConfig: Applying CVar settings from Section [/Script/Engine.GarbageCollectionSettings] File [C:/Users/Guillem/Desktop/Project/ProjectSangonaera/Sangonera/Saved/Config/Windows/Engine.ini]
[2019.12.04-09.07.10:574][  0]LogConfig: Setting CVar [[gc.MaxObjectsNotConsideredByGC:1]]
[2019.12.04-09.07.10:574][  0]LogConfig: Setting CVar [[gc.SizeOfPermanentObjectPool:0]]
[2019.12.04-09.07.10:574][  0]LogConfig: Setting CVar [[gc.FlushStreamingOnGC:0]]
[2019.12.04-09.07.10:574][  0]LogConfig: Setting CVar [[gc.NumRetriesBeforeForcingGC:10]]
[2019.12.04-09.07.10:574][  0]LogConfig: Setting CVar [[gc.AllowParallelGC:1]]
[2019.12.04-09.07.10:574][  0]LogConfig: Setting CVar [[gc.TimeBetweenPurgingPendingKillObjects:61.1]]
[2019.12.04-09.07.10:574][  0]LogConfig: Setting CVar [[gc.MaxObjectsInEditor:16777216]]
[2019.12.04-09.07.10:574][  0]LogConfig: Setting CVar [[gc.IncrementalBeginDestroyEnabled:1]]
[2019.12.04-09.07.10:574][  0]LogConfig: Setting CVar [[gc.CreateGCClusters:1]]
[2019.12.04-09.07.10:574][  0]LogConfig: Setting CVar [[gc.MinGCClusterSize:5]]
[2019.12.04-09.07.10:574][  0]LogConfig: Setting CVar [[gc.ActorClusteringEnabled:0]]
[2019.12.04-09.07.10:574][  0]LogConfig: Setting CVar [[gc.BlueprintClusteringEnabled:0]]
[2019.12.04-09.07.10:574][  0]LogConfig: Setting CVar [[gc.UseDisregardForGCOnDedicatedServers:0]]
[2019.12.04-09.07.10:574][  0]LogConfig: Applying CVar settings from Section [/Script/Engine.NetworkSettings] File [C:/Users/Guillem/Desktop/Project/ProjectSangonaera/Sangonera/Saved/Config/Windows/Engine.ini]
[2019.12.04-09.07.10:574][  0]LogConfig: Applying CVar settings from Section [/Script/UnrealEd.CookerSettings] File [C:/Users/Guillem/Desktop/Project/ProjectSangonaera/Sangonera/Saved/Config/Windows/Engine.ini]
[2019.12.04-09.07.10:576][  0]LogConfig: Applying CVar settings from Section [ViewDistanceQuality@3] File [C:/Users/Guillem/Desktop/Project/ProjectSangonaera/Sangonera/Saved/Config/Windows/Scalability.ini]
[2019.12.04-09.07.10:576][  0]LogConfig: Setting CVar [[r.SkeletalMeshLODBias:0]]
[2019.12.04-09.07.10:576][  0]LogConfig: Setting CVar [[r.ViewDistanceScale:1.0]]
[2019.12.04-09.07.10:576][  0]LogConfig: Applying CVar settings from Section [AntiAliasingQuality@3] File [C:/Users/Guillem/Desktop/Project/ProjectSangonaera/Sangonera/Saved/Config/Windows/Scalability.ini]
[2019.12.04-09.07.10:576][  0]LogConfig: Setting CVar [[r.PostProcessAAQuality:4]]
[2019.12.04-09.07.10:576][  0]LogConfig: Applying CVar settings from Section [ShadowQuality@3] File [C:/Users/Guillem/Desktop/Project/ProjectSangonaera/Sangonera/Saved/Config/Windows/Scalability.ini]
[2019.12.04-09.07.10:576][  0]LogConfig: Setting CVar [[r.LightFunctionQuality:1]]
[2019.12.04-09.07.10:576][  0]LogConfig: Setting CVar [[r.ShadowQuality:5]]
[2019.12.04-09.07.10:576][  0]LogConfig: Setting CVar [[r.Shadow.CSM.MaxCascades:10]]
[2019.12.04-09.07.10:576][  0]LogConfig: Setting CVar [[r.Shadow.MaxResolution:2048]]
[2019.12.04-09.07.10:576][  0]LogConfig: Setting CVar [[r.Shadow.MaxCSMResolution:2048]]
[2019.12.04-09.07.10:576][  0]LogConfig: Setting CVar [[r.Shadow.RadiusThreshold:0.01]]
[2019.12.04-09.07.10:576][  0]LogConfig: Setting CVar [[r.Shadow.DistanceScale:1.0]]
[2019.12.04-09.07.10:576][  0]LogConfig: Setting CVar [[r.Shadow.CSM.TransitionScale:1.0]]
[2019.12.04-09.07.10:576][  0]LogConfig: Setting CVar [[r.Shadow.PreShadowResolutionFactor:1.0]]
[2019.12.04-09.07.10:576][  0]LogConfig: Setting CVar [[r.DistanceFieldShadowing:1]]
[2019.12.04-09.07.10:576][  0]LogConfig: Setting CVar [[r.DistanceFieldAO:1]]
[2019.12.04-09.07.10:576][  0]LogConfig: Setting CVar [[r.AOQuality:2]]
[2019.12.04-09.07.10:576][  0]LogConfig: Setting CVar [[r.VolumetricFog:1]]
[2019.12.04-09.07.10:576][  0]LogConfig: Setting CVar [[r.VolumetricFog.GridPixelSize:8]]
[2019.12.04-09.07.10:576][  0]LogConfig: Setting CVar [[r.VolumetricFog.GridSizeZ:128]]
[2019.12.04-09.07.10:576][  0]LogConfig: Setting CVar [[r.VolumetricFog.HistoryMissSupersampleCount:4]]
[2019.12.04-09.07.10:576][  0]LogConfig: Setting CVar [[r.LightMaxDrawDistanceScale:1]]
[2019.12.04-09.07.10:576][  0]LogConfig: Setting CVar [[r.CapsuleShadows:1]]
[2019.12.04-09.07.10:576][  0]LogConfig: Applying CVar settings from Section [PostProcessQuality@3] File [C:/Users/Guillem/Desktop/Project/ProjectSangonaera/Sangonera/Saved/Config/Windows/Scalability.ini]
[2019.12.04-09.07.10:577][  0]LogConfig: Setting CVar [[r.MotionBlurQuality:4]]
[2019.12.04-09.07.10:577][  0]LogConfig: Setting CVar [[r.AmbientOcclusionMipLevelFactor:0.4]]
[2019.12.04-09.07.10:577][  0]LogConfig: Setting CVar [[r.AmbientOcclusionMaxQuality:100]]
[2019.12.04-09.07.10:577][  0]LogConfig: Setting CVar [[r.AmbientOcclusionLevels:-1]]
[2019.12.04-09.07.10:577][  0]LogConfig: Setting CVar [[r.AmbientOcclusionRadiusScale:1.0]]
[2019.12.04-09.07.10:577][  0]LogConfig: Setting CVar [[r.DepthOfFieldQuality:2]]
[2019.12.04-09.07.10:577][  0]LogConfig: Setting CVar [[r.RenderTargetPoolMin:400]]
[2019.12.04-09.07.10:577][  0]LogConfig: Setting CVar [[r.LensFlareQuality:2]]
[2019.12.04-09.07.10:577][  0]LogConfig: Setting CVar [[r.SceneColorFringeQuality:1]]
[2019.12.04-09.07.10:577][  0]LogConfig: Setting CVar [[r.EyeAdaptationQuality:2]]
[2019.12.04-09.07.10:577][  0]LogConfig: Setting CVar [[r.BloomQuality:5]]
[2019.12.04-09.07.10:577][  0]LogConfig: Setting CVar [[r.FastBlurThreshold:100]]
[2019.12.04-09.07.10:577][  0]LogConfig: Setting CVar [[r.Upscale.Quality:3]]
[2019.12.04-09.07.10:577][  0]LogConfig: Setting CVar [[r.Tonemapper.GrainQuantization:1]]
[2019.12.04-09.07.10:577][  0]LogConfig: Setting CVar [[r.LightShaftQuality:1]]
[2019.12.04-09.07.10:577][  0]LogConfig: Setting CVar [[r.Filter.SizeScale:1]]
[2019.12.04-09.07.10:577][  0]LogConfig: Setting CVar [[r.Tonemapper.Quality:5]]
[2019.12.04-09.07.10:577][  0]LogConfig: Setting CVar [[r.DOF.Gather.AccumulatorQuality:1        ; higher gathering accumulator quality]]
[2019.12.04-09.07.10:577][  0]LogConfig: Setting CVar [[r.DOF.Gather.PostfilterMethod:1          ; Median3x3 postfilering method]]
[2019.12.04-09.07.10:577][  0]LogConfig: Setting CVar [[r.DOF.Gather.EnableBokehSettings:0       ; no bokeh simulation when gathering]]
[2019.12.04-09.07.10:577][  0]LogConfig: Setting CVar [[r.DOF.Gather.RingCount:4                 ; medium number of samples when gathering]]
[2019.12.04-09.07.10:577][  0]LogConfig: Setting CVar [[r.DOF.Scatter.ForegroundCompositing:1    ; additive foreground scattering]]
[2019.12.04-09.07.10:577][  0]LogConfig: Setting CVar [[r.DOF.Scatter.BackgroundCompositing:2    ; additive background scattering]]
[2019.12.04-09.07.10:577][  0]LogConfig: Setting CVar [[r.DOF.Scatter.EnableBokehSettings:1      ; bokeh simulation when scattering]]
[2019.12.04-09.07.10:577][  0]LogConfig: Setting CVar [[r.DOF.Scatter.MaxSpriteRatio:0.1         ; only a maximum of 10% of scattered bokeh]]
[2019.12.04-09.07.10:577][  0]LogConfig: Setting CVar [[r.DOF.Recombine.Quality:1                ; cheap slight out of focus]]
[2019.12.04-09.07.10:577][  0]LogConfig: Setting CVar [[r.DOF.Recombine.EnableBokehSettings:0    ; no bokeh simulation on slight out of focus]]
[2019.12.04-09.07.10:577][  0]LogConfig: Setting CVar [[r.DOF.TemporalAAQuality:1                ; more stable temporal accumulation]]
[2019.12.04-09.07.10:577][  0]LogConfig: Setting CVar [[r.DOF.Kernel.MaxForegroundRadius:0.025]]
[2019.12.04-09.07.10:577][  0]LogConfig: Setting CVar [[r.DOF.Kernel.MaxBackgroundRadius:0.025]]
[2019.12.04-09.07.10:577][  0]LogConfig: Applying CVar settings from Section [TextureQuality@3] File [C:/Users/Guillem/Desktop/Project/ProjectSangonaera/Sangonera/Saved/Config/Windows/Scalability.ini]
[2019.12.04-09.07.10:577][  0]LogConfig: Setting CVar [[r.Streaming.MipBias:0]]
[2019.12.04-09.07.10:577][  0]LogConfig: Setting CVar [[r.Streaming.AmortizeCPUToGPUCopy:0]]
[2019.12.04-09.07.10:577][  0]LogConfig: Setting CVar [[r.Streaming.MaxNumTexturesToStreamPerFrame:0]]
[2019.12.04-09.07.10:577][  0]LogConfig: Setting CVar [[r.Streaming.Boost:1]]
[2019.12.04-09.07.10:577][  0]LogConfig: Setting CVar [[r.MaxAnisotropy:8]]
[2019.12.04-09.07.10:577][  0]LogConfig: Setting CVar [[r.Streaming.LimitPoolSizeToVRAM:0]]
[2019.12.04-09.07.10:577][  0]LogConfig: Setting CVar [[r.Streaming.PoolSize:1000]]
[2019.12.04-09.07.10:577][  0]LogConfig: Setting CVar [[r.Streaming.MaxEffectiveScreenSize:0]]
[2019.12.04-09.07.10:577][  0]LogConfig: Applying CVar settings from Section [EffectsQuality@3] File [C:/Users/Guillem/Desktop/Project/ProjectSangonaera/Sangonera/Saved/Config/Windows/Scalability.ini]
[2019.12.04-09.07.10:577][  0]LogConfig: Setting CVar [[r.TranslucencyLightingVolumeDim:64]]
[2019.12.04-09.07.10:577][  0]LogConfig: Setting CVar [[r.RefractionQuality:2]]
[2019.12.04-09.07.10:577][  0]LogConfig: Setting CVar [[r.SSR.Quality:3]]
[2019.12.04-09.07.10:577][  0]LogConfig: Setting CVar [[r.SceneColorFormat:4]]
[2019.12.04-09.07.10:577][  0]LogConfig: Setting CVar [[r.DetailMode:2]]
[2019.12.04-09.07.10:577][  0]LogConfig: Setting CVar [[r.TranslucencyVolumeBlur:1]]
[2019.12.04-09.07.10:577][  0]LogConfig: Setting CVar [[r.MaterialQualityLevel:1 ; High quality]]
[2019.12.04-09.07.10:577][  0]LogConfig: Setting CVar [[r.SSS.Scale:1]]
[2019.12.04-09.07.10:577][  0]LogConfig: Setting CVar [[r.SSS.SampleSet:2]]
[2019.12.04-09.07.10:577][  0]LogConfig: Setting CVar [[r.SSS.Quality:1]]
[2019.12.04-09.07.10:577][  0]LogConfig: Setting CVar [[r.SSS.HalfRes:1]]
[2019.12.04-09.07.10:577][  0]LogConfig: Setting CVar [[r.EmitterSpawnRateScale:1.0]]
[2019.12.04-09.07.10:577][  0]LogConfig: Setting CVar [[r.ParticleLightQuality:2]]
[2019.12.04-09.07.10:577][  0]LogConfig: Applying CVar settings from Section [FoliageQuality@3] File [C:/Users/Guillem/Desktop/Project/ProjectSangonaera/Sangonera/Saved/Config/Windows/Scalability.ini]
[2019.12.04-09.07.10:577][  0]LogConfig: Setting CVar [[foliage.DensityScale:1.0]]
[2019.12.04-09.07.10:577][  0]LogConfig: Setting CVar [[grass.DensityScale:1.0]]
[2019.12.04-09.07.10:577][  0]LogInit: Selected Device Profile: [Windows]
[2019.12.04-09.07.10:577][  0]LogInit: Applying CVar settings loaded from the selected device profile: [Windows]
[2019.12.04-09.07.10:582][  0]LogHAL: Display: Platform has ~ 16 GB [17016328192 / 17179869184 / 16], which maps to Larger [LargestMinGB=32, LargerMinGB=12, DefaultMinGB=8, SmallerMinGB=6, SmallestMinGB=0)
[2019.12.04-09.07.10:582][  0]LogInit: Going up to parent DeviceProfile []
[2019.12.04-09.07.10:582][  0]LogConfig: Applying CVar settings from Section [ViewDistanceQuality@3] File [C:/Users/Guillem/Desktop/Project/ProjectSangonaera/Sangonera/Saved/Config/Windows/Scalability.ini]
[2019.12.04-09.07.10:582][  0]LogConfig: Setting CVar [[r.SkeletalMeshLODBias:0]]
[2019.12.04-09.07.10:582][  0]LogConfig: Setting CVar [[r.ViewDistanceScale:1.0]]
[2019.12.04-09.07.10:582][  0]LogConfig: Applying CVar settings from Section [AntiAliasingQuality@3] File [C:/Users/Guillem/Desktop/Project/ProjectSangonaera/Sangonera/Saved/Config/Windows/Scalability.ini]
[2019.12.04-09.07.10:582][  0]LogConfig: Setting CVar [[r.PostProcessAAQuality:4]]
[2019.12.04-09.07.10:582][  0]LogConfig: Applying CVar settings from Section [ShadowQuality@3] File [C:/Users/Guillem/Desktop/Project/ProjectSangonaera/Sangonera/Saved/Config/Windows/Scalability.ini]
[2019.12.04-09.07.10:582][  0]LogConfig: Setting CVar [[r.LightFunctionQuality:1]]
[2019.12.04-09.07.10:582][  0]LogConfig: Setting CVar [[r.ShadowQuality:5]]
[2019.12.04-09.07.10:582][  0]LogConfig: Setting CVar [[r.Shadow.CSM.MaxCascades:10]]
[2019.12.04-09.07.10:582][  0]LogConfig: Setting CVar [[r.Shadow.MaxResolution:2048]]
[2019.12.04-09.07.10:582][  0]LogConfig: Setting CVar [[r.Shadow.MaxCSMResolution:2048]]
[2019.12.04-09.07.10:582][  0]LogConfig: Setting CVar [[r.Shadow.RadiusThreshold:0.01]]
[2019.12.04-09.07.10:582][  0]LogConfig: Setting CVar [[r.Shadow.DistanceScale:1.0]]
[2019.12.04-09.07.10:582][  0]LogConfig: Setting CVar [[r.Shadow.CSM.TransitionScale:1.0]]
[2019.12.04-09.07.10:582][  0]LogConfig: Setting CVar [[r.Shadow.PreShadowResolutionFactor:1.0]]
[2019.12.04-09.07.10:582][  0]LogConfig: Setting CVar [[r.DistanceFieldShadowing:1]]
[2019.12.04-09.07.10:582][  0]LogConfig: Setting CVar [[r.DistanceFieldAO:1]]
[2019.12.04-09.07.10:582][  0]LogConfig: Setting CVar [[r.AOQuality:2]]
[2019.12.04-09.07.10:582][  0]LogConfig: Setting CVar [[r.VolumetricFog:1]]
[2019.12.04-09.07.10:582][  0]LogConfig: Setting CVar [[r.VolumetricFog.GridPixelSize:8]]
[2019.12.04-09.07.10:582][  0]LogConfig: Setting CVar [[r.VolumetricFog.GridSizeZ:128]]
[2019.12.04-09.07.10:582][  0]LogConfig: Setting CVar [[r.VolumetricFog.HistoryMissSupersampleCount:4]]
[2019.12.04-09.07.10:582][  0]LogConfig: Setting CVar [[r.LightMaxDrawDistanceScale:1]]
[2019.12.04-09.07.10:582][  0]LogConfig: Setting CVar [[r.CapsuleShadows:1]]
[2019.12.04-09.07.10:582][  0]LogConfig: Applying CVar settings from Section [PostProcessQuality@3] File [C:/Users/Guillem/Desktop/Project/ProjectSangonaera/Sangonera/Saved/Config/Windows/Scalability.ini]
[2019.12.04-09.07.10:582][  0]LogConfig: Setting CVar [[r.MotionBlurQuality:4]]
[2019.12.04-09.07.10:582][  0]LogConfig: Setting CVar [[r.AmbientOcclusionMipLevelFactor:0.4]]
[2019.12.04-09.07.10:582][  0]LogConfig: Setting CVar [[r.AmbientOcclusionMaxQuality:100]]
[2019.12.04-09.07.10:582][  0]LogConfig: Setting CVar [[r.AmbientOcclusionLevels:-1]]
[2019.12.04-09.07.10:582][  0]LogConfig: Setting CVar [[r.AmbientOcclusionRadiusScale:1.0]]
[2019.12.04-09.07.10:582][  0]LogConfig: Setting CVar [[r.DepthOfFieldQuality:2]]
[2019.12.04-09.07.10:582][  0]LogConfig: Setting CVar [[r.RenderTargetPoolMin:400]]
[2019.12.04-09.07.10:582][  0]LogConfig: Setting CVar [[r.LensFlareQuality:2]]
[2019.12.04-09.07.10:583][  0]LogConfig: Setting CVar [[r.SceneColorFringeQuality:1]]
[2019.12.04-09.07.10:583][  0]LogConfig: Setting CVar [[r.EyeAdaptationQuality:2]]
[2019.12.04-09.07.10:583][  0]LogConfig: Setting CVar [[r.BloomQuality:5]]
[2019.12.04-09.07.10:583][  0]LogConfig: Setting CVar [[r.FastBlurThreshold:100]]
[2019.12.04-09.07.10:583][  0]LogConfig: Setting CVar [[r.Upscale.Quality:3]]
[2019.12.04-09.07.10:583][  0]LogConfig: Setting CVar [[r.Tonemapper.GrainQuantization:1]]
[2019.12.04-09.07.10:583][  0]LogConfig: Setting CVar [[r.LightShaftQuality:1]]
[2019.12.04-09.07.10:583][  0]LogConfig: Setting CVar [[r.Filter.SizeScale:1]]
[2019.12.04-09.07.10:583][  0]LogConfig: Setting CVar [[r.Tonemapper.Quality:5]]
[2019.12.04-09.07.10:583][  0]LogConfig: Setting CVar [[r.DOF.Gather.AccumulatorQuality:1        ; higher gathering accumulator quality]]
[2019.12.04-09.07.10:583][  0]LogConfig: Setting CVar [[r.DOF.Gather.PostfilterMethod:1          ; Median3x3 postfilering method]]
[2019.12.04-09.07.10:583][  0]LogConfig: Setting CVar [[r.DOF.Gather.EnableBokehSettings:0       ; no bokeh simulation when gathering]]
[2019.12.04-09.07.10:583][  0]LogConfig: Setting CVar [[r.DOF.Gather.RingCount:4                 ; medium number of samples when gathering]]
[2019.12.04-09.07.10:583][  0]LogConfig: Setting CVar [[r.DOF.Scatter.ForegroundCompositing:1    ; additive foreground scattering]]
[2019.12.04-09.07.10:583][  0]LogConfig: Setting CVar [[r.DOF.Scatter.BackgroundCompositing:2    ; additive background scattering]]
[2019.12.04-09.07.10:583][  0]LogConfig: Setting CVar [[r.DOF.Scatter.EnableBokehSettings:1      ; bokeh simulation when scattering]]
[2019.12.04-09.07.10:583][  0]LogConfig: Setting CVar [[r.DOF.Scatter.MaxSpriteRatio:0.1         ; only a maximum of 10% of scattered bokeh]]
[2019.12.04-09.07.10:583][  0]LogConfig: Setting CVar [[r.DOF.Recombine.Quality:1                ; cheap slight out of focus]]
[2019.12.04-09.07.10:583][  0]LogConfig: Setting CVar [[r.DOF.Recombine.EnableBokehSettings:0    ; no bokeh simulation on slight out of focus]]
[2019.12.04-09.07.10:583][  0]LogConfig: Setting CVar [[r.DOF.TemporalAAQuality:1                ; more stable temporal accumulation]]
[2019.12.04-09.07.10:583][  0]LogConfig: Setting CVar [[r.DOF.Kernel.MaxForegroundRadius:0.025]]
[2019.12.04-09.07.10:583][  0]LogConfig: Setting CVar [[r.DOF.Kernel.MaxBackgroundRadius:0.025]]
[2019.12.04-09.07.10:583][  0]LogConfig: Applying CVar settings from Section [TextureQuality@3] File [C:/Users/Guillem/Desktop/Project/ProjectSangonaera/Sangonera/Saved/Config/Windows/Scalability.ini]
[2019.12.04-09.07.10:583][  0]LogConfig: Setting CVar [[r.Streaming.MipBias:0]]
[2019.12.04-09.07.10:583][  0]LogConfig: Setting CVar [[r.Streaming.AmortizeCPUToGPUCopy:0]]
[2019.12.04-09.07.10:583][  0]LogConfig: Setting CVar [[r.Streaming.MaxNumTexturesToStreamPerFrame:0]]
[2019.12.04-09.07.10:583][  0]LogConfig: Setting CVar [[r.Streaming.Boost:1]]
[2019.12.04-09.07.10:583][  0]LogConfig: Setting CVar [[r.MaxAnisotropy:8]]
[2019.12.04-09.07.10:583][  0]LogConfig: Setting CVar [[r.Streaming.LimitPoolSizeToVRAM:0]]
[2019.12.04-09.07.10:583][  0]LogConfig: Setting CVar [[r.Streaming.PoolSize:1000]]
[2019.12.04-09.07.10:583][  0]LogConfig: Setting CVar [[r.Streaming.MaxEffectiveScreenSize:0]]
[2019.12.04-09.07.10:583][  0]LogConfig: Applying CVar settings from Section [EffectsQuality@3] File [C:/Users/Guillem/Desktop/Project/ProjectSangonaera/Sangonera/Saved/Config/Windows/Scalability.ini]
[2019.12.04-09.07.10:583][  0]LogConfig: Setting CVar [[r.TranslucencyLightingVolumeDim:64]]
[2019.12.04-09.07.10:583][  0]LogConfig: Setting CVar [[r.RefractionQuality:2]]
[2019.12.04-09.07.10:583][  0]LogConfig: Setting CVar [[r.SSR.Quality:3]]
[2019.12.04-09.07.10:583][  0]LogConfig: Setting CVar [[r.SceneColorFormat:4]]
[2019.12.04-09.07.10:583][  0]LogConfig: Setting CVar [[r.DetailMode:2]]
[2019.12.04-09.07.10:583][  0]LogConfig: Setting CVar [[r.TranslucencyVolumeBlur:1]]
[2019.12.04-09.07.10:583][  0]LogConfig: Setting CVar [[r.MaterialQualityLevel:1 ; High quality]]
[2019.12.04-09.07.10:583][  0]LogConfig: Setting CVar [[r.SSS.Scale:1]]
[2019.12.04-09.07.10:583][  0]LogConfig: Setting CVar [[r.SSS.SampleSet:2]]
[2019.12.04-09.07.10:583][  0]LogConfig: Setting CVar [[r.SSS.Quality:1]]
[2019.12.04-09.07.10:583][  0]LogConfig: Setting CVar [[r.SSS.HalfRes:1]]
[2019.12.04-09.07.10:583][  0]LogConfig: Setting CVar [[r.EmitterSpawnRateScale:1.0]]
[2019.12.04-09.07.10:583][  0]LogConfig: Setting CVar [[r.ParticleLightQuality:2]]
[2019.12.04-09.07.10:583][  0]LogConfig: Applying CVar settings from Section [FoliageQuality@3] File [C:/Users/Guillem/Desktop/Project/ProjectSangonaera/Sangonera/Saved/Config/Windows/Scalability.ini]
[2019.12.04-09.07.10:583][  0]LogConfig: Setting CVar [[foliage.DensityScale:1.0]]
[2019.12.04-09.07.10:583][  0]LogConfig: Setting CVar [[grass.DensityScale:1.0]]
[2019.12.04-09.07.10:583][  0]LogConfig: Applying CVar settings from Section [Startup] File [../../../Engine/Config/ConsoleVariables.ini]
[2019.12.04-09.07.10:583][  0]LogConfig: Setting CVar [[net.UseAdaptiveNetUpdateFrequency:0]]
[2019.12.04-09.07.10:583][  0]LogConfig: Setting CVar [[p.chaos.AllowCreatePhysxBodies:1]]
[2019.12.04-09.07.10:583][  0]LogConfig: Applying CVar settings from Section [ConsoleVariables] File [C:/Users/Guillem/Desktop/Project/ProjectSangonaera/Sangonera/Saved/Config/Windows/Engine.ini]
[2019.12.04-09.07.10:583][  0]LogInit: Computer: GUILLE
[2019.12.04-09.07.10:583][  0]LogInit: User: Guillem
[2019.12.04-09.07.10:583][  0]LogInit: CPU Page size=4096, Cores=6
[2019.12.04-09.07.10:583][  0]LogInit: High frequency timer resolution =10.000000 MHz
[2019.12.04-09.07.10:584][  0]LogMemory: Memory total: Physical=15.8GB (16GB approx)
[2019.12.04-09.07.10:584][  0]LogMemory: Platform Memory Stats for Windows
[2019.12.04-09.07.10:584][  0]LogMemory: Process Physical Memory: 107.72 MB used, 107.73 MB peak
[2019.12.04-09.07.10:584][  0]LogMemory: Process Virtual Memory: 104.54 MB used, 104.54 MB peak
[2019.12.04-09.07.10:584][  0]LogMemory: Physical Memory: 6983.21 MB used,  9244.82 MB free, 16228.04 MB total
[2019.12.04-09.07.10:584][  0]LogMemory: Virtual Memory: 4709.93 MB used,  134213016.00 MB free, 134217728.00 MB total
[2019.12.04-09.07.10:586][  0]LogWindows: WindowsPlatformFeatures enabled
[2019.12.04-09.07.10:606][  0]LogInit: Overriding language with editor language configuration option (en).
[2019.12.04-09.07.10:606][  0]LogInit: Overriding locale with editor culture configuration option ().
[2019.12.04-09.07.10:606][  0]LogInit: Using OS detected locale (es-ES).
[2019.12.04-09.07.10:743][  0]LogInit: Setting process to per monitor DPI aware
[2019.12.04-09.07.10:767][  0]LogSlate: New Slate User Created.  User Index 0, Is Virtual User: 0
[2019.12.04-09.07.10:767][  0]LogSlate: Slate User Registered.  User Index 0, Is Virtual User: 0
[2019.12.04-09.07.11:047][  0]LogHMD: Failed to initialize OpenVR with code 126
[2019.12.04-09.07.11:047][  0]LogD3D11RHI: D3D11 adapters:
[2019.12.04-09.07.11:115][  0]LogD3D11RHI:    0. 'NVIDIA GeForce GTX 1070 with Max-Q Design' (Feature Level 11_0)
[2019.12.04-09.07.11:115][  0]LogD3D11RHI:       8081/0/8114 MB DedicatedVideo/DedicatedSystem/SharedSystem, Outputs:1, VendorId:0x10de
[2019.12.04-09.07.11:126][  0]LogD3D11RHI:    1. 'Intel(R) UHD Graphics 630' (Feature Level 11_0)
[2019.12.04-09.07.11:126][  0]LogD3D11RHI:       128/0/8114 MB DedicatedVideo/DedicatedSystem/SharedSystem, Outputs:0, VendorId:0x8086
[2019.12.04-09.07.11:129][  0]LogD3D11RHI:    2. 'Microsoft Basic Render Driver' (Feature Level 11_0)
[2019.12.04-09.07.11:129][  0]LogD3D11RHI:       0/0/8114 MB DedicatedVideo/DedicatedSystem/SharedSystem, Outputs:0, VendorId:0x1414
[2019.12.04-09.07.11:129][  0]LogD3D11RHI: Chosen D3D11 Adapter: 0
[2019.12.04-09.07.11:165][  0]LogD3D11RHI: Creating new Direct3DDevice
[2019.12.04-09.07.11:165][  0]LogD3D11RHI:     GPU DeviceId: 0x1ba1 (for the marketing name, search the web for "GPU Device Id")
[2019.12.04-09.07.11:165][  0]LogWindows: EnumDisplayDevices:
[2019.12.04-09.07.11:165][  0]LogWindows:    0. 'Intel(R) UHD Graphics 630' (P:1 D:1)
[2019.12.04-09.07.11:165][  0]LogWindows:    1. 'Intel(R) UHD Graphics 630' (P:0 D:0)
[2019.12.04-09.07.11:166][  0]LogWindows:    2. 'Intel(R) UHD Graphics 630' (P:0 D:0)
[2019.12.04-09.07.11:166][  0]LogWindows:    3. 'NVIDIA GeForce GTX 1070 with Max-Q Design' (P:0 D:0)
[2019.12.04-09.07.11:166][  0]LogWindows:    4. 'NVIDIA GeForce GTX 1070 with Max-Q Design' (P:0 D:0)
[2019.12.04-09.07.11:167][  0]LogWindows:    5. 'NVIDIA GeForce GTX 1070 with Max-Q Design' (P:0 D:0)
[2019.12.04-09.07.11:167][  0]LogWindows:    6. 'NVIDIA GeForce GTX 1070 with Max-Q Design' (P:0 D:0)
[2019.12.04-09.07.11:167][  0]LogWindows: DebugString: PrimaryIsNotTheChoosenAdapter PrimaryIsNotTheChoosenAdapter PrimaryIsNotTheChoosenAdapter FoundDriverCount:4 
[2019.12.04-09.07.11:167][  0]LogD3D11RHI:     Adapter Name: NVIDIA GeForce GTX 1070 with Max-Q Design
[2019.12.04-09.07.11:167][  0]LogD3D11RHI:   Driver Version: 441.41 (internal:26.21.14.4141, unified:441.41)
[2019.12.04-09.07.11:167][  0]LogD3D11RHI:      Driver Date: 11-20-2019
[2019.12.04-09.07.11:167][  0]LogRHI: Texture pool is 5656 MB (70% of 8081 MB)
[2019.12.04-09.07.11:209][  0]LogD3D11RHI: Async texture creation enabled
[2019.12.04-09.07.11:221][  0]LogD3D11RHI: GPU Timing Frequency: 1000.000000 (Debug: 2 1)
[2019.12.04-09.07.11:521][  0]LogTemp: Display: Module 'AllDesktopTargetPlatform' loaded TargetPlatform 'AllDesktop'
[2019.12.04-09.07.11:528][  0]LogTemp: Display: Module 'MacClientTargetPlatform' loaded TargetPlatform 'MacClient'
[2019.12.04-09.07.11:535][  0]LogTemp: Display: Module 'MacNoEditorTargetPlatform' loaded TargetPlatform 'MacNoEditor'
[2019.12.04-09.07.11:543][  0]LogTemp: Display: Module 'MacServerTargetPlatform' loaded TargetPlatform 'MacServer'
[2019.12.04-09.07.11:550][  0]LogTemp: Display: Module 'MacTargetPlatform' loaded TargetPlatform 'Mac'
[2019.12.04-09.07.11:563][  0]LogTemp: Display: Module 'WindowsClientTargetPlatform' loaded TargetPlatform 'WindowsClient'
[2019.12.04-09.07.11:571][  0]LogTemp: Display: Module 'WindowsNoEditorTargetPlatform' loaded TargetPlatform 'WindowsNoEditor'
[2019.12.04-09.07.11:578][  0]LogTemp: Display: Module 'WindowsServerTargetPlatform' loaded TargetPlatform 'WindowsServer'
[2019.12.04-09.07.11:582][  0]LogTemp: Display: Module 'WindowsTargetPlatform' loaded TargetPlatform 'Windows'
[2019.12.04-09.07.11:614][  0]LogTemp: Display: Module 'AndroidTargetPlatform' loaded TargetPlatform 'Android'
[2019.12.04-09.07.11:614][  0]LogTemp: Display: Module 'AndroidTargetPlatform' loaded TargetPlatform 'Android_ASTC'
[2019.12.04-09.07.11:614][  0]LogTemp: Display: Module 'AndroidTargetPlatform' loaded TargetPlatform 'Android_ATC'
[2019.12.04-09.07.11:614][  0]LogTemp: Display: Module 'AndroidTargetPlatform' loaded TargetPlatform 'Android_DXT'
[2019.12.04-09.07.11:614][  0]LogTemp: Display: Module 'AndroidTargetPlatform' loaded TargetPlatform 'Android_ETC1'
[2019.12.04-09.07.11:614][  0]LogTemp: Display: Module 'AndroidTargetPlatform' loaded TargetPlatform 'Android_ETC1a'
[2019.12.04-09.07.11:614][  0]LogTemp: Display: Module 'AndroidTargetPlatform' loaded TargetPlatform 'Android_ETC2'
[2019.12.04-09.07.11:614][  0]LogTemp: Display: Module 'AndroidTargetPlatform' loaded TargetPlatform 'Android_PVRTC'
[2019.12.04-09.07.11:614][  0]LogTemp: Display: Module 'AndroidTargetPlatform' loaded TargetPlatform 'AndroidClient'
[2019.12.04-09.07.11:614][  0]LogTemp: Display: Module 'AndroidTargetPlatform' loaded TargetPlatform 'Android_ASTCClient'
[2019.12.04-09.07.11:614][  0]LogTemp: Display: Module 'AndroidTargetPlatform' loaded TargetPlatform 'Android_ATCClient'
[2019.12.04-09.07.11:614][  0]LogTemp: Display: Module 'AndroidTargetPlatform' loaded TargetPlatform 'Android_DXTClient'
[2019.12.04-09.07.11:614][  0]LogTemp: Display: Module 'AndroidTargetPlatform' loaded TargetPlatform 'Android_ETC1Client'
[2019.12.04-09.07.11:614][  0]LogTemp: Display: Module 'AndroidTargetPlatform' loaded TargetPlatform 'Android_ETC1aClient'
[2019.12.04-09.07.11:614][  0]LogTemp: Display: Module 'AndroidTargetPlatform' loaded TargetPlatform 'Android_ETC2Client'
[2019.12.04-09.07.11:614][  0]LogTemp: Display: Module 'AndroidTargetPlatform' loaded TargetPlatform 'Android_PVRTCClient'
[2019.12.04-09.07.11:614][  0]LogTemp: Display: Module 'AndroidTargetPlatform' loaded TargetPlatform 'Android_Multi'
[2019.12.04-09.07.11:614][  0]LogTemp: Display: Module 'AndroidTargetPlatform' loaded TargetPlatform 'Android_MultiClient'
[2019.12.04-09.07.11:615][  0]LogTemp: Display: Module 'HTML5TargetPlatform' loaded TargetPlatform 'HTML5'
[2019.12.04-09.07.11:631][  0]LogTemp: Display: Module 'IOSTargetPlatform' loaded TargetPlatform 'IOSClient'
[2019.12.04-09.07.11:631][  0]LogTemp: Display: Module 'IOSTargetPlatform' loaded TargetPlatform 'IOS'
[2019.12.04-09.07.11:644][  0]LogTemp: Display: Module 'TVOSTargetPlatform' loaded TargetPlatform 'TVOSClient'
[2019.12.04-09.07.11:644][  0]LogTemp: Display: Module 'TVOSTargetPlatform' loaded TargetPlatform 'TVOS'
[2019.12.04-09.07.11:654][  0]LogTemp: Display: Module 'LinuxClientTargetPlatform' loaded TargetPlatform 'LinuxClient'
[2019.12.04-09.07.11:665][  0]LogTemp: Display: Module 'LinuxNoEditorTargetPlatform' loaded TargetPlatform 'LinuxNoEditor'
[2019.12.04-09.07.11:674][  0]LogTemp: Display: Module 'LinuxServerTargetPlatform' loaded TargetPlatform 'LinuxServer'
[2019.12.04-09.07.11:681][  0]LogTemp: Display: Module 'LinuxTargetPlatform' loaded TargetPlatform 'Linux'
[2019.12.04-09.07.11:704][  0]LogTemp: Display: Module 'LuminTargetPlatform' loaded TargetPlatform 'Lumin'
[2019.12.04-09.07.11:704][  0]LogTemp: Display: Module 'LuminTargetPlatform' loaded TargetPlatform 'LuminClient'
[2019.12.04-09.07.11:704][  0]LogTargetPlatformManager: Display: Building Assets For Windows
[2019.12.04-09.07.11:714][  0]LogAudioDebug: Display: Lib vorbis DLL was dynamically loaded.
[2019.12.04-09.07.11:759][  0]LogShaderCompilers: Guid format shader working directory is -13 characters bigger than the processId version (C:/Users/Guillem/Desktop/Project/ProjectSangonaera/Sangonera/Intermediate/Shaders/WorkingDirectory/21248/).
[2019.12.04-09.07.11:759][  0]LogShaderCompilers: Cleaned the shader compiler working directory 'C:/Users/Guillem/AppData/Local/Temp/UnrealShaderWorkingDir/0BD22F684AD4F7C38FF7548134750FED/'.
[2019.12.04-09.07.11:760][  0]LogXGEController: Cannot use XGE Controller as Incredibuild is not installed on this machine.
[2019.12.04-09.07.11:760][  0]LogShaderCompilers: Cannot use XGE Shader Compiler as Incredibuild is not installed on this machine.
[2019.12.04-09.07.11:760][  0]LogShaderCompilers: Display: Using Local Shader Compiler.
[2019.12.04-09.07.12:345][  0]LogDerivedDataCache: Display: Max Cache Size: 512 MB
[2019.12.04-09.07.12:396][  0]LogDerivedDataCache: Loaded boot cache 0.05s 76MB C:/Users/Guillem/AppData/Local/UnrealEngine/4.23/DerivedDataCache/Boot.ddc.
[2019.12.04-09.07.12:396][  0]LogDerivedDataCache: Display: Loaded Boot cache: C:/Users/Guillem/AppData/Local/UnrealEngine/4.23/DerivedDataCache/Boot.ddc
[2019.12.04-09.07.12:396][  0]LogDerivedDataCache: FDerivedDataBackendGraph:  Pak pak cache file C:/Users/Guillem/Desktop/Project/ProjectSangonaera/Sangonera/DerivedDataCache/DDC.ddp not found, will not use a pak cache.
[2019.12.04-09.07.12:396][  0]LogDerivedDataCache: Unable to find inner node Pak for hierarchical cache Hierarchy.
[2019.12.04-09.07.12:396][  0]LogDerivedDataCache: FDerivedDataBackendGraph:  CompressedPak pak cache file C:/Users/Guillem/Desktop/Project/ProjectSangonaera/Sangonera/DerivedDataCache/Compressed.ddp not found, will not use a pak cache.
[2019.12.04-09.07.12:396][  0]LogDerivedDataCache: Unable to find inner node CompressedPak for hierarchical cache Hierarchy.
[2019.12.04-09.07.12:406][  0]LogDerivedDataCache: Display: Pak cache opened for reading ../../../Engine/DerivedDataCache/Compressed.ddp.
[2019.12.04-09.07.12:406][  0]LogDerivedDataCache: FDerivedDataBackendGraph:  EnterprisePak pak cache file ../../../Enterprise/DerivedDataCache/Compressed.ddp not found, will not use a pak cache.
[2019.12.04-09.07.12:406][  0]LogDerivedDataCache: Unable to find inner node EnterprisePak for hierarchical cache Hierarchy.
[2019.12.04-09.07.12:408][  0]LogDerivedDataCache: Using Local data cache path C:/Users/Guillem/AppData/Local/UnrealEngine/Common/DerivedDataCache: Writable
[2019.12.04-09.07.12:408][  0]LogDerivedDataCache: Shared data cache path not found in *engine.ini, will not use an Shared cache.
[2019.12.04-09.07.12:408][  0]LogDerivedDataCache: Unable to find inner node Shared for hierarchical cache Hierarchy.
[2019.12.04-09.07.12:427][  0]LogMaterial: Verifying Global Shaders for PCD3D_SM5
[2019.12.04-09.07.12:429][  0]LogSlate: Using FreeType 2.6.0
[2019.12.04-09.07.12:430][  0]LogSlate: SlateFontServices - WITH_FREETYPE: 1, WITH_HARFBUZZ: 1
[2019.12.04-09.07.12:492][  0]LogAssetRegistry: FAssetRegistry took 0.0021 seconds to start up
[2019.12.04-09.07.12:711][  0]LogInit: Selected Device Profile: [Windows]
[2019.12.04-09.07.12:837][  0]LogMeshReduction: Using QuadricMeshReduction for automatic static mesh reduction
[2019.12.04-09.07.12:837][  0]LogMeshReduction: Using SimplygonMeshReduction for automatic skeletal mesh reduction
[2019.12.04-09.07.12:837][  0]LogMeshReduction: Using ProxyLODMeshReduction for automatic mesh merging
[2019.12.04-09.07.12:837][  0]LogMeshReduction: No distributed automatic mesh merging module available
[2019.12.04-09.07.12:837][  0]LogMeshMerging: No distributed automatic mesh merging module available
[2019.12.04-09.07.12:846][  0]LogNetVersion: Sangonera 1.0.0, NetCL: 8386587, EngineNetVer: 11, GameNetVer: 0 (Checksum: 2086811745)
[2019.12.04-09.07.13:242][  0]LogPackageLocalizationCache: Processed 12 localized package path(s) for 1 prioritized culture(s) in 0.045105 seconds
[2019.12.04-09.07.13:248][  0]LogUObjectArray: 43444 objects as part of root set at end of initial load.
[2019.12.04-09.07.13:248][  0]LogUObjectAllocator: 7548648 out of 0 bytes used by permanent object pool.
[2019.12.04-09.07.13:248][  0]LogUObjectArray: CloseDisregardForGC: 0/0 objects in disregard for GC pool
[2019.12.04-09.07.14:069][  0]LogTcpMessaging: Initializing TcpMessaging bridge
[2019.12.04-09.07.14:072][  0]LogUdpMessaging: Initializing bridge on interface 0.0.0.0:0 to multicast group 230.0.0.1:6666.
[2019.12.04-09.07.14:118][  0]SourceControl: Source control is disabled
[2019.12.04-09.07.14:118][  0]SourceControl: Source control is disabled
[2019.12.04-09.07.14:120][  0]SourceControl: Source control is disabled
[2019.12.04-09.07.14:120][  0]SourceControl: Source control is disabled
[2019.12.04-09.07.14:195][  0]LogAndroidPermission: UAndroidPermissionCallbackProxy::GetInstance
[2019.12.04-09.07.14:285][  0]LogOcInput: OculusInput pre-init called
[2019.12.04-09.07.14:949][  0]LogEngine: Initializing Engine...
[2019.12.04-09.07.14:982][  0]LogHMD: Failed to initialize OpenVR with code 126
[2019.12.04-09.07.14:984][  0]LogStats: UGameplayTagsManager::InitializeManager -  0.000 s
[2019.12.04-09.07.15:229][  0]LogInit: Initializing FReadOnlyCVARCache
[2019.12.04-09.07.15:243][  0]LogAIModule: Creating AISystem for world Untitled
[2019.12.04-09.07.15:283][  0]LogInit: XAudio2 using 'Altavoces (Realtek(R) Audio)' : 2 channels at 48 kHz using 32 bits per sample (channel mask 0x3)
[2019.12.04-09.07.15:331][  0]LogInit: FAudioDevice initialized.
[2019.12.04-09.07.15:332][  0]LogNetVersion: Set ProjectVersion to 1.0.0.0. Version Checksum will be recalculated on next use.
[2019.12.04-09.07.15:436][  0]LogDerivedDataCache: Saved boot cache 0.10s 76MB C:/Users/Guillem/AppData/Local/UnrealEngine/4.23/DerivedDataCache/Boot.ddc.
[2019.12.04-09.07.15:437][  0]LogInit: Texture streaming: Enabled
[2019.12.04-09.07.15:456][  0]LogEngineSessionManager: EngineSessionManager initialized
[2019.12.04-09.07.15:456][  0]LogEditorSessionSummary: Verbose: Initializing EditorSessionSummaryWriter for editor session tracking
[2019.12.04-09.07.15:459][  0]LogEditorSessionSummary: EditorSessionSummaryWriter initialized
[2019.12.04-09.07.15:514][  0]LogInit: Transaction tracking system initialized
[2019.12.04-09.07.15:534][  0]BlueprintLog: New page: Editor Load
[2019.12.04-09.07.15:584][  0]LocalizationService: Localization service is disabled
[2019.12.04-09.07.15:801][  0]LogFileCache: Scanning file cache for directory 'C:/Users/Guillem/Desktop/Project/ProjectSangonaera/Sangonera/Content/' took 0.00s
[2019.12.04-09.07.15:801][  0]LogCook: Display: Max memory allowance for cook 16384mb min free memory 0mb
[2019.12.04-09.07.15:801][  0]LogCook: Display: Mobile HDR setting 1
[2019.12.04-09.07.15:945][  0]SourceControl: Source control is disabled
[2019.12.04-09.07.15:945][  0]Cmd: MAP LOAD FILE="C:/Users/Guillem/Desktop/Project/ProjectSangonaera/Sangonera/Content/Scenes/MainMenu.umap" TEMPLATE=0 SHOWPROGRESS=1 FEATURELEVEL=3
[2019.12.04-09.07.15:945][  0]LightingResults: New page: Lighting Build
[2019.12.04-09.07.15:947][  0]LogWorld: UWorld::CleanupWorld for Untitled, bSessionEnded=true, bCleanupResources=true
[2019.12.04-09.07.15:947][  0]MapCheck: New page: Map Check
[2019.12.04-09.07.15:947][  0]LightingResults: New page: Lighting Build
[2019.12.04-09.07.15:972][  0]LogUObjectHash: Compacting FUObjectHashTables data took   1.36ms
[2019.12.04-09.07.16:606][  0]LogTexture: Display: Building textures: Sin_título-1 (AutoDXT, 1920X1080)
[2019.12.04-09.07.16:608][  0]LogAIModule: Creating AISystem for world MainMenu
[2019.12.04-09.07.16:609][  0]LogEditorServer: Finished looking for orphan Actors (0.000 secs)
[2019.12.04-09.07.16:639][  0]LogUObjectHash: Compacting FUObjectHashTables data took   1.81ms
[2019.12.04-09.07.16:639][  0]Cmd: MAP CHECKDEP NOCLEARLOG
[2019.12.04-09.07.16:639][  0]MapCheck: Map check complete: 0 Error(s), 0 Warning(s), took 0,126ms to complete.
[2019.12.04-09.07.16:639][  0]LogFileHelpers: Loading map 'MainMenu' took 0.694
[2019.12.04-09.07.18:133][  0]LogSlate: Updating window title bar state: overlay mode, drag disabled, window buttons hidden, title bar hidden
[2019.12.04-09.07.18:146][  0]LogSlate: Updating window title bar state: overlay mode, drag disabled, window buttons hidden, title bar hidden
[2019.12.04-09.07.18:151][  0]LogSlate: Updating window title bar state: overlay mode, drag disabled, window buttons hidden, title bar hidden
[2019.12.04-09.07.18:157][  0]LogSlate: Updating window title bar state: overlay mode, drag disabled, window buttons hidden, title bar hidden
[2019.12.04-09.07.18:499][  0]LogCollectionManager: Loaded 0 collections in 0.000953 seconds
[2019.12.04-09.07.18:832][  0]LogFileCache: Scanning file cache for directory 'C:/Users/Guillem/Desktop/Project/ProjectSangonaera/Sangonera/Saved/Collections/' took 0.00s
[2019.12.04-09.07.18:832][  0]LogFileCache: Scanning file cache for directory 'C:/Users/Guillem/Desktop/Project/ProjectSangonaera/Sangonera/Content/Developers/Guillem/Collections/' took 0.00s
[2019.12.04-09.07.18:832][  0]LogFileCache: Scanning file cache for directory 'C:/Users/Guillem/Desktop/Project/ProjectSangonaera/Sangonera/Content/Collections/' took 0.00s
[2019.12.04-09.07.18:832][  0]LogCollectionManager: Rebuilt the GUID cache for 0 collections in 0.000004 seconds
[2019.12.04-09.07.18:857][  0]LogContentBrowser: Native class hierarchy populated in 0.0136 seconds. Added 2863 classes and 680 folders.
[2019.12.04-09.07.19:037][  0]LogContentBrowser: Native class hierarchy updated for 'WidgetCarousel' in 0.0002 seconds. Added 0 classes and 0 folders.
[2019.12.04-09.07.20:664][  0]LogContentBrowser: Native class hierarchy updated for 'AddContentDialog' in 0.0002 seconds. Added 0 classes and 0 folders.
[2019.12.04-09.07.20:925][  0]LogContentBrowser: Native class hierarchy updated for 'SceneOutliner' in 0.0003 seconds. Added 1 classes and 2 folders.
[2019.12.04-09.07.21:788][  0]LogSlate: Took 0.000389 seconds to synchronously load lazily loaded font '../../../Engine/Content/Slate/Fonts/Roboto-Regular.ttf' (155K)
[2019.12.04-09.07.21:791][  0]LogSlate: Took 0.000317 seconds to synchronously load lazily loaded font '../../../Engine/Content/Slate/Fonts/Roboto-Bold.ttf' (160K)
[2019.12.04-09.07.21:838][  0]LogSlate: Took 0.021345 seconds to synchronously load lazily loaded font '../../../Engine/Content/Editor/Slate/Fonts/FontAwesome.ttf' (139K)
[2019.12.04-09.07.22:084][  0]LogRenderer: Reallocating scene render targets to support 1208x572 Format 10 NumSamples 1 (Frame:1).
[2019.12.04-09.07.22:258][  0]LogContentBrowser: Native class hierarchy updated for 'HierarchicalLODOutliner' in 0.0002 seconds. Added 0 classes and 0 folders.
[2019.12.04-09.07.22:258][  0]LogLoad: (Engine Initialization) Total time: 13.54 seconds
[2019.12.04-09.07.22:258][  0]LogLoad: (Engine Initialization) Total Blueprint compile time: 0.00 seconds
[2019.12.04-09.07.22:339][  0]LogContentStreaming: Texture pool size now 1000 MB
[2019.12.04-09.07.22:441][  0]LogSlate: Took 0.018181 seconds to synchronously load lazily loaded font '../../../Engine/Content/Slate/Fonts/Roboto-Light.ttf' (167K)
[2019.12.04-09.07.22:504][  1]LogAssetRegistry: Asset discovery search completed in 10.0133 seconds
[2019.12.04-09.07.22:507][  1]LogCollectionManager: Rebuilt the object cache for 0 collections in 0.000004 seconds (found 0 objects)
[2019.12.04-09.07.22:507][  1]LogCollectionManager: Fixed up redirectors for 0 collections in 0.000058 seconds (updated 0 objects)
[2019.12.04-09.07.50:371][670]LogSlate: FSceneViewport::OnFocusLost() reason 0
[2019.12.04-09.07.50:573][675]LogSlate: Took 0.000214 seconds to synchronously load lazily loaded font '../../../Engine/Content/Slate/Fonts/Roboto-Light.ttf' (167K)
[2019.12.04-09.07.50:584][675]LogAssetEditorManager: Opening Asset editor for WidgetBlueprint /Game/UI/MainMenu.MainMenu
[2019.12.04-09.07.51:139][675]LogContentBrowser: Native class hierarchy updated for 'BlueprintGraph' in 0.0005 seconds. Added 121 classes and 0 folders.
[2019.12.04-09.07.53:133][675]LogSlate: Took 0.012167 seconds to synchronously load lazily loaded font '../../../Engine/Content/Slate/Fonts/Roboto-BoldCondensed.ttf' (158K)
[2019.12.04-09.08.00:066][ 43]LogSlate: Took 0.147329 seconds to synchronously load lazily loaded font '../../../Engine/Content/Slate/Fonts/DroidSansFallback.ttf' (3848K)
[2019.12.04-09.08.22:280][313]LogEditorSessionSummary: EditorSessionSummary sent report. Type=Shutdown, SessionId={8E2813E7-4545-BA33-9362-9FA096F43BEA}
[2019.12.04-09.08.22:280][313]LogEditorSessionSummary: EditorSessionSummary sent report. Type=Shutdown, SessionId={59E4E91F-49EA-6440-AA32-1AA0CE4A792F}
[2019.12.04-09.09.01:955][622]LogEditorTransaction: Undo Edit Left
[2019.12.04-09.11.15:790][ 63]LogEditorTransaction: Undo Edit Left
[2019.12.04-09.11.24:803][549]LogEditorTransaction: Undo Move Widget
[2019.12.04-09.11.53:572][ 33]BlueprintLog: New page: Compile MainMenu
[2019.12.04-09.11.54:030][ 33]LogUObjectHash: Compacting FUObjectHashTables data took   4.49ms
[2019.12.04-09.12.10:871][ 24]BlueprintLog: New page: Compile MainMenu
[2019.12.04-09.12.10:923][ 24]LogUObjectHash: Compacting FUObjectHashTables data took   3.72ms
[2019.12.04-09.12.12:252][ 77]Cmd: OBJ SAVEPACKAGE PACKAGE="/Game/UI/MainMenu" FILE="C:/Users/Guillem/Desktop/Project/ProjectSangonaera/Sangonera/Content/UI/MainMenu.uasset" SILENT=true
[2019.12.04-09.12.12:360][ 77]LogSavePackage: Moving 'C:/Users/Guillem/Desktop/Project/ProjectSangonaera/Sangonera/Saved/MainMenu146026F1427E4DA6E71378BDED906F8B.tmp' to 'C:/Users/Guillem/Desktop/Project/ProjectSangonaera/Sangonera/Content/UI/MainMenu.uasset'
[2019.12.04-09.12.13:451][139]LogTemp: Repeating last play command: New Editor Window (PIE)
[2019.12.04-09.12.13:567][139]LogBlueprintUserMessages: Early PlayInEditor Detection: Level '/Game/Scenes/MainMenu.MainMenu:PersistentLevel' has LevelScriptBlueprint '/Game/Scenes/MainMenu.MainMenu:PersistentLevel.MainMenu' with GeneratedClass '/Game/Scenes/MainMenu.MainMenu_C' with ClassGeneratedBy '/Game/Scenes/MainMenu.MainMenu:PersistentLevel.MainMenu'
[2019.12.04-09.12.13:567][139]LogPlayLevel: PlayLevel: No blueprints needed recompiling
[2019.12.04-09.12.13:614][139]PIE: New page: PIE session: MainMenu (4/12/2019 11:12:13)
[2019.12.04-09.12.13:615][139]LogOnline: OSS: Creating online subsystem instance for: NULL
[2019.12.04-09.12.13:627][139]LogPlayLevel: Creating play world package: /Game/Scenes/UEDPIE_0_MainMenu
[2019.12.04-09.12.13:628][139]LogPlayLevel: PIE: StaticDuplicateObject took: (0.001055s)
[2019.12.04-09.12.13:629][139]LogAIModule: Creating AISystem for world MainMenu
[2019.12.04-09.12.13:629][139]LogPlayLevel: PIE: World Init took: (0.000886s)
[2019.12.04-09.12.13:629][139]LogPlayLevel: PIE: Created PIE world by copying editor world from /Game/Scenes/MainMenu.MainMenu to /Game/Scenes/UEDPIE_0_MainMenu.MainMenu (0.002184s)
[2019.12.04-09.12.13:663][139]LogUObjectHash: Compacting FUObjectHashTables data took   3.22ms
[2019.12.04-09.12.13:701][139]LogInit: XAudio2 using 'Altavoces (Realtek(R) Audio)' : 2 channels at 48 kHz using 32 bits per sample (channel mask 0x3)
[2019.12.04-09.12.13:707][139]LogInit: FAudioDevice initialized.
[2019.12.04-09.12.13:723][139]LogSlate: Updating window title bar state: overlay mode, drag disabled, window buttons hidden, title bar hidden
[2019.12.04-09.12.14:111][139]LogLoad: Game class is 'ThirdPersonGameMode_C'
[2019.12.04-09.12.14:112][139]LogWorld: Bringing World /Game/Scenes/UEDPIE_0_MainMenu.MainMenu up for play (max tick rate 60) at 2019.12.04-10.12.14
[2019.12.04-09.12.14:112][139]LogWorld: Bringing up level for play took: 0.000372
[2019.12.04-09.12.14:112][139]LogOnline: OSS: Creating online subsystem instance for: :Context_3
[2019.12.04-09.12.14:236][139]LogContentBrowser: Native class hierarchy updated for 'MovieSceneCapture' in 0.0003 seconds. Added 20 classes and 0 folders.
[2019.12.04-09.12.14:373][139]LogPlayerController: Error: InputMode:UIOnly - Attempting to focus Non-Focusable widget SObjectWidget [Widget.cpp(723)]!
[2019.12.04-09.12.14:378][139]PIE: Play in editor start time for /Game/Scenes/UEDPIE_0_MainMenu 1,639
[2019.12.04-09.12.14:378][139]LogBlueprintUserMessages: Late PlayInEditor Detection: Level '/Game/Scenes/MainMenu.MainMenu:PersistentLevel' has LevelScriptBlueprint '/Game/Scenes/MainMenu.MainMenu:PersistentLevel.MainMenu' with GeneratedClass '/Game/Scenes/MainMenu.MainMenu_C' with ClassGeneratedBy '/Game/Scenes/MainMenu.MainMenu:PersistentLevel.MainMenu'
[2019.12.04-09.12.14:467][140]LogRenderer: Reallocating scene render targets to support 1280x720 Format 10 NumSamples 1 (Frame:1).
[2019.12.04-09.12.20:806][451]LogSlate: FSceneViewport::OnFocusLost() reason 0
[2019.12.04-09.12.23:373][589]Cmd: r.ScreenPercentage 50
[2019.12.04-09.12.23:495][589]r.ScreenPercentage = "50"
[2019.12.04-09.12.23:546][592]Cmd: r.ScreenPercentage 25
[2019.12.04-09.12.23:547][592]r.ScreenPercentage = "25"
[2019.12.04-09.12.24:044][618]Cmd: r.ScreenPercentage 50
[2019.12.04-09.12.24:044][618]r.ScreenPercentage = "50"
[2019.12.04-09.12.24:180][625]Cmd: r.ScreenPercentage 75
[2019.12.04-09.12.24:180][625]r.ScreenPercentage = "75"
[2019.12.04-09.12.24:331][633]Cmd: r.ScreenPercentage 100
[2019.12.04-09.12.24:331][633]r.ScreenPercentage = "100"
[2019.12.04-09.12.24:441][639]Cmd: r.ScreenPercentage 100
[2019.12.04-09.12.24:441][639]r.ScreenPercentage = "100"
[2019.12.04-09.12.26:899][769]Cmd: r.SetRes 800x600
[2019.12.04-09.12.26:899][769]r.SetRes = "800x600"
[2019.12.04-09.12.27:805][820]Cmd: r.SetRes 640x480
[2019.12.04-09.12.27:805][820]r.SetRes = "640x480"
[2019.12.04-09.12.45:422][860]LogSlate: Window 'Sangonera Game Preview Standalone (64-bit/PCD3D_SM5)' being destroyed
[2019.12.04-09.12.45:429][860]LogBlueprintUserMessages: Early EndPlayMap Detection: Level '/Game/Scenes/MainMenu.MainMenu:PersistentLevel' has LevelScriptBlueprint '/Game/Scenes/MainMenu.MainMenu:PersistentLevel.MainMenu' with GeneratedClass '/Game/Scenes/MainMenu.MainMenu_C' with ClassGeneratedBy '/Game/Scenes/MainMenu.MainMenu:PersistentLevel.MainMenu'
[2019.12.04-09.12.45:429][860]LogWorld: BeginTearingDown for /Game/Scenes/UEDPIE_0_MainMenu
[2019.12.04-09.12.45:430][860]LogWorld: UWorld::CleanupWorld for MainMenu, bSessionEnded=true, bCleanupResources=true
[2019.12.04-09.12.45:442][860]LogPlayLevel: Display: Shutting down PIE online subsystems
[2019.12.04-09.12.45:442][860]LogBlueprintUserMessages: Late EndPlayMap Detection: Level '/Game/Scenes/MainMenu.MainMenu:PersistentLevel' has LevelScriptBlueprint '/Game/Scenes/MainMenu.MainMenu:PersistentLevel.MainMenu' with GeneratedClass '/Game/Scenes/MainMenu.MainMenu_C' with ClassGeneratedBy '/Game/Scenes/MainMenu.MainMenu:PersistentLevel.MainMenu'
[2019.12.04-09.12.45:523][860]LogUObjectHash: Compacting FUObjectHashTables data took   5.00ms
[2019.12.04-09.12.45:542][861]LogPlayLevel: Display: Destroying online subsystem :Context_3
[2019.12.04-09.13.04:905][985]LogEditorTransaction: Undo Move Widget
[2019.12.04-09.13.56:129][988]BlueprintLog: New page: Compile MainMenu
[2019.12.04-09.13.56:195][988]LogUObjectHash: Compacting FUObjectHashTables data took   4.00ms
[2019.12.04-09.13.56:636][ 12]Cmd: OBJ SAVEPACKAGE PACKAGE="/Game/UI/MainMenu" FILE="C:/Users/Guillem/Desktop/Project/ProjectSangonaera/Sangonera/Content/UI/MainMenu.uasset" SILENT=true
[2019.12.04-09.13.56:693][ 12]LogSavePackage: Moving 'C:/Users/Guillem/Desktop/Project/ProjectSangonaera/Sangonera/Saved/MainMenuB691CE7349137C12C61082A054AFF151.tmp' to 'C:/Users/Guillem/Desktop/Project/ProjectSangonaera/Sangonera/Content/UI/MainMenu.uasset'
[2019.12.04-09.16.22:464][687]LogEditorSessionSummary: EditorSessionSummary sent report. Type=Shutdown, SessionId={611D5FED-4B6F-370E-4027-9398E2CA2590}
[2019.12.04-09.25.36:291][661]LogSlate: Window 'MainMenu' being destroyed
[2019.12.04-09.25.36:298][661]LogSlate: Window 'MainMenu' being destroyed
[2019.12.04-09.25.36:452][661]LogWorld: UWorld::CleanupWorld for World_1, bSessionEnded=true, bCleanupResources=true
[2019.12.04-09.25.36:469][661]LogWorld: UWorld::CleanupWorld for World_0, bSessionEnded=true, bCleanupResources=true
[2019.12.04-09.25.39:458][818]Cmd: OBJ SAVEPACKAGE PACKAGE="/Game/UI/MainMenu" FILE="C:/Users/Guillem/Desktop/Project/ProjectSangonaera/Sangonera/Content/UI/MainMenu.uasset" SILENT=true
[2019.12.04-09.25.39:507][818]LogSavePackage: Moving 'C:/Users/Guillem/Desktop/Project/ProjectSangonaera/Sangonera/Saved/MainMenu4835287D4798295373CE4687F5E690DC.tmp' to 'C:/Users/Guillem/Desktop/Project/ProjectSangonaera/Sangonera/Content/UI/MainMenu.uasset'
[2019.12.04-09.25.40:745][889]LogUObjectHash: Compacting FUObjectHashTables data took   4.29ms
[2019.12.04-09.25.40:947][889]LogSlate: Window 'Sangonera - Unreal Editor' being destroyed
[2019.12.04-09.25.40:948][889]LogWindowsTextInputMethodSystem: Display: IME system now deactivated.
[2019.12.04-09.25.41:118][890]Cmd: QUIT_EDITOR
[2019.12.04-09.25.41:486][890]LogExit: Preparing to exit.
[2019.12.04-09.25.41:838][890]LogDemo: Cleaned up 0 splitscreen connections with owner deletion
[2019.12.04-09.25.41:845][890]LogWorld: UWorld::CleanupWorld for None, bSessionEnded=true, bCleanupResources=true
[2019.12.04-09.25.41:846][890]LogExit: Editor shut down
[2019.12.04-09.25.41:846][890]LogExit: Transaction tracking system shut down
[2019.12.04-09.25.42:049][890]LogExit: Object subsystem successfully closed.
[2019.12.04-09.25.42:073][890]LogShaderCompilers: Display: Shaders left to compile 0
[2019.12.04-09.25.42:090][890]LogModuleManager: Shutting down and abandoning module MovieSceneCapture (676)
[2019.12.04-09.25.42:090][890]LogModuleManager: Shutting down and abandoning module Voice (674)
[2019.12.04-09.25.42:107][890]LogModuleManager: Shutting down and abandoning module SequencerWidgets (672)
[2019.12.04-09.25.42:107][890]LogModuleManager: Shutting down and abandoning module BlueprintGraph (670)
[2019.12.04-09.25.42:107][890]LogModuleManager: Shutting down and abandoning module HierarchicalLODOutliner (668)
[2019.12.04-09.25.42:107][890]LogModuleManager: Shutting down and abandoning module SceneOutliner (666)
[2019.12.04-09.25.42:107][890]LogModuleManager: Shutting down and abandoning module AddContentDialog (664)
[2019.12.04-09.25.42:115][890]LogModuleManager: Shutting down and abandoning module WidgetCarousel (663)
[2019.12.04-09.25.42:115][890]LogModuleManager: Shutting down and abandoning module EditorWidgets (660)
[2019.12.04-09.25.42:115][890]LogModuleManager: Shutting down and abandoning module CollectionManager (658)
[2019.12.04-09.25.42:115][890]LogModuleManager: Shutting down and abandoning module StatsViewer (656)
[2019.12.04-09.25.42:115][890]LogModuleManager: Shutting down and abandoning module VirtualTexturingEditor (654)
[2019.12.04-09.25.42:115][890]LogModuleManager: Shutting down and abandoning module FoliageEdit (652)
[2019.12.04-09.25.42:115][890]LogModuleManager: Shutting down and abandoning module LandscapeEditor (650)
[2019.12.04-09.25.42:115][890]LogModuleManager: Shutting down and abandoning module MeshPaintMode (648)
[2019.12.04-09.25.42:115][890]LogModuleManager: Shutting down and abandoning module SceneDepthPickerMode (646)
[2019.12.04-09.25.42:115][890]LogModuleManager: Shutting down and abandoning module ActorPickerMode (644)
[2019.12.04-09.25.42:115][890]LogModuleManager: Shutting down and abandoning module GeometryMode (642)
[2019.12.04-09.25.42:115][890]LogModuleManager: Shutting down and abandoning module TextureAlignMode (640)
[2019.12.04-09.25.42:115][890]LogModuleManager: Shutting down and abandoning module BspMode (638)
[2019.12.04-09.25.42:115][890]LogModuleManager: Shutting down and abandoning module PIEPreviewDeviceProfileSelector (636)
[2019.12.04-09.25.42:115][890]LogModuleManager: Shutting down and abandoning module SequenceRecorderSections (634)
[2019.12.04-09.25.42:115][890]LogModuleManager: Shutting down and abandoning module AutomationWorker (632)
[2019.12.04-09.25.42:115][890]LogModuleManager: Shutting down and abandoning module OculusMR (630)
[2019.12.04-09.25.42:115][890]LogModuleManager: Shutting down and abandoning module AudioCaptureEditor (628)
[2019.12.04-09.25.42:115][890]LogModuleManager: Shutting down and abandoning module MatineeToLevelSequence (626)
[2019.12.04-09.25.42:115][890]LogModuleManager: Shutting down and abandoning module LevelSequenceEditor (624)
[2019.12.04-09.25.42:115][890]LogModuleManager: Shutting down and abandoning module PlacementMode (623)
[2019.12.04-09.25.42:115][890]LogModuleManager: Shutting down and abandoning module MaterialEditor (622)
[2019.12.04-09.25.42:115][890]LogModuleManager: Shutting down and abandoning module ActorSequenceEditor (618)
[2019.12.04-09.25.42:115][890]LogModuleManager: Shutting down and abandoning module WmfMediaFactory (616)
[2019.12.04-09.25.42:115][890]LogModuleManager: Shutting down and abandoning module WmfMediaEditor (614)
[2019.12.04-09.25.42:115][890]LogModuleManager: Shutting down and abandoning module WebMMediaFactory (612)
[2019.12.04-09.25.42:115][890]LogModuleManager: Shutting down and abandoning module WebMMediaEditor (610)
[2019.12.04-09.25.42:115][890]LogModuleManager: Shutting down and abandoning module WebMMedia (608)
[2019.12.04-09.25.42:115][890]LogModuleManager: Shutting down and abandoning module MediaPlayerEditor (606)
[2019.12.04-09.25.42:116][890]LogModuleManager: Shutting down and abandoning module MediaCompositingEditor (604)
[2019.12.04-09.25.42:116][890]LogModuleManager: Shutting down and abandoning module SequenceRecorder (603)
[2019.12.04-09.25.42:116][890]LogModuleManager: Shutting down and abandoning module OpenExrWrapper (600)
[2019.12.04-09.25.42:116][890]LogModuleManager: Shutting down and abandoning module ImgMediaFactory (598)
[2019.12.04-09.25.42:116][890]LogModuleManager: Shutting down and abandoning module ImgMediaEditor (596)
[2019.12.04-09.25.42:116][890]LogModuleManager: Shutting down and abandoning module AvfMediaFactory (594)
[2019.12.04-09.25.42:116][890]LogModuleManager: Shutting down and abandoning module AvfMediaEditor (592)
[2019.12.04-09.25.42:116][890]LogModuleManager: Shutting down and abandoning module AndroidMediaFactory (590)
[2019.12.04-09.25.42:116][890]LogModuleManager: Shutting down and abandoning module AndroidMediaEditor (588)
[2019.12.04-09.25.42:116][890]LogModuleManager: Shutting down and abandoning module MagicLeapCameraPreviewFactory (586)
[2019.12.04-09.25.42:116][890]LogModuleManager: Shutting down and abandoning module MagicLeapMediaCodecFactory (584)
[2019.12.04-09.25.42:116][890]LogModuleManager: Shutting down and abandoning module MagicLeapMediaFactory (582)
[2019.12.04-09.25.42:116][890]LogModuleManager: Shutting down and abandoning module MagicLeapMediaEditor (580)
[2019.12.04-09.25.42:116][890]LogModuleManager: Shutting down and abandoning module CharacterAI (578)
[2019.12.04-09.25.42:116][890]LogModuleManager: Shutting down and abandoning module SmartSnapping (576)
[2019.12.04-09.25.42:116][890]LogModuleManager: Shutting down and abandoning module SessionServices (574)
[2019.12.04-09.25.42:116][890]LogModuleManager: Shutting down and abandoning module MeshPaint (572)
[2019.12.04-09.25.42:116][890]LogModuleManager: Shutting down and abandoning module ViewportSnapping (570)
[2019.12.04-09.25.42:116][890]LogModuleManager: Shutting down and abandoning module ViewportInteraction (568)
[2019.12.04-09.25.42:116][890]LogModuleManager: Shutting down and abandoning module ClothPainter (566)
[2019.12.04-09.25.42:116][890]LogModuleManager: Shutting down and abandoning module SkeletalMeshEditor (565)
[2019.12.04-09.25.42:116][890]LogModuleManager: Shutting down and abandoning module LogVisualizer (562)
[2019.12.04-09.25.42:116][890]LogModuleManager: Shutting down and abandoning module IntroTutorials (560)
[2019.12.04-09.25.42:133][890]LogModuleManager: Shutting down and abandoning module GameProjectGeneration (559)
[2019.12.04-09.25.42:133][890]LogModuleManager: Shutting down and abandoning module LuminPlatformEditor (556)
[2019.12.04-09.25.42:133][890]LogModuleManager: Shutting down and abandoning module IOSPlatformEditor (554)
[2019.12.04-09.25.42:133][890]LogModuleManager: Shutting down and abandoning module HTML5PlatformEditor (552)
[2019.12.04-09.25.42:133][890]LogModuleManager: Shutting down and abandoning module AndroidPlatformEditor (550)
[2019.12.04-09.25.42:133][890]LogModuleManager: Shutting down and abandoning module AndroidDeviceDetection (549)
[2019.12.04-09.25.42:206][890]LogModuleManager: Shutting down and abandoning module WindowsPlatformEditor (546)
[2019.12.04-09.25.42:206][890]LogModuleManager: Shutting down and abandoning module LuminRuntimeSettings (544)
[2019.12.04-09.25.42:206][890]LogModuleManager: Shutting down and abandoning module IOSRuntimeSettings (542)
[2019.12.04-09.25.42:206][890]LogModuleManager: Shutting down and abandoning module AndroidRuntimeSettings (540)
[2019.12.04-09.25.42:206][890]LogModuleManager: Shutting down and abandoning module TimeManagementEditor (538)
[2019.12.04-09.25.42:206][890]LogModuleManager: Shutting down and abandoning module InputBindingEditor (536)
[2019.12.04-09.25.42:206][890]LogModuleManager: Shutting down and abandoning module MergeActors (534)
[2019.12.04-09.25.42:206][890]LogModuleManager: Shutting down and abandoning module LocalizationDashboard (532)
[2019.12.04-09.25.42:206][890]LogModuleManager: Shutting down and abandoning module LocalizationService (531)
[2019.12.04-09.25.42:207][890]LogModuleManager: Shutting down and abandoning module HardwareTargeting (528)
[2019.12.04-09.25.42:207][890]LogModuleManager: Shutting down and abandoning module DeviceProfileEditor (526)
[2019.12.04-09.25.42:207][890]LogModuleManager: Shutting down and abandoning module UndoHistory (524)
[2019.12.04-09.25.42:207][890]LogModuleManager: Shutting down and abandoning module XmlParser (522)
[2019.12.04-09.25.42:207][890]LogModuleManager: Shutting down and abandoning module Blutility (520)
[2019.12.04-09.25.42:207][890]LogModuleManager: Shutting down and abandoning module ProjectSettingsViewer (518)
[2019.12.04-09.25.42:207][890]LogModuleManager: Shutting down and abandoning module ProjectTargetPlatformEditor (517)
[2019.12.04-09.25.42:207][890]LogModuleManager: Shutting down and abandoning module EditorSettingsViewer (514)
[2019.12.04-09.25.42:207][890]LogModuleManager: Shutting down and abandoning module SettingsEditor (512)
[2019.12.04-09.25.42:207][890]LogModuleManager: Shutting down and abandoning module ProjectLauncher (510)
[2019.12.04-09.25.42:207][890]LogModuleManager: Shutting down and abandoning module SessionFrontend (508)
[2019.12.04-09.25.42:207][890]LogModuleManager: Shutting down and abandoning module ProfilerClient (506)
[2019.12.04-09.25.42:207][890]LogModuleManager: Shutting down and abandoning module DeviceManager (504)
[2019.12.04-09.25.42:207][890]LogModuleManager: Shutting down and abandoning module TargetDeviceServices (503)
[2019.12.04-09.25.42:251][890]LogModuleManager: Shutting down and abandoning module AutomationController (500)
[2019.12.04-09.25.42:251][890]LogModuleManager: Shutting down and abandoning module AutomationWindow (498)
[2019.12.04-09.25.42:251][890]LogModuleManager: Shutting down and abandoning module Layers (496)
[2019.12.04-09.25.42:251][890]LogModuleManager: Shutting down and abandoning module ComponentVisualizers (494)
[2019.12.04-09.25.42:251][890]LogModuleManager: Shutting down and abandoning module DetailCustomizations (492)
[2019.12.04-09.25.42:251][890]LogModuleManager: Shutting down and abandoning module PackagesDialog (490)
[2019.12.04-09.25.42:251][890]LogModuleManager: Shutting down and abandoning module AnimationBlueprintEditor (488)
[2019.12.04-09.25.42:251][890]LogModuleManager: Shutting down and abandoning module Persona (486)
[2019.12.04-09.25.42:251][890]LogModuleManager: Shutting down and abandoning module AdvancedPreviewScene (485)
[2019.12.04-09.25.42:251][890]LogModuleManager: Shutting down and abandoning module AnimGraph (483)
[2019.12.04-09.25.42:251][890]LogModuleManager: Shutting down and abandoning module Kismet (480)
[2019.12.04-09.25.42:255][890]LogModuleManager: Shutting down and abandoning module KismetWidgets (479)
[2019.12.04-09.25.42:255][890]LogModuleManager: Shutting down and abandoning module GraphEditor (476)
[2019.12.04-09.25.42:255][890]LogModuleManager: Shutting down and abandoning module StructViewer (474)
[2019.12.04-09.25.42:255][890]LogModuleManager: Shutting down and abandoning module ClassViewer (472)
[2019.12.04-09.25.42:255][890]LogModuleManager: Shutting down and abandoning module Toolbox (470)
[2019.12.04-09.25.42:255][890]LogModuleManager: Shutting down and abandoning module ModuleUI (468)
[2019.12.04-09.25.42:255][890]LogModuleManager: Shutting down and abandoning module MovieSceneTools (466)
[2019.12.04-09.25.42:255][890]LogModuleManager: Shutting down and abandoning module OutputLog (464)
[2019.12.04-09.25.42:255][890]LogModuleManager: Shutting down and abandoning module GammaUI (462)
[2019.12.04-09.25.42:255][890]LogModuleManager: Shutting down and abandoning module Documentation (460)
[2019.12.04-09.25.42:255][890]LogModuleManager: Shutting down and abandoning module LiveCoding (458)
[2019.12.04-09.25.42:256][890]LogModuleManager: Shutting down and abandoning module LevelSequence (456)
[2019.12.04-09.25.42:256][890]LogModuleManager: Shutting down and abandoning module MovieSceneTracks (454)
[2019.12.04-09.25.42:256][890]LogModuleManager: Shutting down and abandoning module MovieScene (452)
[2019.12.04-09.25.42:256][890]LogModuleManager: Shutting down and abandoning module StreamingPauseRendering (450)
[2019.12.04-09.25.42:256][890]LogModuleManager: Shutting down and abandoning module LauncherPlatform (448)
[2019.12.04-09.25.42:256][890]LogModuleManager: Shutting down and abandoning module AnalyticsET (446)
[2019.12.04-09.25.42:256][890]LogModuleManager: Shutting down and abandoning module PortalServices (444)
[2019.12.04-09.25.42:256][890]LogModuleManager: Shutting down and abandoning module PortalRpc (442)
[2019.12.04-09.25.42:256][890]LogModuleManager: Shutting down and abandoning module MessagingRpc (440)
[2019.12.04-09.25.42:256][890]LogModuleManager: Shutting down and abandoning module AIModule (438)
[2019.12.04-09.25.42:256][890]LogModuleManager: Shutting down and abandoning module GameplayDebugger (437)
[2019.12.04-09.25.42:256][890]LogModuleManager: Shutting down and abandoning module AITestSuite (435)
[2019.12.04-09.25.42:256][890]LogModuleManager: Shutting down and abandoning module NavigationSystem (433)
[2019.12.04-09.25.42:256][890]LogModuleManager: Shutting down and abandoning module DesktopPlatform (430)
[2019.12.04-09.25.42:256][890]LogModuleManager: Shutting down and abandoning module ImageWriteQueue (428)
[2019.12.04-09.25.42:259][890]LogModuleManager: Shutting down and abandoning module ProfilerService (426)
[2019.12.04-09.25.42:411][890]LogModuleManager: Shutting down and abandoning module TaskGraph (424)
[2019.12.04-09.25.42:411][890]LogModuleManager: Shutting down and abandoning module ScreenshotTools (422)
[2019.12.04-09.25.42:411][890]LogModuleManager: Shutting down and abandoning module SteamVRController (420)
[2019.12.04-09.25.42:411][890]LogModuleManager: Shutting down and abandoning module ProceduralMeshComponentEditor (418)
[2019.12.04-09.25.42:411][890]LogModuleManager: Shutting down and abandoning module ProceduralMeshComponent (416)
[2019.12.04-09.25.42:411][890]LogModuleManager: Shutting down and abandoning module OculusEditor (414)
[2019.12.04-09.25.42:411][890]LogModuleManager: Shutting down and abandoning module OculusInput (412)
[2019.12.04-09.25.42:412][890]LogModuleManager: Shutting down and abandoning module MobilePatchingUtils (410)
[2019.12.04-09.25.42:412][890]LogModuleManager: Shutting down and abandoning module EditableMesh (408)
[2019.12.04-09.25.42:412][890]LogModuleManager: Shutting down and abandoning module CustomMeshComponent (406)
[2019.12.04-09.25.42:412][890]LogModuleManager: Shutting down and abandoning module CableComponent (404)
[2019.12.04-09.25.42:412][890]LogModuleManager: Shutting down and abandoning module AudioCapture (402)
[2019.12.04-09.25.42:412][890]LogModuleManager: Shutting down and abandoning module ArchVisCharacter (400)
[2019.12.04-09.25.42:412][890]LogModuleManager: Shutting down and abandoning module AppleImageUtilsBlueprintSupport (398)
[2019.12.04-09.25.42:412][890]LogModuleManager: Shutting down and abandoning module AppleImageUtils (396)
[2019.12.04-09.25.42:412][890]LogModuleManager: Shutting down and abandoning module AndroidPermission (394)
[2019.12.04-09.25.42:412][890]LogModuleManager: Shutting down and abandoning module NUTUnrealEngine4 (392)
[2019.12.04-09.25.42:412][890]LogModuleManager: Shutting down and abandoning module NetcodeUnitTest (390)
[2019.12.04-09.25.42:412][890]LogModuleManager: Shutting down and abandoning module MediaCompositing (388)
[2019.12.04-09.25.42:412][890]LogModuleManager: Shutting down and abandoning module ImgMedia (386)
[2019.12.04-09.25.42:412][890]LogModuleManager: Shutting down and abandoning module MagicLeapHelperVulkan (384)
[2019.12.04-09.25.42:412][890]LogModuleManager: Shutting down and abandoning module MagicLeapHelperOpenGL (382)
[2019.12.04-09.25.42:412][890]LogModuleManager: Shutting down and abandoning module MagicLeapAudio (380)
[2019.12.04-09.25.42:412][890]LogModuleManager: Shutting down and abandoning module HTML5Networking (378)
[2019.12.04-09.25.42:412][890]LogModuleManager: Shutting down and abandoning module GeometryCacheTracks (376)
[2019.12.04-09.25.42:412][890]LogModuleManager: Shutting down and abandoning module GeometryCacheSequencer (374)
[2019.12.04-09.25.42:412][890]LogModuleManager: Shutting down and abandoning module BackChannel (372)
[2019.12.04-09.25.42:412][890]LogModuleManager: Shutting down and abandoning module AutomationUtilsEditor (370)
[2019.12.04-09.25.42:412][890]LogModuleManager: Shutting down and abandoning module AutomationUtils (368)
[2019.12.04-09.25.42:412][890]LogModuleManager: Shutting down and abandoning module AlembicImporter (366)
[2019.12.04-09.25.42:412][890]LogModuleManager: Shutting down and abandoning module AlembicLibrary (365)
[2019.12.04-09.25.42:412][890]LogModuleManager: Shutting down and abandoning module GeometryCache (364)
[2019.12.04-09.25.42:412][890]LogModuleManager: Shutting down and abandoning module GeometryCacheEd (363)
[2019.12.04-09.25.42:412][890]LogModuleManager: Shutting down and abandoning module VariantManagerContent (358)
[2019.12.04-09.25.42:412][890]LogModuleManager: Shutting down and abandoning module DatasmithContentEditor (356)
[2019.12.04-09.25.42:412][890]LogModuleManager: Shutting down and abandoning module SpeedTreeImporter (354)
[2019.12.04-09.25.42:412][890]LogModuleManager: Shutting down and abandoning module PluginBrowser (352)
[2019.12.04-09.25.42:412][890]LogModuleManager: Shutting down and abandoning module MobileLauncherProfileWizard (350)
[2019.12.04-09.25.42:412][890]LogModuleManager: Shutting down and abandoning module MaterialAnalyzer (348)
[2019.12.04-09.25.42:412][890]LogModuleManager: Shutting down and abandoning module CurveEditorTools (346)
[2019.12.04-09.25.42:412][890]LogModuleManager: Shutting down and abandoning module CurveEditor (345)
[2019.12.04-09.25.42:412][890]LogModuleManager: Shutting down and abandoning module CryptoKeysOpenSSL (342)
[2019.12.04-09.25.42:412][890]LogModuleManager: Shutting down and abandoning module CryptoKeys (340)
[2019.12.04-09.25.42:412][890]LogModuleManager: Shutting down and abandoning module VisualStudioSourceCodeAccess (338)
[2019.12.04-09.25.42:412][890]LogModuleManager: Shutting down and abandoning module VisualStudioCodeSourceCodeAccess (336)
[2019.12.04-09.25.42:412][890]LogModuleManager: Shutting down and abandoning module UObjectPlugin (334)
[2019.12.04-09.25.42:412][890]LogModuleManager: Shutting down and abandoning module SubversionSourceControl (332)
[2019.12.04-09.25.42:412][890]LogModuleManager: Shutting down and abandoning module PerforceSourceControl (330)
[2019.12.04-09.25.42:412][890]LogModuleManager: Shutting down and abandoning module GitSourceControl (328)
[2019.12.04-09.25.42:412][890]LogModuleManager: Shutting down and abandoning module SourceControl (327)
[2019.12.04-09.25.42:412][890]LogModuleManager: Shutting down and abandoning module CLionSourceCodeAccess (324)
[2019.12.04-09.25.42:412][890]LogModuleManager: Shutting down and abandoning module AnimationSharingEd (322)
[2019.12.04-09.25.42:412][890]LogModuleManager: Shutting down and abandoning module ActorLayerUtilitiesEditor (320)
[2019.12.04-09.25.42:412][890]LogModuleManager: Shutting down and abandoning module ActorLayerUtilities (318)
[2019.12.04-09.25.42:412][890]LogModuleManager: Shutting down and abandoning module LightPropagationVolumeEditor (316)
[2019.12.04-09.25.42:412][890]LogModuleManager: Shutting down and abandoning module PaperTiledImporter (314)
[2019.12.04-09.25.42:412][890]LogModuleManager: Shutting down and abandoning module PaperSpriteSheetImporter (312)
[2019.12.04-09.25.42:412][890]LogModuleManager: Shutting down and abandoning module Paper2DEditor (310)
[2019.12.04-09.25.42:412][890]LogModuleManager: Shutting down and abandoning module SignificanceManager (308)
[2019.12.04-09.25.42:412][890]LogModuleManager: Shutting down and abandoning module RuntimePhysXCooking (306)
[2019.12.04-09.25.42:412][890]LogModuleManager: Shutting down and abandoning module PhysXVehiclesEditor (304)
[2019.12.04-09.25.42:412][890]LogModuleManager: Shutting down and abandoning module LocationServicesBPLibrary (300)
[2019.12.04-09.25.42:412][890]LogModuleManager: Shutting down and abandoning module ActorSequence (298)
[2019.12.04-09.25.42:412][890]LogModuleManager: Shutting down and abandoning module UdpMessaging (296)
[2019.12.04-09.25.42:513][890]LogModuleManager: Shutting down and abandoning module TcpMessaging (294)
[2019.12.04-09.25.42:680][890]LogModuleManager: Shutting down and abandoning module MagicLeapIdentity (292)
[2019.12.04-09.25.42:681][890]LogModuleManager: Shutting down and abandoning module MagicLeapSecureStorage (290)
[2019.12.04-09.25.42:681][890]LogModuleManager: Shutting down and abandoning module MagicLeapHandTracking (288)
[2019.12.04-09.25.42:681][890]LogModuleManager: Shutting down and abandoning module MagicLeapEyeTracker (286)
[2019.12.04-09.25.42:681][890]LogModuleManager: Shutting down and abandoning module MagicLeapController (284)
[2019.12.04-09.25.42:681][890]LogSlate: Slate User Destroyed.  User Index 0, Is Virtual User: 0
[2019.12.04-09.25.42:681][890]LogModuleManager: Shutting down and abandoning module MagicLeapAR (282)
[2019.12.04-09.25.42:681][890]LogModuleManager: Shutting down and abandoning module AugmentedReality (281)
[2019.12.04-09.25.42:681][890]LogModuleManager: Shutting down and abandoning module GameplayTagsEditor (278)
[2019.12.04-09.25.42:681][890]LogModuleManager: Shutting down and abandoning module FacialAnimationEditor (276)
[2019.12.04-09.25.42:681][890]LogModuleManager: Shutting down and abandoning module FacialAnimation (274)
[2019.12.04-09.25.42:681][890]LogModuleManager: Shutting down and abandoning module DataValidation (272)
[2019.12.04-09.25.42:681][890]LogModuleManager: Shutting down and abandoning module AssetManagerEditor (270)
[2019.12.04-09.25.42:681][890]LogModuleManager: Shutting down and abandoning module LevelEditor (269)
[2019.12.04-09.25.42:681][890]LogModuleManager: Shutting down and abandoning module PixelInspectorModule (268)
[2019.12.04-09.25.42:681][890]LogModuleManager: Shutting down and abandoning module CommonMenuExtensions (266)
[2019.12.04-09.25.42:681][890]LogModuleManager: Shutting down and abandoning module MainFrame (264)
[2019.12.04-09.25.42:682][890]LogModuleManager: Shutting down and abandoning module HotReload (263)
[2019.12.04-09.25.42:682][890]LogModuleManager: Shutting down and abandoning module ContentBrowser (259)
[2019.12.04-09.25.42:683][890]LogModuleManager: Shutting down and abandoning module TreeMap (257)
[2019.12.04-09.25.42:683][890]LogModuleManager: Shutting down and abandoning module AnimationSharing (254)
[2019.12.04-09.25.42:683][890]LogModuleManager: Shutting down and abandoning module LightPropagationVolumeRuntime (252)
[2019.12.04-09.25.42:683][890]LogModuleManager: Shutting down and abandoning module Paper2D (250)
[2019.12.04-09.25.42:683][890]LogModuleManager: Shutting down and abandoning module WindowsMoviePlayer (248)
[2019.12.04-09.25.42:684][890]LogModuleManager: Shutting down and abandoning module WebMMoviePlayer (246)
[2019.12.04-09.25.42:684][890]LogModuleManager: Shutting down and abandoning module NetworkReplayStreaming (244)
[2019.12.04-09.25.42:684][890]LogModuleManager: Shutting down and abandoning module PacketHandler (242)
[2019.12.04-09.25.42:684][890]LogModuleManager: Shutting down and abandoning module ClothingSystemEditor (240)
[2019.12.04-09.25.42:684][890]LogModuleManager: Shutting down and abandoning module ClothingSystemRuntime (238)
[2019.12.04-09.25.42:684][890]LogModuleManager: Shutting down and abandoning module MediaAssets (236)
[2019.12.04-09.25.42:684][890]LogModuleManager: Shutting down and abandoning module Overlay (234)
[2019.12.04-09.25.42:684][890]LogModuleManager: Shutting down and abandoning module OverlayEditor (233)
[2019.12.04-09.25.42:684][890]LogModuleManager: Shutting down and abandoning module VREditor (230)
[2019.12.04-09.25.42:684][890]LogModuleManager: Shutting down and abandoning module StringTableEditor (228)
[2019.12.04-09.25.42:684][890]LogModuleManager: Shutting down and abandoning module GameplayTasksEditor (226)
[2019.12.04-09.25.42:684][890]LogModuleManager: Shutting down and abandoning module BehaviorTreeEditor (224)
[2019.12.04-09.25.42:684][890]LogModuleManager: Shutting down and abandoning module FunctionalTesting (222)
[2019.12.04-09.25.42:684][890]LogModuleManager: Shutting down and abandoning module CollisionAnalyzer (220)
[2019.12.04-09.25.42:685][890]LogModuleManager: Shutting down and abandoning module WorkspaceMenuStructure (219)
[2019.12.04-09.25.42:685][890]LogModuleManager: Shutting down and abandoning module UMG (216)
[2019.12.04-09.25.42:685][890]LogModuleManager: Shutting down and abandoning module UMGEditor (215)
[2019.12.04-09.25.42:685][890]LogModuleManager: Shutting down and abandoning module Sequencer (214)
[2019.12.04-09.25.42:685][890]LogModuleManager: Shutting down and abandoning module MessageLog (211)
[2019.12.04-09.25.42:685][890]LogModuleManager: Shutting down and abandoning module SlateReflector (206)
[2019.12.04-09.25.42:685][890]LogModuleManager: Shutting down and abandoning module Slate (204)
[2019.12.04-09.25.42:685][890]LogModuleManager: Shutting down and abandoning module LandscapeEditorUtilities (202)
[2019.12.04-09.25.42:685][890]LogModuleManager: Shutting down and abandoning module EditorStyle (200)
[2019.12.04-09.25.42:686][890]LogModuleManager: Shutting down and abandoning module UnrealEd (198)
[2019.12.04-09.25.42:686][890]LogModuleManager: Shutting down and abandoning module MRMesh (196)
[2019.12.04-09.25.42:686][890]LogModuleManager: Shutting down and abandoning module SourceCodeAccess (194)
[2019.12.04-09.25.42:686][890]LogModuleManager: Shutting down and abandoning module HeadMountedDisplay (192)
[2019.12.04-09.25.42:686][890]LogModuleManager: Shutting down and abandoning module XAudio2 (190)
[2019.12.04-09.25.42:686][890]LogModuleManager: Shutting down and abandoning module Networking (188)
[2019.12.04-09.25.42:686][890]LogModuleManager: Shutting down and abandoning module Core (186)
[2019.12.04-09.25.42:686][890]LogModuleManager: Shutting down and abandoning module KismetCompiler (184)
[2019.12.04-09.25.42:686][890]LogModuleManager: Shutting down and abandoning module MeshUtilities (182)
[2019.12.04-09.25.42:686][890]LogModuleManager: Shutting down and abandoning module MeshMergeUtilities (181)
[2019.12.04-09.25.42:686][890]LogModuleManager: Shutting down and abandoning module MeshReductionInterface (180)
[2019.12.04-09.25.42:686][890]LogModuleManager: Shutting down and abandoning module SkeletalMeshReduction (179)
[2019.12.04-09.25.42:686][890]LogModuleManager: Shutting down and abandoning module ProxyLODMeshReduction (177)
[2019.12.04-09.25.42:686][890]LogModuleManager: Shutting down and abandoning module QuadricMeshReduction (175)
[2019.12.04-09.25.42:686][890]LogModuleManager: Shutting down and abandoning module MaterialBaking (171)
[2019.12.04-09.25.42:686][890]LogModuleManager: Shutting down and abandoning module NullInstallBundleManager (166)
[2019.12.04-09.25.42:686][890]LogModuleManager: Shutting down and abandoning module DerivedDataCache (164)
[2019.12.04-09.25.42:688][890]LogDerivedDataCache: Shutdown
[2019.12.04-09.25.42:688][890]LogModuleManager: Shutting down and abandoning module XGEController (162)
[2019.12.04-09.25.42:688][890]LogModuleManager: Shutting down and abandoning module TargetPlatform (160)
[2019.12.04-09.25.42:688][890]LogModuleManager: Shutting down and abandoning module VulkanShaderFormat (159)
[2019.12.04-09.25.42:688][890]LogModuleManager: Shutting down and abandoning module ShaderFormatVectorVM (157)
[2019.12.04-09.25.42:688][890]LogModuleManager: Shutting down and abandoning module ShaderFormatOpenGL (155)
[2019.12.04-09.25.42:688][890]LogModuleManager: Shutting down and abandoning module ShaderFormatD3D (153)
[2019.12.04-09.25.42:688][890]LogModuleManager: Shutting down and abandoning module MetalShaderFormat (151)
[2019.12.04-09.25.42:688][890]LogModuleManager: Shutting down and abandoning module TextureFormatUncompressed (149)
[2019.12.04-09.25.42:688][890]LogModuleManager: Shutting down and abandoning module TextureFormatPVR (147)
[2019.12.04-09.25.42:688][890]LogModuleManager: Shutting down and abandoning module TextureFormatDXT (145)
[2019.12.04-09.25.42:688][890]LogModuleManager: Shutting down and abandoning module TextureFormatIntelISPCTexComp (143)
[2019.12.04-09.25.42:688][890]LogModuleManager: Shutting down and abandoning module TextureFormatASTC (141)
[2019.12.04-09.25.42:688][890]LogModuleManager: Shutting down and abandoning module ImageWrapper (140)
[2019.12.04-09.25.42:688][890]LogModuleManager: Shutting down and abandoning module TextureFormatAndroid (137)
[2019.12.04-09.25.42:688][890]LogModuleManager: Shutting down and abandoning module AudioFormatOpus (135)
[2019.12.04-09.25.42:688][890]LogModuleManager: Shutting down and abandoning module AudioFormatOgg (133)
[2019.12.04-09.25.42:688][890]LogModuleManager: Shutting down and abandoning module AudioFormatADPCM (131)
[2019.12.04-09.25.42:688][890]LogModuleManager: Shutting down and abandoning module LuminTargetPlatform (129)
[2019.12.04-09.25.42:690][890]LogModuleManager: Shutting down and abandoning module LinuxTargetPlatform (127)
[2019.12.04-09.25.42:690][890]LogModuleManager: Shutting down and abandoning module LinuxServerTargetPlatform (125)
[2019.12.04-09.25.42:690][890]LogModuleManager: Shutting down and abandoning module LinuxNoEditorTargetPlatform (123)
[2019.12.04-09.25.42:690][890]LogModuleManager: Shutting down and abandoning module LinuxClientTargetPlatform (121)
[2019.12.04-09.25.42:690][890]LogModuleManager: Shutting down and abandoning module TVOSTargetPlatform (119)
[2019.12.04-09.25.42:691][890]LogModuleManager: Shutting down and abandoning module Messaging (117)
[2019.12.04-09.25.42:691][890]LogModuleManager: Shutting down and abandoning module IOSTargetPlatform (115)
[2019.12.04-09.25.42:691][890]LogModuleManager: Shutting down and abandoning module HTML5TargetPlatform (113)
[2019.12.04-09.25.42:691][890]LogModuleManager: Shutting down and abandoning module AndroidTargetPlatform (111)
[2019.12.04-09.25.42:696][890]LogModuleManager: Shutting down and abandoning module WindowsTargetPlatform (109)
[2019.12.04-09.25.42:696][890]LogModuleManager: Shutting down and abandoning module WindowsServerTargetPlatform (107)
[2019.12.04-09.25.42:696][890]LogModuleManager: Shutting down and abandoning module WindowsNoEditorTargetPlatform (105)
[2019.12.04-09.25.42:696][890]LogModuleManager: Shutting down and abandoning module WindowsClientTargetPlatform (103)
[2019.12.04-09.25.42:696][890]LogModuleManager: Shutting down and abandoning module MacTargetPlatform (101)
[2019.12.04-09.25.42:696][890]LogModuleManager: Shutting down and abandoning module MacServerTargetPlatform (99)
[2019.12.04-09.25.42:696][890]LogModuleManager: Shutting down and abandoning module MacNoEditorTargetPlatform (97)
[2019.12.04-09.25.42:696][890]LogModuleManager: Shutting down and abandoning module MacClientTargetPlatform (95)
[2019.12.04-09.25.42:696][890]LogModuleManager: Shutting down and abandoning module AllDesktopTargetPlatform (93)
[2019.12.04-09.25.42:696][890]LogModuleManager: Shutting down and abandoning module InputCore (90)
[2019.12.04-09.25.42:696][890]LogModuleManager: Shutting down and abandoning module Settings (88)
[2019.12.04-09.25.42:696][890]LogModuleManager: Shutting down and abandoning module DirectoryWatcher (86)
[2019.12.04-09.25.42:696][890]LogModuleManager: Shutting down and abandoning module PhysXCooking (84)
[2019.12.04-09.25.42:696][890]LogModuleManager: Shutting down and abandoning module WindowsPlatformFeatures (82)
[2019.12.04-09.25.42:696][890]LogModuleManager: Shutting down and abandoning module GameplayMediaEncoder (81)
[2019.12.04-09.25.42:696][890]LogModuleManager: Shutting down and abandoning module SteamVR (78)
[2019.12.04-09.25.42:696][890]LogHMD: Freeing OpenVRDLLHandle.
[2019.12.04-09.25.42:696][890]LogModuleManager: Shutting down and abandoning module OculusHMD (76)
[2019.12.04-09.25.42:696][890]LogModuleManager: Shutting down and abandoning module ExampleDeviceProfileSelector (74)
[2019.12.04-09.25.42:696][890]LogModuleManager: Shutting down and abandoning module LauncherChunkInstaller (72)
[2019.12.04-09.25.42:696][890]LogModuleManager: Shutting down and abandoning module OnlineBlueprintSupport (70)
[2019.12.04-09.25.42:696][890]LogModuleManager: Shutting down and abandoning module OnlineSubsystem (66)
[2019.12.04-09.25.42:697][890]LogModuleManager: Shutting down and abandoning module XMPP (61)
[2019.12.04-09.25.42:697][890]LogModuleManager: Shutting down and abandoning module WebSockets (60)
[2019.12.04-09.25.42:704][890]LogModuleManager: Shutting down and abandoning module HTTP (57)
[2019.12.04-09.25.42:704][890]LogHttp: Display: Http module shutting down, but needs to wait on 1 outstanding Http requests:
[2019.12.04-09.25.42:704][890]LogHttp: Display: 	verb=[POST] url=[https://datarouter.ol.epicgames.com/datarouter/api/v1/public/data?SessionID=%7B30B2DE40-4D44-1D8A-4F75-F58190842644%7D&AppID=UEEditor.Rocket.Release&AppVersion=4.23.1-9631420%2B%2B%2BUE4%2BRelease-4.23&UserID=7927cb9e4c878a9060fddfb67d0295ee%7C98a002d0812b45ff9fe2e219cde04a54%7C75e712f5-a7d0-4916-8560-60c28ca3f05f&AppEnvironment=datacollector-binary&UploadType=eteventstream] status=Processing
[2019.12.04-09.25.42:717][890]LogModuleManager: Shutting down and abandoning module SSL (56)
[2019.12.04-09.25.42:718][890]LogModuleManager: Shutting down and abandoning module WmfMedia (52)
[2019.12.04-09.25.42:719][890]LogModuleManager: Shutting down and abandoning module Media (51)
[2019.12.04-09.25.42:720][890]LogModuleManager: Shutting down and abandoning module MagicLeap (48)
[2019.12.04-09.25.42:720][890]LogModuleManager: Shutting down and abandoning module DatasmithContent (46)
[2019.12.04-09.25.42:720][890]LogModuleManager: Shutting down and abandoning module AISupportModule (44)
[2019.12.04-09.25.42:720][890]LogModuleManager: Shutting down and abandoning module PlatformCryptoOpenSSL (42)
[2019.12.04-09.25.42:720][890]LogModuleManager: Shutting down and abandoning module PlatformCrypto (40)
[2019.12.04-09.25.42:720][890]LogModuleManager: Shutting down and abandoning module AnimationModifiers (38)
[2019.12.04-09.25.42:720][890]LogModuleManager: Shutting down and abandoning module PropertyEditor (37)
[2019.12.04-09.25.42:721][890]LogModuleManager: Shutting down and abandoning module AudioEditor (34)
[2019.12.04-09.25.42:721][890]LogModuleManager: Shutting down and abandoning module TextureCompressor (32)
[2019.12.04-09.25.42:721][890]LogModuleManager: Shutting down and abandoning module RenderCore (30)
[2019.12.04-09.25.42:721][890]LogModuleManager: Shutting down and abandoning module Landscape (28)
[2019.12.04-09.25.42:721][890]LogModuleManager: Shutting down and abandoning module SlateRHIRenderer (26)
[2019.12.04-09.25.42:722][890]LogModuleManager: Shutting down and abandoning module OpenGLDrv (24)
[2019.12.04-09.25.42:722][890]LogModuleManager: Shutting down and abandoning module D3D11RHI (22)
[2019.12.04-09.25.42:722][890]LogModuleManager: Shutting down and abandoning module AnimGraphRuntime (20)
[2019.12.04-09.25.42:722][890]LogModuleManager: Shutting down and abandoning module Renderer (18)
[2019.12.04-09.25.42:722][890]LogModuleManager: Shutting down and abandoning module Engine (16)
[2019.12.04-09.25.42:722][890]LogModuleManager: Shutting down and abandoning module CoreUObject (14)
[2019.12.04-09.25.42:722][890]LogModuleManager: Shutting down and abandoning module NetworkFile (12)
[2019.12.04-09.25.42:722][890]LogModuleManager: Shutting down and abandoning module CookedIterativeFile (10)
[2019.12.04-09.25.42:722][890]LogModuleManager: Shutting down and abandoning module StreamingFile (8)
[2019.12.04-09.25.42:722][890]LogModuleManager: Shutting down and abandoning module SandboxFile (6)
[2019.12.04-09.25.42:722][890]LogModuleManager: Shutting down and abandoning module PakFile (4)
[2019.12.04-09.25.42:722][890]LogModuleManager: Shutting down and abandoning module RSA (3)
[2019.12.04-09.25.42:723][890]LogD3D11RHI: Shutdown
[2019.12.04-09.25.42:723][890]LogD3D11RHI: CleanupD3DDevice
[2019.12.04-09.25.42:723][890]LogRendererCore: FGlobalDynamicReadBuffer::Cleanup()
[2019.12.04-09.25.42:723][890]LogRendererCore: FGlobalDynamicReadBuffer::Cleanup()
[2019.12.04-09.25.42:723][890]LogRendererCore: FGlobalDynamicReadBuffer::Cleanup()
[2019.12.04-09.25.42:796][890]LogD3D11RHI: ~FD3D11DynamicRHI
[2019.12.04-09.25.42:808][890]LogExit: Exiting.
[2019.12.04-09.25.42:819][890]Log file closed, 12/04/19 10:25:42
