Log file open, 01/01/20 19:36:17
LogWindows: Failed to load 'aqProf.dll' (GetLastError=126)
LogWindows: File 'aqProf.dll' does not exist
LogWindows: Failed to load 'VtuneApi.dll' (GetLastError=126)
LogWindows: File 'VtuneApi.dll' does not exist
LogWindows: Failed to load 'VtuneApi32e.dll' (GetLastError=126)
LogWindows: File 'VtuneApi32e.dll' does not exist
LogConsoleResponse: Display: Failed to find resolution value strings in scalability ini. Falling back to default.
LogInit: Display: Running engine for game: Sangonera
LogPlatformFile: Not using cached read wrapper
LogTaskGraph: Started task graph with 5 named threads and 35 total threads with 3 sets of task threads.
LogStats: Stats thread started at 0.081968
LogD3D11RHI: Loaded GFSDK_Aftermath_Lib.x64.dll
LogICUInternationalization: ICU TimeZone Detection - Raw Offset: +1:00, Platform Override: ''
LogPluginManager: Mounting plugin Paper2D
LogPluginManager: Mounting plugin AISupport
LogPluginManager: Mounting plugin LightPropagationVolume
LogPluginManager: Mounting plugin ActorLayerUtilities
LogPluginManager: Mounting plugin AnimationSharing
LogPluginManager: Mounting plugin CLionSourceCodeAccess
LogPluginManager: Mounting plugin CodeLiteSourceCodeAccess
LogPluginManager: Mounting plugin GitSourceControl
LogPluginManager: Mounting plugin KDevelopSourceCodeAccess
LogPluginManager: Mounting plugin NullSourceCodeAccess
LogPluginManager: Mounting plugin PerforceSourceControl
LogPluginManager: Mounting plugin SubversionSourceControl
LogPluginManager: Mounting plugin UObjectPlugin
LogPluginManager: Mounting plugin VisualStudioCodeSourceCodeAccess
LogPluginManager: Mounting plugin VisualStudioSourceCodeAccess
LogPluginManager: Mounting plugin XCodeSourceCodeAccess
LogPluginManager: Mounting plugin AssetManagerEditor
LogPluginManager: Mounting plugin CryptoKeys
LogPluginManager: Mounting plugin CurveEditorTools
LogPluginManager: Mounting plugin DataValidation
LogPluginManager: Mounting plugin FacialAnimation
LogPluginManager: Mounting plugin GameplayTagsEditor
LogPluginManager: Mounting plugin MacGraphicsSwitching
LogPluginManager: Mounting plugin MaterialAnalyzer
LogPluginManager: Mounting plugin MobileLauncherProfileWizard
LogPluginManager: Mounting plugin PluginBrowser
LogPluginManager: Mounting plugin SpeedTreeImporter
LogPluginManager: Mounting plugin DatasmithContent
LogPluginManager: Mounting plugin VariantManagerContent
LogPluginManager: Mounting plugin AlembicImporter
LogPluginManager: Mounting plugin AutomationUtils
LogPluginManager: Mounting plugin BackChannel
LogPluginManager: Mounting plugin CharacterAI
LogPluginManager: Mounting plugin GeometryCache
LogPluginManager: Mounting plugin HTML5Networking
LogPluginManager: Mounting plugin PlatformCrypto
LogPluginManager: Mounting plugin ProxyLODPlugin
LogPluginManager: Mounting plugin SkeletalReduction
LogPluginManager: Mounting plugin MagicLeap
LogPluginManager: Mounting plugin MagicLeapMedia
LogPluginManager: Mounting plugin AndroidMedia
LogPluginManager: Mounting plugin AvfMedia
LogPluginManager: Mounting plugin ImgMedia
LogPluginManager: Mounting plugin MediaCompositing
LogPluginManager: Mounting plugin MediaPlayerEditor
LogPluginManager: Mounting plugin WebMMedia
LogPluginManager: Mounting plugin WmfMedia
LogPluginManager: Mounting plugin TcpMessaging
LogPluginManager: Mounting plugin UdpMessaging
LogPluginManager: Mounting plugin ActorSequence
LogPluginManager: Mounting plugin LevelSequenceEditor
LogPluginManager: Mounting plugin MatineeToLevelSequence
LogPluginManager: Mounting plugin NetcodeUnitTest
LogPluginManager: Mounting plugin NUTUnrealEngine4
LogPluginManager: Mounting plugin OnlineSubsystemGooglePlay
LogPluginManager: Mounting plugin OnlineSubsystemIOS
LogPluginManager: Mounting plugin OnlineSubsystem
LogPluginManager: Mounting plugin OnlineSubsystemNull
LogPluginManager: Mounting plugin OnlineSubsystemUtils
LogPluginManager: Mounting plugin LauncherChunkInstaller
LogPluginManager: Mounting plugin AndroidDeviceProfileSelector
LogPluginManager: Mounting plugin AndroidMoviePlayer
LogPluginManager: Mounting plugin AndroidPermission
LogPluginManager: Mounting plugin AppleImageUtils
LogPluginManager: Mounting plugin AppleMoviePlayer
LogPluginManager: Mounting plugin ArchVisCharacter
LogPluginManager: Mounting plugin AudioCapture
LogPluginManager: Mounting plugin CableComponent
LogPluginManager: Mounting plugin CustomMeshComponent
LogPluginManager: Mounting plugin EditableMesh
LogPluginManager: Mounting plugin ExampleDeviceProfileSelector
LogPluginManager: Mounting plugin GoogleCloudMessaging
LogPluginManager: Mounting plugin HoudiniEngine
LogPluginManager: Mounting plugin IOSDeviceProfileSelector
LogPluginManager: Mounting plugin LinuxDeviceProfileSelector
LogPluginManager: Mounting plugin LocationServicesBPLibrary
LogPluginManager: Mounting plugin MobilePatchingUtils
LogPluginManager: Mounting plugin OculusVR
LogPluginManager: Mounting plugin PhysXVehicles
LogPluginManager: Mounting plugin ProceduralMeshComponent
LogPluginManager: Mounting plugin RuntimePhysXCooking
LogPluginManager: Mounting plugin SignificanceManager
LogPluginManager: Mounting plugin SteamVR
LogPluginManager: Mounting plugin WebMMoviePlayer
LogPluginManager: Mounting plugin WindowsMoviePlayer
LogPluginManager: Mounting plugin ScreenshotTools
LogInit: Using libcurl 7.55.1-DEV
LogInit:  - built for x86_64-pc-win32
LogInit:  - supports SSL with OpenSSL/1.1.1
LogInit:  - supports HTTP deflate (compression) using libz 1.2.8
LogInit:  - other features:
LogInit:      CURL_VERSION_SSL
LogInit:      CURL_VERSION_LIBZ
LogInit:      CURL_VERSION_IPV6
LogInit:      CURL_VERSION_ASYNCHDNS
LogInit:      CURL_VERSION_LARGEFILE
LogInit:      CURL_VERSION_IDN
LogInit:  CurlRequestOptions (configurable via config and command line):
LogInit:  - bVerifyPeer = true  - Libcurl will verify peer certificate
LogInit:  - bUseHttpProxy = false  - Libcurl will NOT use HTTP proxy
LogInit:  - bDontReuseConnections = false  - Libcurl will reuse connections
LogInit:  - MaxHostConnections = 16  - Libcurl will limit the number of connections to a host
LogInit:  - LocalHostAddr = Default
LogInit:  - BufferSize = 65536
LogOnline: OSS: Creating online subsystem instance for: NULL
LogInit: WinSock: version 1.1 (2.2), MaxSocks=32767, MaxUdp=65467
LogHMD: Failed initializing OVRPlugin 1.37.0
LogInit: Build: ++UE4+Release-4.23-CL-9631420
LogInit: Engine Version: 4.23.1-9631420+++UE4+Release-4.23
LogInit: Compatible Engine Version: 4.23.0-8386587+++UE4+Release-4.23
LogInit: Net CL: 8386587
LogInit: OS: Windows 10 (Release 1903) (), CPU: Intel(R) Core(TM) i7-8750H CPU @ 2.20GHz, GPU: Intel(R) UHD Graphics 630
LogInit: Compiled (64-bit): Oct 18 2019 02:07:44
LogInit: Compiled with Visual C++: 19.16.27030.01
LogInit: Build Configuration: Development
LogInit: Branch Name: ++UE4+Release-4.23
LogInit: Command Line:  -EpicPortal -epicusername=xPsychoPanda -epicuserid=98a002d0812b45ff9fe2e219cde04a54 -epiclocale=es-ES
LogInit: Base Directory: D:/Epic Games/UE_4.23/Engine/Binaries/Win64/
LogInit: Installed Engine Build: 1
LogDevObjectVersion: Number of dev versions registered: 23
LogDevObjectVersion:   Dev-Blueprints (B0D832E4-1F89-4F0D-ACCF-7EB736FD4AA2): 10
LogDevObjectVersion:   Dev-Build (E1C64328-A22C-4D53-A36C-8E866417BD8C): 0
LogDevObjectVersion:   Dev-Core (375EC13C-06E4-48FB-B500-84F0262A717E): 3
LogDevObjectVersion:   Dev-Editor (E4B068ED-F494-42E9-A231-DA0B2E46BB41): 34
LogDevObjectVersion:   Dev-Framework (CFFC743F-43B0-4480-9391-14DF171D2073): 35
LogDevObjectVersion:   Dev-Mobile (B02B49B5-BB20-44E9-A304-32B752E40360): 2
LogDevObjectVersion:   Dev-Networking (A4E4105C-59A1-49B5-A7C5-40C4547EDFEE): 0
LogDevObjectVersion:   Dev-Online (39C831C9-5AE6-47DC-9A44-9C173E1C8E7C): 0
LogDevObjectVersion:   Dev-Physics (78F01B33-EBEA-4F98-B9B4-84EACCB95AA2): 0
LogDevObjectVersion:   Dev-Platform (6631380F-2D4D-43E0-8009-CF276956A95A): 0
LogDevObjectVersion:   Dev-Rendering (12F88B9F-8875-4AFC-A67C-D90C383ABD29): 31
LogDevObjectVersion:   Dev-Sequencer (7B5AE74C-D270-4C10-A958-57980B212A5A): 11
LogDevObjectVersion:   Dev-VR (D7296918-1DD6-4BDD-9DE2-64A83CC13884): 2
LogDevObjectVersion:   Dev-LoadTimes (C2A15278-BFE7-4AFE-6C17-90FF531DF755): 1
LogDevObjectVersion:   Private-Geometry (6EACA3D4-40EC-4CC1-B786-8BED09428FC5): 3
LogDevObjectVersion:   Dev-AnimPhys (29E575DD-E0A3-4627-9D10-D276232CDCEA): 17
LogDevObjectVersion:   Dev-Anim (AF43A65D-7FD3-4947-9873-3E8ED9C1BB05): 2
LogDevObjectVersion:   Dev-ReflectionCapture (6B266CEC-1EC7-4B8F-A30B-E4D90942FC07): 1
LogDevObjectVersion:   Dev-Automation (0DF73D61-A23F-47EA-B727-89E90C41499A): 1
LogDevObjectVersion:   FortniteMain (601D1886-AC64-4F84-AA16-D3DE0DEAC7D6): 27
LogDevObjectVersion:   Dev-Enterprise (9DFFBCD6-494F-0158-E221-12823C92A888): 6
LogDevObjectVersion:   Dev-Niagara (F2AED0AC-9AFE-416F-8664-AA7FFA26D6FC): 1
LogDevObjectVersion:   Dev-Destruction (174F1F0B-B4C6-45A5-B13F-2EE8D0FB917D): 9
LogInit: Presizing for max 16777216 objects, including 0 objects not considered by GC, pre-allocating 0 bytes for permanent pool.
LogInit: Object subsystem initialized
LogConfig: Setting CVar [[con.DebugEarlyDefault:1]]
LogConfig: Setting CVar [[r.setres:1280x720]]
[2020.01.01-18.36.18:530][  0]LogConfig: Setting CVar [[r.VSync:0]]
[2020.01.01-18.36.18:530][  0]LogConfig: Setting CVar [[r.RHICmdBypass:0]]
[2020.01.01-18.36.18:530][  0]LogConfig: Applying CVar settings from Section [/Script/Engine.RendererSettings] File [C:/Users/Guillem/Desktop/Project/ProjectSangonaera/Sangonera/Saved/Config/Windows/Engine.ini]
[2020.01.01-18.36.18:530][  0]LogConfig: Setting CVar [[r.GPUCrashDebugging:0]]
[2020.01.01-18.36.18:530][  0]LogConfig: Applying CVar settings from Section [/Script/Engine.RendererOverrideSettings] File [C:/Users/Guillem/Desktop/Project/ProjectSangonaera/Sangonera/Saved/Config/Windows/Engine.ini]
[2020.01.01-18.36.18:530][  0]LogConfig: Applying CVar settings from Section [/Script/Engine.StreamingSettings] File [C:/Users/Guillem/Desktop/Project/ProjectSangonaera/Sangonera/Saved/Config/Windows/Engine.ini]
[2020.01.01-18.36.18:530][  0]LogConfig: Setting CVar [[s.MinBulkDataSizeForAsyncLoading:131072]]
[2020.01.01-18.36.18:530][  0]LogConfig: Setting CVar [[s.AsyncLoadingThreadEnabled:0]]
[2020.01.01-18.36.18:530][  0]LogConfig: Setting CVar [[s.EventDrivenLoaderEnabled:1]]
[2020.01.01-18.36.18:530][  0]LogConfig: Setting CVar [[s.WarnIfTimeLimitExceeded:0]]
[2020.01.01-18.36.18:530][  0]LogConfig: Setting CVar [[s.TimeLimitExceededMultiplier:1.5]]
[2020.01.01-18.36.18:530][  0]LogConfig: Setting CVar [[s.TimeLimitExceededMinTime:0.005]]
[2020.01.01-18.36.18:530][  0]LogConfig: Setting CVar [[s.UseBackgroundLevelStreaming:1]]
[2020.01.01-18.36.18:530][  0]LogConfig: Setting CVar [[s.PriorityAsyncLoadingExtraTime:15.0]]
[2020.01.01-18.36.18:530][  0]LogConfig: Setting CVar [[s.LevelStreamingActorsUpdateTimeLimit:5.0]]
[2020.01.01-18.36.18:530][  0]LogConfig: Setting CVar [[s.PriorityLevelStreamingActorsUpdateExtraTime:5.0]]
[2020.01.01-18.36.18:530][  0]LogConfig: Setting CVar [[s.LevelStreamingComponentsRegistrationGranularity:10]]
[2020.01.01-18.36.18:530][  0]LogConfig: Setting CVar [[s.UnregisterComponentsTimeLimit:1.0]]
[2020.01.01-18.36.18:530][  0]LogConfig: Setting CVar [[s.LevelStreamingComponentsUnregistrationGranularity:5]]
[2020.01.01-18.36.18:530][  0]LogConfig: Applying CVar settings from Section [/Script/Engine.GarbageCollectionSettings] File [C:/Users/Guillem/Desktop/Project/ProjectSangonaera/Sangonera/Saved/Config/Windows/Engine.ini]
[2020.01.01-18.36.18:530][  0]LogConfig: Setting CVar [[gc.MaxObjectsNotConsideredByGC:1]]
[2020.01.01-18.36.18:530][  0]LogConfig: Setting CVar [[gc.SizeOfPermanentObjectPool:0]]
[2020.01.01-18.36.18:530][  0]LogConfig: Setting CVar [[gc.FlushStreamingOnGC:0]]
[2020.01.01-18.36.18:530][  0]LogConfig: Setting CVar [[gc.NumRetriesBeforeForcingGC:10]]
[2020.01.01-18.36.18:530][  0]LogConfig: Setting CVar [[gc.AllowParallelGC:1]]
[2020.01.01-18.36.18:530][  0]LogConfig: Setting CVar [[gc.TimeBetweenPurgingPendingKillObjects:61.1]]
[2020.01.01-18.36.18:530][  0]LogConfig: Setting CVar [[gc.MaxObjectsInEditor:16777216]]
[2020.01.01-18.36.18:531][  0]LogConfig: Setting CVar [[gc.IncrementalBeginDestroyEnabled:1]]
[2020.01.01-18.36.18:531][  0]LogConfig: Setting CVar [[gc.CreateGCClusters:1]]
[2020.01.01-18.36.18:531][  0]LogConfig: Setting CVar [[gc.MinGCClusterSize:5]]
[2020.01.01-18.36.18:531][  0]LogConfig: Setting CVar [[gc.ActorClusteringEnabled:0]]
[2020.01.01-18.36.18:531][  0]LogConfig: Setting CVar [[gc.BlueprintClusteringEnabled:0]]
[2020.01.01-18.36.18:531][  0]LogConfig: Setting CVar [[gc.UseDisregardForGCOnDedicatedServers:0]]
[2020.01.01-18.36.18:531][  0]LogConfig: Applying CVar settings from Section [/Script/Engine.NetworkSettings] File [C:/Users/Guillem/Desktop/Project/ProjectSangonaera/Sangonera/Saved/Config/Windows/Engine.ini]
[2020.01.01-18.36.18:531][  0]LogConfig: Applying CVar settings from Section [/Script/UnrealEd.CookerSettings] File [C:/Users/Guillem/Desktop/Project/ProjectSangonaera/Sangonera/Saved/Config/Windows/Engine.ini]
[2020.01.01-18.36.18:533][  0]LogConfig: Applying CVar settings from Section [ViewDistanceQuality@3] File [C:/Users/Guillem/Desktop/Project/ProjectSangonaera/Sangonera/Saved/Config/Windows/Scalability.ini]
[2020.01.01-18.36.18:533][  0]LogConfig: Setting CVar [[r.SkeletalMeshLODBias:0]]
[2020.01.01-18.36.18:533][  0]LogConfig: Setting CVar [[r.ViewDistanceScale:1.0]]
[2020.01.01-18.36.18:533][  0]LogConfig: Applying CVar settings from Section [AntiAliasingQuality@3] File [C:/Users/Guillem/Desktop/Project/ProjectSangonaera/Sangonera/Saved/Config/Windows/Scalability.ini]
[2020.01.01-18.36.18:533][  0]LogConfig: Setting CVar [[r.PostProcessAAQuality:4]]
[2020.01.01-18.36.18:533][  0]LogConfig: Applying CVar settings from Section [ShadowQuality@3] File [C:/Users/Guillem/Desktop/Project/ProjectSangonaera/Sangonera/Saved/Config/Windows/Scalability.ini]
[2020.01.01-18.36.18:533][  0]LogConfig: Setting CVar [[r.LightFunctionQuality:1]]
[2020.01.01-18.36.18:533][  0]LogConfig: Setting CVar [[r.ShadowQuality:5]]
[2020.01.01-18.36.18:533][  0]LogConfig: Setting CVar [[r.Shadow.CSM.MaxCascades:10]]
[2020.01.01-18.36.18:533][  0]LogConfig: Setting CVar [[r.Shadow.MaxResolution:2048]]
[2020.01.01-18.36.18:533][  0]LogConfig: Setting CVar [[r.Shadow.MaxCSMResolution:2048]]
[2020.01.01-18.36.18:533][  0]LogConfig: Setting CVar [[r.Shadow.RadiusThreshold:0.01]]
[2020.01.01-18.36.18:533][  0]LogConfig: Setting CVar [[r.Shadow.DistanceScale:1.0]]
[2020.01.01-18.36.18:533][  0]LogConfig: Setting CVar [[r.Shadow.CSM.TransitionScale:1.0]]
[2020.01.01-18.36.18:533][  0]LogConfig: Setting CVar [[r.Shadow.PreShadowResolutionFactor:1.0]]
[2020.01.01-18.36.18:533][  0]LogConfig: Setting CVar [[r.DistanceFieldShadowing:1]]
[2020.01.01-18.36.18:533][  0]LogConfig: Setting CVar [[r.DistanceFieldAO:1]]
[2020.01.01-18.36.18:533][  0]LogConfig: Setting CVar [[r.AOQuality:2]]
[2020.01.01-18.36.18:533][  0]LogConfig: Setting CVar [[r.VolumetricFog:1]]
[2020.01.01-18.36.18:533][  0]LogConfig: Setting CVar [[r.VolumetricFog.GridPixelSize:8]]
[2020.01.01-18.36.18:533][  0]LogConfig: Setting CVar [[r.VolumetricFog.GridSizeZ:128]]
[2020.01.01-18.36.18:533][  0]LogConfig: Setting CVar [[r.VolumetricFog.HistoryMissSupersampleCount:4]]
[2020.01.01-18.36.18:533][  0]LogConfig: Setting CVar [[r.LightMaxDrawDistanceScale:1]]
[2020.01.01-18.36.18:533][  0]LogConfig: Setting CVar [[r.CapsuleShadows:1]]
[2020.01.01-18.36.18:533][  0]LogConfig: Applying CVar settings from Section [PostProcessQuality@3] File [C:/Users/Guillem/Desktop/Project/ProjectSangonaera/Sangonera/Saved/Config/Windows/Scalability.ini]
[2020.01.01-18.36.18:533][  0]LogConfig: Setting CVar [[r.MotionBlurQuality:4]]
[2020.01.01-18.36.18:533][  0]LogConfig: Setting CVar [[r.AmbientOcclusionMipLevelFactor:0.4]]
[2020.01.01-18.36.18:533][  0]LogConfig: Setting CVar [[r.AmbientOcclusionMaxQuality:100]]
[2020.01.01-18.36.18:533][  0]LogConfig: Setting CVar [[r.AmbientOcclusionLevels:-1]]
[2020.01.01-18.36.18:533][  0]LogConfig: Setting CVar [[r.AmbientOcclusionRadiusScale:1.0]]
[2020.01.01-18.36.18:533][  0]LogConfig: Setting CVar [[r.DepthOfFieldQuality:2]]
[2020.01.01-18.36.18:533][  0]LogConfig: Setting CVar [[r.RenderTargetPoolMin:400]]
[2020.01.01-18.36.18:533][  0]LogConfig: Setting CVar [[r.LensFlareQuality:2]]
[2020.01.01-18.36.18:533][  0]LogConfig: Setting CVar [[r.SceneColorFringeQuality:1]]
[2020.01.01-18.36.18:533][  0]LogConfig: Setting CVar [[r.EyeAdaptationQuality:2]]
[2020.01.01-18.36.18:533][  0]LogConfig: Setting CVar [[r.BloomQuality:5]]
[2020.01.01-18.36.18:533][  0]LogConfig: Setting CVar [[r.FastBlurThreshold:100]]
[2020.01.01-18.36.18:533][  0]LogConfig: Setting CVar [[r.Upscale.Quality:3]]
[2020.01.01-18.36.18:533][  0]LogConfig: Setting CVar [[r.Tonemapper.GrainQuantization:1]]
[2020.01.01-18.36.18:533][  0]LogConfig: Setting CVar [[r.LightShaftQuality:1]]
[2020.01.01-18.36.18:533][  0]LogConfig: Setting CVar [[r.Filter.SizeScale:1]]
[2020.01.01-18.36.18:533][  0]LogConfig: Setting CVar [[r.Tonemapper.Quality:5]]
[2020.01.01-18.36.18:533][  0]LogConfig: Setting CVar [[r.DOF.Gather.AccumulatorQuality:1        ; higher gathering accumulator quality]]
[2020.01.01-18.36.18:533][  0]LogConfig: Setting CVar [[r.DOF.Gather.PostfilterMethod:1          ; Median3x3 postfilering method]]
[2020.01.01-18.36.18:533][  0]LogConfig: Setting CVar [[r.DOF.Gather.EnableBokehSettings:0       ; no bokeh simulation when gathering]]
[2020.01.01-18.36.18:533][  0]LogConfig: Setting CVar [[r.DOF.Gather.RingCount:4                 ; medium number of samples when gathering]]
[2020.01.01-18.36.18:533][  0]LogConfig: Setting CVar [[r.DOF.Scatter.ForegroundCompositing:1    ; additive foreground scattering]]
[2020.01.01-18.36.18:533][  0]LogConfig: Setting CVar [[r.DOF.Scatter.BackgroundCompositing:2    ; additive background scattering]]
[2020.01.01-18.36.18:533][  0]LogConfig: Setting CVar [[r.DOF.Scatter.EnableBokehSettings:1      ; bokeh simulation when scattering]]
[2020.01.01-18.36.18:533][  0]LogConfig: Setting CVar [[r.DOF.Scatter.MaxSpriteRatio:0.1         ; only a maximum of 10% of scattered bokeh]]
[2020.01.01-18.36.18:533][  0]LogConfig: Setting CVar [[r.DOF.Recombine.Quality:1                ; cheap slight out of focus]]
[2020.01.01-18.36.18:533][  0]LogConfig: Setting CVar [[r.DOF.Recombine.EnableBokehSettings:0    ; no bokeh simulation on slight out of focus]]
[2020.01.01-18.36.18:533][  0]LogConfig: Setting CVar [[r.DOF.TemporalAAQuality:1                ; more stable temporal accumulation]]
[2020.01.01-18.36.18:533][  0]LogConfig: Setting CVar [[r.DOF.Kernel.MaxForegroundRadius:0.025]]
[2020.01.01-18.36.18:533][  0]LogConfig: Setting CVar [[r.DOF.Kernel.MaxBackgroundRadius:0.025]]
[2020.01.01-18.36.18:533][  0]LogConfig: Applying CVar settings from Section [TextureQuality@3] File [C:/Users/Guillem/Desktop/Project/ProjectSangonaera/Sangonera/Saved/Config/Windows/Scalability.ini]
[2020.01.01-18.36.18:533][  0]LogConfig: Setting CVar [[r.Streaming.MipBias:0]]
[2020.01.01-18.36.18:533][  0]LogConfig: Setting CVar [[r.Streaming.AmortizeCPUToGPUCopy:0]]
[2020.01.01-18.36.18:533][  0]LogConfig: Setting CVar [[r.Streaming.MaxNumTexturesToStreamPerFrame:0]]
[2020.01.01-18.36.18:533][  0]LogConfig: Setting CVar [[r.Streaming.Boost:1]]
[2020.01.01-18.36.18:533][  0]LogConfig: Setting CVar [[r.MaxAnisotropy:8]]
[2020.01.01-18.36.18:533][  0]LogConfig: Setting CVar [[r.Streaming.LimitPoolSizeToVRAM:0]]
[2020.01.01-18.36.18:533][  0]LogConfig: Setting CVar [[r.Streaming.PoolSize:1000]]
[2020.01.01-18.36.18:533][  0]LogConfig: Setting CVar [[r.Streaming.MaxEffectiveScreenSize:0]]
[2020.01.01-18.36.18:533][  0]LogConfig: Applying CVar settings from Section [EffectsQuality@3] File [C:/Users/Guillem/Desktop/Project/ProjectSangonaera/Sangonera/Saved/Config/Windows/Scalability.ini]
[2020.01.01-18.36.18:533][  0]LogConfig: Setting CVar [[r.TranslucencyLightingVolumeDim:64]]
[2020.01.01-18.36.18:533][  0]LogConfig: Setting CVar [[r.RefractionQuality:2]]
[2020.01.01-18.36.18:533][  0]LogConfig: Setting CVar [[r.SSR.Quality:3]]
[2020.01.01-18.36.18:533][  0]LogConfig: Setting CVar [[r.SceneColorFormat:4]]
[2020.01.01-18.36.18:534][  0]LogConfig: Setting CVar [[r.DetailMode:2]]
[2020.01.01-18.36.18:534][  0]LogConfig: Setting CVar [[r.TranslucencyVolumeBlur:1]]
[2020.01.01-18.36.18:534][  0]LogConfig: Setting CVar [[r.MaterialQualityLevel:1 ; High quality]]
[2020.01.01-18.36.18:534][  0]LogConfig: Setting CVar [[r.SSS.Scale:1]]
[2020.01.01-18.36.18:534][  0]LogConfig: Setting CVar [[r.SSS.SampleSet:2]]
[2020.01.01-18.36.18:534][  0]LogConfig: Setting CVar [[r.SSS.Quality:1]]
[2020.01.01-18.36.18:534][  0]LogConfig: Setting CVar [[r.SSS.HalfRes:1]]
[2020.01.01-18.36.18:534][  0]LogConfig: Setting CVar [[r.EmitterSpawnRateScale:1.0]]
[2020.01.01-18.36.18:534][  0]LogConfig: Setting CVar [[r.ParticleLightQuality:2]]
[2020.01.01-18.36.18:534][  0]LogConfig: Applying CVar settings from Section [FoliageQuality@3] File [C:/Users/Guillem/Desktop/Project/ProjectSangonaera/Sangonera/Saved/Config/Windows/Scalability.ini]
[2020.01.01-18.36.18:534][  0]LogConfig: Setting CVar [[foliage.DensityScale:1.0]]
[2020.01.01-18.36.18:534][  0]LogConfig: Setting CVar [[grass.DensityScale:1.0]]
[2020.01.01-18.36.18:534][  0]LogInit: Selected Device Profile: [Windows]
[2020.01.01-18.36.18:534][  0]LogInit: Applying CVar settings loaded from the selected device profile: [Windows]
[2020.01.01-18.36.18:536][  0]LogHAL: Display: Platform has ~ 16 GB [17016328192 / 17179869184 / 16], which maps to Larger [LargestMinGB=32, LargerMinGB=12, DefaultMinGB=8, SmallerMinGB=6, SmallestMinGB=0)
[2020.01.01-18.36.18:536][  0]LogInit: Going up to parent DeviceProfile []
[2020.01.01-18.36.18:536][  0]LogConfig: Applying CVar settings from Section [ViewDistanceQuality@3] File [C:/Users/Guillem/Desktop/Project/ProjectSangonaera/Sangonera/Saved/Config/Windows/Scalability.ini]
[2020.01.01-18.36.18:536][  0]LogConfig: Setting CVar [[r.SkeletalMeshLODBias:0]]
[2020.01.01-18.36.18:536][  0]LogConfig: Setting CVar [[r.ViewDistanceScale:1.0]]
[2020.01.01-18.36.18:536][  0]LogConfig: Applying CVar settings from Section [AntiAliasingQuality@3] File [C:/Users/Guillem/Desktop/Project/ProjectSangonaera/Sangonera/Saved/Config/Windows/Scalability.ini]
[2020.01.01-18.36.18:536][  0]LogConfig: Setting CVar [[r.PostProcessAAQuality:4]]
[2020.01.01-18.36.18:536][  0]LogConfig: Applying CVar settings from Section [ShadowQuality@3] File [C:/Users/Guillem/Desktop/Project/ProjectSangonaera/Sangonera/Saved/Config/Windows/Scalability.ini]
[2020.01.01-18.36.18:536][  0]LogConfig: Setting CVar [[r.LightFunctionQuality:1]]
[2020.01.01-18.36.18:536][  0]LogConfig: Setting CVar [[r.ShadowQuality:5]]
[2020.01.01-18.36.18:536][  0]LogConfig: Setting CVar [[r.Shadow.CSM.MaxCascades:10]]
[2020.01.01-18.36.18:536][  0]LogConfig: Setting CVar [[r.Shadow.MaxResolution:2048]]
[2020.01.01-18.36.18:536][  0]LogConfig: Setting CVar [[r.Shadow.MaxCSMResolution:2048]]
[2020.01.01-18.36.18:536][  0]LogConfig: Setting CVar [[r.Shadow.RadiusThreshold:0.01]]
[2020.01.01-18.36.18:536][  0]LogConfig: Setting CVar [[r.Shadow.DistanceScale:1.0]]
[2020.01.01-18.36.18:536][  0]LogConfig: Setting CVar [[r.Shadow.CSM.TransitionScale:1.0]]
[2020.01.01-18.36.18:536][  0]LogConfig: Setting CVar [[r.Shadow.PreShadowResolutionFactor:1.0]]
[2020.01.01-18.36.18:536][  0]LogConfig: Setting CVar [[r.DistanceFieldShadowing:1]]
[2020.01.01-18.36.18:536][  0]LogConfig: Setting CVar [[r.DistanceFieldAO:1]]
[2020.01.01-18.36.18:536][  0]LogConfig: Setting CVar [[r.AOQuality:2]]
[2020.01.01-18.36.18:536][  0]LogConfig: Setting CVar [[r.VolumetricFog:1]]
[2020.01.01-18.36.18:536][  0]LogConfig: Setting CVar [[r.VolumetricFog.GridPixelSize:8]]
[2020.01.01-18.36.18:536][  0]LogConfig: Setting CVar [[r.VolumetricFog.GridSizeZ:128]]
[2020.01.01-18.36.18:536][  0]LogConfig: Setting CVar [[r.VolumetricFog.HistoryMissSupersampleCount:4]]
[2020.01.01-18.36.18:536][  0]LogConfig: Setting CVar [[r.LightMaxDrawDistanceScale:1]]
[2020.01.01-18.36.18:536][  0]LogConfig: Setting CVar [[r.CapsuleShadows:1]]
[2020.01.01-18.36.18:536][  0]LogConfig: Applying CVar settings from Section [PostProcessQuality@3] File [C:/Users/Guillem/Desktop/Project/ProjectSangonaera/Sangonera/Saved/Config/Windows/Scalability.ini]
[2020.01.01-18.36.18:536][  0]LogConfig: Setting CVar [[r.MotionBlurQuality:4]]
[2020.01.01-18.36.18:536][  0]LogConfig: Setting CVar [[r.AmbientOcclusionMipLevelFactor:0.4]]
[2020.01.01-18.36.18:536][  0]LogConfig: Setting CVar [[r.AmbientOcclusionMaxQuality:100]]
[2020.01.01-18.36.18:536][  0]LogConfig: Setting CVar [[r.AmbientOcclusionLevels:-1]]
[2020.01.01-18.36.18:536][  0]LogConfig: Setting CVar [[r.AmbientOcclusionRadiusScale:1.0]]
[2020.01.01-18.36.18:536][  0]LogConfig: Setting CVar [[r.DepthOfFieldQuality:2]]
[2020.01.01-18.36.18:536][  0]LogConfig: Setting CVar [[r.RenderTargetPoolMin:400]]
[2020.01.01-18.36.18:536][  0]LogConfig: Setting CVar [[r.LensFlareQuality:2]]
[2020.01.01-18.36.18:536][  0]LogConfig: Setting CVar [[r.SceneColorFringeQuality:1]]
[2020.01.01-18.36.18:536][  0]LogConfig: Setting CVar [[r.EyeAdaptationQuality:2]]
[2020.01.01-18.36.18:536][  0]LogConfig: Setting CVar [[r.BloomQuality:5]]
[2020.01.01-18.36.18:537][  0]LogConfig: Setting CVar [[r.FastBlurThreshold:100]]
[2020.01.01-18.36.18:537][  0]LogConfig: Setting CVar [[r.Upscale.Quality:3]]
[2020.01.01-18.36.18:537][  0]LogConfig: Setting CVar [[r.Tonemapper.GrainQuantization:1]]
[2020.01.01-18.36.18:537][  0]LogConfig: Setting CVar [[r.LightShaftQuality:1]]
[2020.01.01-18.36.18:537][  0]LogConfig: Setting CVar [[r.Filter.SizeScale:1]]
[2020.01.01-18.36.18:537][  0]LogConfig: Setting CVar [[r.Tonemapper.Quality:5]]
[2020.01.01-18.36.18:537][  0]LogConfig: Setting CVar [[r.DOF.Gather.AccumulatorQuality:1        ; higher gathering accumulator quality]]
[2020.01.01-18.36.18:537][  0]LogConfig: Setting CVar [[r.DOF.Gather.PostfilterMethod:1          ; Median3x3 postfilering method]]
[2020.01.01-18.36.18:537][  0]LogConfig: Setting CVar [[r.DOF.Gather.EnableBokehSettings:0       ; no bokeh simulation when gathering]]
[2020.01.01-18.36.18:537][  0]LogConfig: Setting CVar [[r.DOF.Gather.RingCount:4                 ; medium number of samples when gathering]]
[2020.01.01-18.36.18:537][  0]LogConfig: Setting CVar [[r.DOF.Scatter.ForegroundCompositing:1    ; additive foreground scattering]]
[2020.01.01-18.36.18:537][  0]LogConfig: Setting CVar [[r.DOF.Scatter.BackgroundCompositing:2    ; additive background scattering]]
[2020.01.01-18.36.18:537][  0]LogConfig: Setting CVar [[r.DOF.Scatter.EnableBokehSettings:1      ; bokeh simulation when scattering]]
[2020.01.01-18.36.18:537][  0]LogConfig: Setting CVar [[r.DOF.Scatter.MaxSpriteRatio:0.1         ; only a maximum of 10% of scattered bokeh]]
[2020.01.01-18.36.18:537][  0]LogConfig: Setting CVar [[r.DOF.Recombine.Quality:1                ; cheap slight out of focus]]
[2020.01.01-18.36.18:537][  0]LogConfig: Setting CVar [[r.DOF.Recombine.EnableBokehSettings:0    ; no bokeh simulation on slight out of focus]]
[2020.01.01-18.36.18:537][  0]LogConfig: Setting CVar [[r.DOF.TemporalAAQuality:1                ; more stable temporal accumulation]]
[2020.01.01-18.36.18:537][  0]LogConfig: Setting CVar [[r.DOF.Kernel.MaxForegroundRadius:0.025]]
[2020.01.01-18.36.18:537][  0]LogConfig: Setting CVar [[r.DOF.Kernel.MaxBackgroundRadius:0.025]]
[2020.01.01-18.36.18:537][  0]LogConfig: Applying CVar settings from Section [TextureQuality@3] File [C:/Users/Guillem/Desktop/Project/ProjectSangonaera/Sangonera/Saved/Config/Windows/Scalability.ini]
[2020.01.01-18.36.18:537][  0]LogConfig: Setting CVar [[r.Streaming.MipBias:0]]
[2020.01.01-18.36.18:537][  0]LogConfig: Setting CVar [[r.Streaming.AmortizeCPUToGPUCopy:0]]
[2020.01.01-18.36.18:537][  0]LogConfig: Setting CVar [[r.Streaming.MaxNumTexturesToStreamPerFrame:0]]
[2020.01.01-18.36.18:537][  0]LogConfig: Setting CVar [[r.Streaming.Boost:1]]
[2020.01.01-18.36.18:537][  0]LogConfig: Setting CVar [[r.MaxAnisotropy:8]]
[2020.01.01-18.36.18:537][  0]LogConfig: Setting CVar [[r.Streaming.LimitPoolSizeToVRAM:0]]
[2020.01.01-18.36.18:537][  0]LogConfig: Setting CVar [[r.Streaming.PoolSize:1000]]
[2020.01.01-18.36.18:537][  0]LogConfig: Setting CVar [[r.Streaming.MaxEffectiveScreenSize:0]]
[2020.01.01-18.36.18:537][  0]LogConfig: Applying CVar settings from Section [EffectsQuality@3] File [C:/Users/Guillem/Desktop/Project/ProjectSangonaera/Sangonera/Saved/Config/Windows/Scalability.ini]
[2020.01.01-18.36.18:537][  0]LogConfig: Setting CVar [[r.TranslucencyLightingVolumeDim:64]]
[2020.01.01-18.36.18:537][  0]LogConfig: Setting CVar [[r.RefractionQuality:2]]
[2020.01.01-18.36.18:537][  0]LogConfig: Setting CVar [[r.SSR.Quality:3]]
[2020.01.01-18.36.18:537][  0]LogConfig: Setting CVar [[r.SceneColorFormat:4]]
[2020.01.01-18.36.18:537][  0]LogConfig: Setting CVar [[r.DetailMode:2]]
[2020.01.01-18.36.18:537][  0]LogConfig: Setting CVar [[r.TranslucencyVolumeBlur:1]]
[2020.01.01-18.36.18:537][  0]LogConfig: Setting CVar [[r.MaterialQualityLevel:1 ; High quality]]
[2020.01.01-18.36.18:537][  0]LogConfig: Setting CVar [[r.SSS.Scale:1]]
[2020.01.01-18.36.18:537][  0]LogConfig: Setting CVar [[r.SSS.SampleSet:2]]
[2020.01.01-18.36.18:537][  0]LogConfig: Setting CVar [[r.SSS.Quality:1]]
[2020.01.01-18.36.18:537][  0]LogConfig: Setting CVar [[r.SSS.HalfRes:1]]
[2020.01.01-18.36.18:537][  0]LogConfig: Setting CVar [[r.EmitterSpawnRateScale:1.0]]
[2020.01.01-18.36.18:537][  0]LogConfig: Setting CVar [[r.ParticleLightQuality:2]]
[2020.01.01-18.36.18:537][  0]LogConfig: Applying CVar settings from Section [FoliageQuality@3] File [C:/Users/Guillem/Desktop/Project/ProjectSangonaera/Sangonera/Saved/Config/Windows/Scalability.ini]
[2020.01.01-18.36.18:537][  0]LogConfig: Setting CVar [[foliage.DensityScale:1.0]]
[2020.01.01-18.36.18:537][  0]LogConfig: Setting CVar [[grass.DensityScale:1.0]]
[2020.01.01-18.36.18:537][  0]LogConfig: Applying CVar settings from Section [Startup] File [../../../Engine/Config/ConsoleVariables.ini]
[2020.01.01-18.36.18:537][  0]LogConfig: Setting CVar [[net.UseAdaptiveNetUpdateFrequency:0]]
[2020.01.01-18.36.18:537][  0]LogConfig: Setting CVar [[p.chaos.AllowCreatePhysxBodies:1]]
[2020.01.01-18.36.18:537][  0]LogConfig: Applying CVar settings from Section [ConsoleVariables] File [C:/Users/Guillem/Desktop/Project/ProjectSangonaera/Sangonera/Saved/Config/Windows/Engine.ini]
[2020.01.01-18.36.18:537][  0]LogInit: Computer: GUILLE
[2020.01.01-18.36.18:537][  0]LogInit: User: Guillem
[2020.01.01-18.36.18:537][  0]LogInit: CPU Page size=4096, Cores=6
[2020.01.01-18.36.18:537][  0]LogInit: High frequency timer resolution =10.000000 MHz
[2020.01.01-18.36.18:538][  0]LogMemory: Memory total: Physical=15.8GB (16GB approx)
[2020.01.01-18.36.18:538][  0]LogMemory: Platform Memory Stats for Windows
[2020.01.01-18.36.18:538][  0]LogMemory: Process Physical Memory: 106.45 MB used, 106.45 MB peak
[2020.01.01-18.36.18:538][  0]LogMemory: Process Virtual Memory: 94.02 MB used, 94.02 MB peak
[2020.01.01-18.36.18:538][  0]LogMemory: Physical Memory: 8645.61 MB used,  7582.43 MB free, 16228.04 MB total
[2020.01.01-18.36.18:538][  0]LogMemory: Virtual Memory: 4699.52 MB used,  134213032.00 MB free, 134217728.00 MB total
[2020.01.01-18.36.18:540][  0]LogWindows: WindowsPlatformFeatures enabled
[2020.01.01-18.36.18:562][  0]LogInit: Overriding language with editor language configuration option (en).
[2020.01.01-18.36.18:562][  0]LogInit: Overriding locale with editor culture configuration option ().
[2020.01.01-18.36.18:562][  0]LogInit: Using OS detected locale (es-ES).
[2020.01.01-18.36.18:711][  0]LogInit: Setting process to per monitor DPI aware
[2020.01.01-18.36.18:743][  0]LogSlate: New Slate User Created.  User Index 0, Is Virtual User: 0
[2020.01.01-18.36.18:743][  0]LogSlate: Slate User Registered.  User Index 0, Is Virtual User: 0
[2020.01.01-18.36.19:049][  0]LogHMD: Failed to initialize OpenVR with code 126
[2020.01.01-18.36.19:049][  0]LogD3D11RHI: D3D11 adapters:
[2020.01.01-18.36.19:118][  0]LogD3D11RHI:    0. 'NVIDIA GeForce GTX 1070 with Max-Q Design' (Feature Level 11_0)
[2020.01.01-18.36.19:118][  0]LogD3D11RHI:       8081/0/8114 MB DedicatedVideo/DedicatedSystem/SharedSystem, Outputs:1, VendorId:0x10de
[2020.01.01-18.36.19:135][  0]LogD3D11RHI:    1. 'Intel(R) UHD Graphics 630' (Feature Level 11_0)
[2020.01.01-18.36.19:135][  0]LogD3D11RHI:       128/0/8114 MB DedicatedVideo/DedicatedSystem/SharedSystem, Outputs:0, VendorId:0x8086
[2020.01.01-18.36.19:137][  0]LogD3D11RHI:    2. 'Microsoft Basic Render Driver' (Feature Level 11_0)
[2020.01.01-18.36.19:137][  0]LogD3D11RHI:       0/0/8114 MB DedicatedVideo/DedicatedSystem/SharedSystem, Outputs:0, VendorId:0x1414
[2020.01.01-18.36.19:137][  0]LogD3D11RHI: Chosen D3D11 Adapter: 0
[2020.01.01-18.36.19:175][  0]LogD3D11RHI: Creating new Direct3DDevice
[2020.01.01-18.36.19:175][  0]LogD3D11RHI:     GPU DeviceId: 0x1ba1 (for the marketing name, search the web for "GPU Device Id")
[2020.01.01-18.36.19:175][  0]LogWindows: EnumDisplayDevices:
[2020.01.01-18.36.19:175][  0]LogWindows:    0. 'Intel(R) UHD Graphics 630' (P:1 D:1)
[2020.01.01-18.36.19:175][  0]LogWindows:    1. 'Intel(R) UHD Graphics 630' (P:0 D:0)
[2020.01.01-18.36.19:176][  0]LogWindows:    2. 'Intel(R) UHD Graphics 630' (P:0 D:0)
[2020.01.01-18.36.19:176][  0]LogWindows:    3. 'NVIDIA GeForce GTX 1070 with Max-Q Design' (P:0 D:0)
[2020.01.01-18.36.19:176][  0]LogWindows:    4. 'NVIDIA GeForce GTX 1070 with Max-Q Design' (P:0 D:0)
[2020.01.01-18.36.19:176][  0]LogWindows:    5. 'NVIDIA GeForce GTX 1070 with Max-Q Design' (P:0 D:0)
[2020.01.01-18.36.19:177][  0]LogWindows:    6. 'NVIDIA GeForce GTX 1070 with Max-Q Design' (P:0 D:0)
[2020.01.01-18.36.19:177][  0]LogWindows: DebugString: PrimaryIsNotTheChoosenAdapter PrimaryIsNotTheChoosenAdapter PrimaryIsNotTheChoosenAdapter FoundDriverCount:4 
[2020.01.01-18.36.19:177][  0]LogD3D11RHI:     Adapter Name: NVIDIA GeForce GTX 1070 with Max-Q Design
[2020.01.01-18.36.19:177][  0]LogD3D11RHI:   Driver Version: 441.66 (internal:26.21.14.4166, unified:441.66)
[2020.01.01-18.36.19:177][  0]LogD3D11RHI:      Driver Date: 12-6-2019
[2020.01.01-18.36.19:177][  0]LogRHI: Texture pool is 5656 MB (70% of 8081 MB)
[2020.01.01-18.36.19:217][  0]LogD3D11RHI: Async texture creation enabled
[2020.01.01-18.36.19:228][  0]LogD3D11RHI: GPU Timing Frequency: 1000.000000 (Debug: 2 1)
[2020.01.01-18.36.19:532][  0]LogTemp: Display: Module 'AllDesktopTargetPlatform' loaded TargetPlatform 'AllDesktop'
[2020.01.01-18.36.19:539][  0]LogTemp: Display: Module 'MacClientTargetPlatform' loaded TargetPlatform 'MacClient'
[2020.01.01-18.36.19:547][  0]LogTemp: Display: Module 'MacNoEditorTargetPlatform' loaded TargetPlatform 'MacNoEditor'
[2020.01.01-18.36.19:554][  0]LogTemp: Display: Module 'MacServerTargetPlatform' loaded TargetPlatform 'MacServer'
[2020.01.01-18.36.19:562][  0]LogTemp: Display: Module 'MacTargetPlatform' loaded TargetPlatform 'Mac'
[2020.01.01-18.36.19:570][  0]LogTemp: Display: Module 'WindowsClientTargetPlatform' loaded TargetPlatform 'WindowsClient'
[2020.01.01-18.36.19:576][  0]LogTemp: Display: Module 'WindowsNoEditorTargetPlatform' loaded TargetPlatform 'WindowsNoEditor'
[2020.01.01-18.36.19:584][  0]LogTemp: Display: Module 'WindowsServerTargetPlatform' loaded TargetPlatform 'WindowsServer'
[2020.01.01-18.36.19:587][  0]LogTemp: Display: Module 'WindowsTargetPlatform' loaded TargetPlatform 'Windows'
[2020.01.01-18.36.19:618][  0]LogTemp: Display: Module 'AndroidTargetPlatform' loaded TargetPlatform 'Android'
[2020.01.01-18.36.19:618][  0]LogTemp: Display: Module 'AndroidTargetPlatform' loaded TargetPlatform 'Android_ASTC'
[2020.01.01-18.36.19:618][  0]LogTemp: Display: Module 'AndroidTargetPlatform' loaded TargetPlatform 'Android_ATC'
[2020.01.01-18.36.19:618][  0]LogTemp: Display: Module 'AndroidTargetPlatform' loaded TargetPlatform 'Android_DXT'
[2020.01.01-18.36.19:618][  0]LogTemp: Display: Module 'AndroidTargetPlatform' loaded TargetPlatform 'Android_ETC1'
[2020.01.01-18.36.19:618][  0]LogTemp: Display: Module 'AndroidTargetPlatform' loaded TargetPlatform 'Android_ETC1a'
[2020.01.01-18.36.19:618][  0]LogTemp: Display: Module 'AndroidTargetPlatform' loaded TargetPlatform 'Android_ETC2'
[2020.01.01-18.36.19:618][  0]LogTemp: Display: Module 'AndroidTargetPlatform' loaded TargetPlatform 'Android_PVRTC'
[2020.01.01-18.36.19:618][  0]LogTemp: Display: Module 'AndroidTargetPlatform' loaded TargetPlatform 'AndroidClient'
[2020.01.01-18.36.19:618][  0]LogTemp: Display: Module 'AndroidTargetPlatform' loaded TargetPlatform 'Android_ASTCClient'
[2020.01.01-18.36.19:618][  0]LogTemp: Display: Module 'AndroidTargetPlatform' loaded TargetPlatform 'Android_ATCClient'
[2020.01.01-18.36.19:618][  0]LogTemp: Display: Module 'AndroidTargetPlatform' loaded TargetPlatform 'Android_DXTClient'
[2020.01.01-18.36.19:618][  0]LogTemp: Display: Module 'AndroidTargetPlatform' loaded TargetPlatform 'Android_ETC1Client'
[2020.01.01-18.36.19:618][  0]LogTemp: Display: Module 'AndroidTargetPlatform' loaded TargetPlatform 'Android_ETC1aClient'
[2020.01.01-18.36.19:618][  0]LogTemp: Display: Module 'AndroidTargetPlatform' loaded TargetPlatform 'Android_ETC2Client'
[2020.01.01-18.36.19:618][  0]LogTemp: Display: Module 'AndroidTargetPlatform' loaded TargetPlatform 'Android_PVRTCClient'
[2020.01.01-18.36.19:618][  0]LogTemp: Display: Module 'AndroidTargetPlatform' loaded TargetPlatform 'Android_Multi'
[2020.01.01-18.36.19:618][  0]LogTemp: Display: Module 'AndroidTargetPlatform' loaded TargetPlatform 'Android_MultiClient'
[2020.01.01-18.36.19:619][  0]LogTemp: Display: Module 'HTML5TargetPlatform' loaded TargetPlatform 'HTML5'
[2020.01.01-18.36.19:635][  0]LogTemp: Display: Module 'IOSTargetPlatform' loaded TargetPlatform 'IOSClient'
[2020.01.01-18.36.19:635][  0]LogTemp: Display: Module 'IOSTargetPlatform' loaded TargetPlatform 'IOS'
[2020.01.01-18.36.19:649][  0]LogTemp: Display: Module 'TVOSTargetPlatform' loaded TargetPlatform 'TVOSClient'
[2020.01.01-18.36.19:649][  0]LogTemp: Display: Module 'TVOSTargetPlatform' loaded TargetPlatform 'TVOS'
[2020.01.01-18.36.19:655][  0]LogTemp: Display: Module 'LinuxClientTargetPlatform' loaded TargetPlatform 'LinuxClient'
[2020.01.01-18.36.19:662][  0]LogTemp: Display: Module 'LinuxNoEditorTargetPlatform' loaded TargetPlatform 'LinuxNoEditor'
[2020.01.01-18.36.19:669][  0]LogTemp: Display: Module 'LinuxServerTargetPlatform' loaded TargetPlatform 'LinuxServer'
[2020.01.01-18.36.19:676][  0]LogTemp: Display: Module 'LinuxTargetPlatform' loaded TargetPlatform 'Linux'
[2020.01.01-18.36.19:699][  0]LogTemp: Display: Module 'LuminTargetPlatform' loaded TargetPlatform 'Lumin'
[2020.01.01-18.36.19:699][  0]LogTemp: Display: Module 'LuminTargetPlatform' loaded TargetPlatform 'LuminClient'
[2020.01.01-18.36.19:699][  0]LogTargetPlatformManager: Display: Building Assets For Windows
[2020.01.01-18.36.19:706][  0]LogAudioDebug: Display: Lib vorbis DLL was dynamically loaded.
[2020.01.01-18.36.19:745][  0]LogShaderCompilers: Guid format shader working directory is -13 characters bigger than the processId version (C:/Users/Guillem/Desktop/Project/ProjectSangonaera/Sangonera/Intermediate/Shaders/WorkingDirectory/21864/).
[2020.01.01-18.36.19:745][  0]LogShaderCompilers: Cleaned the shader compiler working directory 'C:/Users/Guillem/AppData/Local/Temp/UnrealShaderWorkingDir/7DF9D4194BE164B7AE6230B033F7BE12/'.
[2020.01.01-18.36.19:746][  0]LogXGEController: Cannot use XGE Controller as Incredibuild is not installed on this machine.
[2020.01.01-18.36.19:746][  0]LogShaderCompilers: Cannot use XGE Shader Compiler as Incredibuild is not installed on this machine.
[2020.01.01-18.36.19:746][  0]LogShaderCompilers: Display: Using Local Shader Compiler.
[2020.01.01-18.36.20:309][  0]LogDerivedDataCache: Display: Max Cache Size: 512 MB
[2020.01.01-18.36.20:365][  0]LogDerivedDataCache: Loaded boot cache 0.06s 76MB C:/Users/Guillem/AppData/Local/UnrealEngine/4.23/DerivedDataCache/Boot.ddc.
[2020.01.01-18.36.20:365][  0]LogDerivedDataCache: Display: Loaded Boot cache: C:/Users/Guillem/AppData/Local/UnrealEngine/4.23/DerivedDataCache/Boot.ddc
[2020.01.01-18.36.20:365][  0]LogDerivedDataCache: FDerivedDataBackendGraph:  Pak pak cache file C:/Users/Guillem/Desktop/Project/ProjectSangonaera/Sangonera/DerivedDataCache/DDC.ddp not found, will not use a pak cache.
[2020.01.01-18.36.20:365][  0]LogDerivedDataCache: Unable to find inner node Pak for hierarchical cache Hierarchy.
[2020.01.01-18.36.20:365][  0]LogDerivedDataCache: FDerivedDataBackendGraph:  CompressedPak pak cache file C:/Users/Guillem/Desktop/Project/ProjectSangonaera/Sangonera/DerivedDataCache/Compressed.ddp not found, will not use a pak cache.
[2020.01.01-18.36.20:365][  0]LogDerivedDataCache: Unable to find inner node CompressedPak for hierarchical cache Hierarchy.
[2020.01.01-18.36.20:376][  0]LogDerivedDataCache: Display: Pak cache opened for reading ../../../Engine/DerivedDataCache/Compressed.ddp.
[2020.01.01-18.36.20:376][  0]LogDerivedDataCache: FDerivedDataBackendGraph:  EnterprisePak pak cache file ../../../Enterprise/DerivedDataCache/Compressed.ddp not found, will not use a pak cache.
[2020.01.01-18.36.20:376][  0]LogDerivedDataCache: Unable to find inner node EnterprisePak for hierarchical cache Hierarchy.
[2020.01.01-18.36.20:377][  0]LogDerivedDataCache: Using Local data cache path C:/Users/Guillem/AppData/Local/UnrealEngine/Common/DerivedDataCache: Writable
[2020.01.01-18.36.20:377][  0]LogDerivedDataCache: Shared data cache path not found in *engine.ini, will not use an Shared cache.
[2020.01.01-18.36.20:377][  0]LogDerivedDataCache: Unable to find inner node Shared for hierarchical cache Hierarchy.
[2020.01.01-18.36.20:396][  0]LogMaterial: Verifying Global Shaders for PCD3D_SM5
[2020.01.01-18.36.20:399][  0]LogSlate: Using FreeType 2.6.0
[2020.01.01-18.36.20:399][  0]LogSlate: SlateFontServices - WITH_FREETYPE: 1, WITH_HARFBUZZ: 1
[2020.01.01-18.36.20:461][  0]LogAssetRegistry: FAssetRegistry took 0.0024 seconds to start up
[2020.01.01-18.36.20:699][  0]LogInit: Selected Device Profile: [Windows]
[2020.01.01-18.36.20:828][  0]LogMeshReduction: Using QuadricMeshReduction for automatic static mesh reduction
[2020.01.01-18.36.20:828][  0]LogMeshReduction: Using SimplygonMeshReduction for automatic skeletal mesh reduction
[2020.01.01-18.36.20:828][  0]LogMeshReduction: Using ProxyLODMeshReduction for automatic mesh merging
[2020.01.01-18.36.20:828][  0]LogMeshReduction: No distributed automatic mesh merging module available
[2020.01.01-18.36.20:828][  0]LogMeshMerging: No distributed automatic mesh merging module available
[2020.01.01-18.36.20:837][  0]LogNetVersion: Sangonera 1.0.0, NetCL: 8386587, EngineNetVer: 11, GameNetVer: 0 (Checksum: 2086811745)
[2020.01.01-18.36.21:221][  0]LogPackageLocalizationCache: Processed 13 localized package path(s) for 1 prioritized culture(s) in 0.050959 seconds
[2020.01.01-18.36.21:228][  0]LogUObjectArray: 43444 objects as part of root set at end of initial load.
[2020.01.01-18.36.21:228][  0]LogUObjectAllocator: 7548648 out of 0 bytes used by permanent object pool.
[2020.01.01-18.36.21:228][  0]LogUObjectArray: CloseDisregardForGC: 0/0 objects in disregard for GC pool
[2020.01.01-18.36.22:110][  0]LogTcpMessaging: Initializing TcpMessaging bridge
[2020.01.01-18.36.22:113][  0]LogUdpMessaging: Initializing bridge on interface 0.0.0.0:0 to multicast group 230.0.0.1:6666.
[2020.01.01-18.36.22:164][  0]SourceControl: Source control is disabled
[2020.01.01-18.36.22:164][  0]SourceControl: Source control is disabled
[2020.01.01-18.36.22:166][  0]SourceControl: Source control is disabled
[2020.01.01-18.36.22:167][  0]SourceControl: Source control is disabled
[2020.01.01-18.36.22:251][  0]LogAndroidPermission: UAndroidPermissionCallbackProxy::GetInstance
[2020.01.01-18.36.22:425][  0]LogHoudiniEngine: Starting the Houdini Engine module.
[2020.01.01-18.36.22:426][  0]LogHoudiniEngine: Loaded libHAPIL.dll from Registry path C:/Program Files/Side Effects Software/Houdini 18.0.287/bin
[2020.01.01-18.36.22:426][  0]LogLinker: Warning: Asset '../../Plugins/Runtime/HoudiniEngine/Content/houdini_logo.uasset' has been saved with empty engine version. The asset will be loaded but may be incompatible.
[2020.01.01-18.36.22:428][  0]LogLinker: Warning: Asset '../../Plugins/Runtime/HoudiniEngine/Content/houdini_default_material.uasset' has been saved with empty engine version. The asset will be loaded but may be incompatible.
[2020.01.01-18.36.22:433][  0]LogLinker: Warning: Asset '../../Plugins/Runtime/HoudiniEngine/Content/houdini_bgeo_import.uasset' has been saved with empty engine version. The asset will be loaded but may be incompatible.
[2020.01.01-18.36.22:438][  0]LogOcInput: OculusInput pre-init called
[2020.01.01-18.36.23:151][  0]LogEngine: Initializing Engine...
[2020.01.01-18.36.23:189][  0]LogHMD: Failed to initialize OpenVR with code 126
[2020.01.01-18.36.23:190][  0]LogStats: UGameplayTagsManager::InitializeManager -  0.000 s
[2020.01.01-18.36.23:407][  0]LogInit: Initializing FReadOnlyCVARCache
[2020.01.01-18.36.23:420][  0]LogAIModule: Creating AISystem for world Untitled
[2020.01.01-18.36.23:462][  0]LogInit: XAudio2 using 'Altavoces (Realtek(R) Audio)' : 2 channels at 48 kHz using 32 bits per sample (channel mask 0x3)
[2020.01.01-18.36.23:475][  0]LogInit: FAudioDevice initialized.
[2020.01.01-18.36.23:475][  0]LogNetVersion: Set ProjectVersion to 1.0.0.0. Version Checksum will be recalculated on next use.
[2020.01.01-18.36.23:555][  0]LogDerivedDataCache: Saved boot cache 0.08s 76MB C:/Users/Guillem/AppData/Local/UnrealEngine/4.23/DerivedDataCache/Boot.ddc.
[2020.01.01-18.36.23:558][  0]LogInit: Texture streaming: Enabled
[2020.01.01-18.36.23:575][  0]LogEngineSessionManager: EngineSessionManager initialized
[2020.01.01-18.36.23:575][  0]LogEditorSessionSummary: Verbose: Initializing EditorSessionSummaryWriter for editor session tracking
[2020.01.01-18.36.23:578][  0]LogEditorSessionSummary: EditorSessionSummaryWriter initialized
[2020.01.01-18.36.23:629][  0]LogInit: Transaction tracking system initialized
[2020.01.01-18.36.23:652][  0]BlueprintLog: New page: Editor Load
[2020.01.01-18.36.23:709][  0]LocalizationService: Localization service is disabled
[2020.01.01-18.36.23:933][  0]LogFileCache: Scanning file cache for directory 'C:/Users/Guillem/Desktop/Project/ProjectSangonaera/Sangonera/Content/' took 0.01s
[2020.01.01-18.36.23:933][  0]LogCook: Display: Max memory allowance for cook 16384mb min free memory 0mb
[2020.01.01-18.36.23:933][  0]LogCook: Display: Mobile HDR setting 1
[2020.01.01-18.36.24:024][  0]LogHoudiniEngineEditor: Starting the Houdini Engine Editor module.
[2020.01.01-18.36.24:026][  0]LogHoudiniEngineEditor: Houdini Engine Editor module startup complete.
[2020.01.01-18.36.24:114][  0]SourceControl: Source control is disabled
[2020.01.01-18.36.24:114][  0]Cmd: MAP LOAD FILE="C:/Users/Guillem/Desktop/Project/ProjectSangonaera/Sangonera/Content/Scenes/MainMenu.umap" TEMPLATE=0 SHOWPROGRESS=1 FEATURELEVEL=3
[2020.01.01-18.36.24:114][  0]LightingResults: New page: Lighting Build
[2020.01.01-18.36.24:116][  0]LogWorld: UWorld::CleanupWorld for Untitled, bSessionEnded=true, bCleanupResources=true
[2020.01.01-18.36.24:116][  0]MapCheck: New page: Map Check
[2020.01.01-18.36.24:116][  0]LightingResults: New page: Lighting Build
[2020.01.01-18.36.24:142][  0]LogUObjectHash: Compacting FUObjectHashTables data took   1.56ms
[2020.01.01-18.36.24:270][  0]LogAIModule: Creating AISystem for world MainMenu
[2020.01.01-18.36.24:271][  0]LogEditorServer: Finished looking for orphan Actors (0.000 secs)
[2020.01.01-18.36.24:296][  0]LogUObjectHash: Compacting FUObjectHashTables data took   1.93ms
[2020.01.01-18.36.24:296][  0]Cmd: MAP CHECKDEP NOCLEARLOG
[2020.01.01-18.36.24:297][  0]MapCheck: Map check complete: 0 Error(s), 0 Warning(s), took 0,196ms to complete.
[2020.01.01-18.36.24:297][  0]LogFileHelpers: Loading map 'MainMenu' took 0.183
[2020.01.01-18.36.24:418][  0]LogSlate: Updating window title bar state: overlay mode, drag disabled, window buttons hidden, title bar hidden
[2020.01.01-18.36.24:426][  0]LogSlate: Updating window title bar state: overlay mode, drag disabled, window buttons hidden, title bar hidden
[2020.01.01-18.36.24:434][  0]LogSlate: Updating window title bar state: overlay mode, drag disabled, window buttons hidden, title bar hidden
[2020.01.01-18.36.24:441][  0]LogSlate: Updating window title bar state: overlay mode, drag disabled, window buttons hidden, title bar hidden
[2020.01.01-18.36.24:446][  0]LogCollectionManager: Loaded 0 collections in 0.000986 seconds
[2020.01.01-18.36.24:450][  0]LogFileCache: Scanning file cache for directory 'C:/Users/Guillem/Desktop/Project/ProjectSangonaera/Sangonera/Saved/Collections/' took 0.00s
[2020.01.01-18.36.24:450][  0]LogFileCache: Scanning file cache for directory 'C:/Users/Guillem/Desktop/Project/ProjectSangonaera/Sangonera/Content/Developers/Guillem/Collections/' took 0.00s
[2020.01.01-18.36.24:450][  0]LogFileCache: Scanning file cache for directory 'C:/Users/Guillem/Desktop/Project/ProjectSangonaera/Sangonera/Content/Collections/' took 0.00s
[2020.01.01-18.36.24:450][  0]LogCollectionManager: Rebuilt the GUID cache for 0 collections in 0.000002 seconds
[2020.01.01-18.36.24:460][  0]LogContentBrowser: Native class hierarchy populated in 0.0098 seconds. Added 2900 classes and 687 folders.
[2020.01.01-18.36.24:465][  0]LogContentBrowser: Native class hierarchy updated for 'WidgetCarousel' in 0.0002 seconds. Added 0 classes and 0 folders.
[2020.01.01-18.36.24:526][  0]LogContentBrowser: Native class hierarchy updated for 'AddContentDialog' in 0.0002 seconds. Added 0 classes and 0 folders.
[2020.01.01-18.36.24:532][  0]LogContentBrowser: Native class hierarchy updated for 'SceneOutliner' in 0.0003 seconds. Added 1 classes and 2 folders.
[2020.01.01-18.36.24:566][  0]LogSlate: Took 0.000485 seconds to synchronously load lazily loaded font '../../../Engine/Content/Slate/Fonts/Roboto-Regular.ttf' (155K)
[2020.01.01-18.36.24:569][  0]LogSlate: Took 0.000352 seconds to synchronously load lazily loaded font '../../../Engine/Content/Slate/Fonts/Roboto-Bold.ttf' (160K)
[2020.01.01-18.36.24:573][  0]LogSlate: Took 0.000275 seconds to synchronously load lazily loaded font '../../../Engine/Content/Editor/Slate/Fonts/FontAwesome.ttf' (139K)
[2020.01.01-18.36.24:653][  0]LogRenderer: Reallocating scene render targets to support 1208x572 Format 10 NumSamples 1 (Frame:1).
[2020.01.01-18.36.24:796][  0]LogContentBrowser: Native class hierarchy updated for 'HierarchicalLODOutliner' in 0.0008 seconds. Added 0 classes and 0 folders.
[2020.01.01-18.36.24:796][  0]LogLoad: (Engine Initialization) Total time: 8.25 seconds
[2020.01.01-18.36.24:796][  0]LogLoad: (Engine Initialization) Total Blueprint compile time: 0.00 seconds
[2020.01.01-18.36.24:871][  0]LogContentStreaming: Texture pool size now 1000 MB
[2020.01.01-18.36.24:909][  0]LogSlate: Took 0.000259 seconds to synchronously load lazily loaded font '../../../Engine/Content/Slate/Fonts/Roboto-Light.ttf' (167K)
[2020.01.01-18.36.24:935][  1]LogAssetRegistry: Asset discovery search completed in 4.4754 seconds
[2020.01.01-18.36.24:940][  1]LogCollectionManager: Rebuilt the object cache for 0 collections in 0.000006 seconds (found 0 objects)
[2020.01.01-18.36.24:940][  1]LogCollectionManager: Fixed up redirectors for 0 collections in 0.000120 seconds (updated 0 objects)
[2020.01.01-18.36.27:895][176]LogSlate: FSceneViewport::OnFocusLost() reason 0
